17:50:17.470 [main                     ] DEBUG Logger               - Configured Logger
17:50:17.489 [main                     ] DEBUG GameApplication      - Logging settings
Title: Platformer Game
Version: 0.0
Width: 960
Height: 640
Fullscreen: false
Intro: false
Profiling: false
Single step:false
App Mode: DEVELOPER
Menu Key: ESCAPE
Stage Style: DECORATED
Scene Factory: class com.almasb.fxgl.app.scene.SceneFactory

17:50:17.777 [JavaFX Application Thread] DEBUG FXGLApplication      - Initializing FXGL
17:50:17.782 [JavaFX Application Thread] INFO  Engine               - FXGL-17.1 (24.03.2022 17.34) on WINDOWS (J:19.0.2 FX:18)
17:50:17.782 [JavaFX Application Thread] DEBUG Engine               - JRE Vendor Name: Oracle Corporation
17:50:17.782 [JavaFX Application Thread] DEBUG Engine               - Running on OS: Windows 10 version 10.0
17:50:17.782 [JavaFX Application Thread] DEBUG Engine               - Architecture: amd64
17:50:17.783 [JavaFX Application Thread] INFO  Engine               - Source code and latest versions at: https://github.com/AlmasB/FXGL
17:50:17.783 [JavaFX Application Thread] INFO  Engine               -       Ask questions and discuss at: https://github.com/AlmasB/FXGL/discussions
17:50:17.783 [JavaFX Application Thread] INFO  Engine               -              Join the FXGL chat at: https://gitter.im/AlmasB/FXGL
17:50:17.886 [JavaFX Application Thread] DEBUG PrimaryStageWindow   - Creating a JavaFX scene
17:50:17.935 [JavaFX Application Thread] DEBUG PrimaryStageWindow   - Target settings size: 960.0 x 640.0
17:50:17.935 [JavaFX Application Thread] DEBUG PrimaryStageWindow   - Scaled scene size:    960.0 x 640.0
17:50:17.935 [JavaFX Application Thread] DEBUG PrimaryStageWindow   - Scaled ratio: (1.0, 1.0)
17:50:17.936 [JavaFX Application Thread] DEBUG PrimaryStageWindow   - Set initial scene to FXGLStartupScene
17:50:17.944 [JavaFX Application Thread] DEBUG PrimaryStageWindow   - Opening main window
17:50:18.022 [JavaFX Application Thread] DEBUG PrimaryStageWindow   - Window border size: (14.66668701171875, 37.33331298828125)
17:50:18.022 [JavaFX Application Thread] DEBUG PrimaryStageWindow   - Scaled size: 960.0 x 640.0
17:50:18.022 [JavaFX Application Thread] DEBUG PrimaryStageWindow   - Scaled ratio: (1.0, 1.0)
17:50:18.022 [JavaFX Application Thread] DEBUG PrimaryStageWindow   - Scene size: 960.0 x 640.0
17:50:18.023 [JavaFX Application Thread] DEBUG PrimaryStageWindow   - Stage size: 974.6666870117188 x 677.3333129882812
17:50:18.029 [FXGL Background Thread 1 ] DEBUG Engine               - Initializing environment variables
17:50:18.078 [FXGL Background Thread 1 ] DEBUG FXGLAssetLoaderServi - User app class for loading assets: class org.example.PlatformerGame
17:50:18.078 [FXGL Background Thread 1 ] DEBUG GameApplicationServi - Applying CSS: fxgl_dark.css
17:50:18.079 [FXGL Background Thread 1 ] DEBUG FXGLAssetLoaderServi - Loading from file system: jar:file:/C:/Users/Administrator/.m2/repository/com/github/almasb/fxgl/17.1/fxgl-17.1.jar!/fxglassets/ui/css/fxgl_dark.css
17:50:18.121 [FXGL Background Thread 1 ] DEBUG GameApplicationServi - Initializing application scenes
17:50:18.158 [FXGL Background Thread 1 ] DEBUG GameWorld            - Game world initialized
17:50:18.216 [FXGL Background Thread 1 ] DEBUG PhysicsWorld         - Physics world initialized: appHeight=640, physics.ppm=50.0
17:50:18.217 [FXGL Background Thread 1 ] DEBUG PhysicsWorld         - Using strategy: BRUTE_FORCE
17:50:18.220 [FXGL Background Thread 1 ] DEBUG GameScene            - Game scene initialized: 960x640
17:50:18.230 [FXGL Background Thread 1 ] DEBUG FXGL.DefaultMenu     - createMenuBodyGameMenu()
17:50:18.243 [FXGL Background Thread 1 ] DEBUG FXGL.DefaultMenu     - createOptionsMenu()
17:50:18.254 [FXGL Background Thread 1 ] DEBUG FXGLAssetLoaderServi - Loading from file system: jar:file:/C:/Users/Administrator/.m2/repository/com/github/almasb/fxgl/17.1/fxgl-17.1.jar!/fxglassets/textures/particles/smoke.png
17:50:18.359 [FXGL Background Thread 1 ] DEBUG FXGLAssetLoaderServi - Loading from file system: jar:file:/C:/Users/Administrator/.m2/repository/com/github/almasb/fxgl/17.1/fxgl-17.1.jar!/fxglassets/textures/particles/trace_horizontal.png
17:50:18.393 [FXGL Background Thread 1 ] DEBUG GameApplicationServi - Application scenes initialized
17:50:18.404 [FXGL Background Thread 1 ] DEBUG SystemBundleService  - Loading FXGL system data
17:50:18.407 [FXGL Background Thread 1 ] DEBUG FileSystemAccess     - Reading from: C:\PlatformerGame\system\fxgl.bundle
17:50:18.415 [FXGL Background Thread 1 ] DEBUG SystemBundleService  - Bundle FXGL: {}
17:50:18.416 [FXGL Background Thread 1 ] DEBUG UpdaterService       - Checking for updates
17:50:18.419 [FXGL Background Thread 4 ] DEBUG FXGLApplication      - Loading fonts
17:50:18.420 [FXGL Background Thread 1 ] DEBUG FXGLApplication      - Loading default localization
17:50:18.420 [FXGL Background Thread 4 ] DEBUG FXGLAssetLoaderServi - Loading from file system: jar:file:/C:/Users/Administrator/.m2/repository/com/github/almasb/fxgl/17.1/fxgl-17.1.jar!/fxglassets/ui/fonts/VarelaRound-Regular.ttf
17:50:18.420 [FXGL Background Thread 1 ] DEBUG FXGLAssetLoaderServi - Loading from file system: jar:file:/C:/Users/Administrator/.m2/repository/com/github/almasb/fxgl/17.1/fxgl-17.1.jar!/fxglassets/languages/english.lang
17:50:18.436 [FXGL Background Thread 1 ] INFO  FXGLApplication      - FXGL initialization took: 0.408 sec
17:50:18.438 [JavaFX Application Thread] DEBUG FXGLAssetLoaderServi - Loading from file system: jar:file:/C:/Users/Administrator/.m2/repository/com/github/almasb/fxgl/17.1/fxgl-17.1.jar!/fxglassets/textures/fxgl_icon.png
17:50:18.456 [JavaFX Application Thread] DEBUG FXGLAssetLoaderServi - Loading from file system: jar:file:/C:/Users/Administrator/.m2/repository/com/github/almasb/fxgl/17.1/fxgl-17.1.jar!/fxglassets/textures/fxgl_default_cursor.png
17:50:18.467 [JavaFX Application Thread] DEBUG Input                - Registered new binding: Screenshot - CTRL+8
17:50:18.467 [JavaFX Application Thread] DEBUG Input                - Registered new binding: System info dump - CTRL+9
17:50:18.467 [JavaFX Application Thread] DEBUG Input                - Registered new binding: Restart - CTRL+R
17:50:18.468 [JavaFX Application Thread] DEBUG Input                - Registered new binding: Toggle Debug Camera - CTRL+7
17:50:18.469 [JavaFX Application Thread] DEBUG LoopRunner           - Starting loop
17:50:18.469 [FXGL Background Thread 4 ] DEBUG FXGLAssetLoaderServi - Loading from file system: jar:file:/C:/Users/Administrator/.m2/repository/com/github/almasb/fxgl/17.1/fxgl-17.1.jar!/fxglassets/ui/fonts/Abel-Regular.ttf
17:50:18.469 [JavaFX Application Thread] DEBUG LoopRunner           - Initializing JavaFX AnimationTimerLoop
17:50:18.471 [JavaFX Application Thread] DEBUG GameApplicationServi - Starting new game
17:50:18.471 [JavaFX Application Thread] DEBUG Input                - Clearing active input actions
17:50:18.480 [FXGL Background Thread 4 ] DEBUG FXGLAssetLoaderServi - Loading from file system: jar:file:/C:/Users/Administrator/.m2/repository/com/github/almasb/fxgl/17.1/fxgl-17.1.jar!/fxglassets/ui/fonts/TerminalLandMono-Regular.otf
17:50:18.481 [JavaFX Application Thread] DEBUG GameApplicationServi - Removing overlay from FXGLStartupScene and adding to FXGLLoadingScene
17:50:18.481 [JavaFX Application Thread] DEBUG PrimaryStageWindow   - FXGLStartupScene -> FXGLLoadingScene
17:50:18.481 [JavaFX Application Thread] DEBUG GameApplicationServi - Clearing previous game
17:50:18.481 [JavaFX Application Thread] DEBUG GameScene            - Clearing game scene
17:50:18.481 [JavaFX Application Thread] DEBUG GameWorld            - Clearing game world
17:50:18.481 [JavaFX Application Thread] DEBUG PhysicsWorld         - Clearing physics world
17:50:18.483 [FXGL Background Thread 1 ] DEBUG FXGLApplication      - Initializing game
17:50:18.493 [FXGL Background Thread 4 ] DEBUG FXGLAssetLoaderServi - Loading from file system: jar:file:/C:/Users/Administrator/.m2/repository/com/github/almasb/fxgl/17.1/fxgl-17.1.jar!/fxglassets/ui/fonts/Courier-Prime.ttf
17:50:18.520 [FXGL Background Thread 1 ] WARN  TMXLevelLoader       - TiledMap generated from 1.10.1. Supported version: 1.4.2. Some features may not be parsed fully.
17:50:18.526 [JavaFX Application Thread] DEBUG FXGLApplication      - Registering font factories with UI factory
17:50:18.528 [FXGL Background Thread 1 ] DEBUG TMXLevelLoader       - Parsed TiledMap: file:/C:/PlatformerGame/target/classes/assets/levels/untitled.tmx
17:50:18.530 [FXGL Background Thread 1 ] DEBUG TMXLevelLoader       - Creating tile layer entities
17:50:18.532 [FXGL Background Thread 1 ] DEBUG TilesetLoader        - Loading view for layer Tile Layer 1
17:50:18.538 [FXGL Background Thread 1 ] DEBUG TilesetLoader        - Created buffer with size 1600.0x960.0
17:50:18.540 [FXGL Background Thread 1 ] WARN  TMXLevelLoader       - Parse error
java.lang.IllegalArgumentException: Tileset for gid=45 not found
	at com.almasb.fxgl.entity.level.tiled.TilesetLoader.findTileset(TilesetLoader.kt:390)
	at com.almasb.fxgl.entity.level.tiled.TilesetLoader.loadView(TilesetLoader.kt:116)
	at com.almasb.fxgl.entity.level.tiled.TMXLevelLoader.createTileLayerEntities$lambda-4(TMXLevelLoader.kt:100)
	at java.base/java.util.stream.ReferencePipeline$3$1.accept(ReferencePipeline.java:197)
	at java.base/java.util.ArrayList$ArrayListSpliterator.forEachRemaining(ArrayList.java:1625)
	at java.base/java.util.stream.AbstractPipeline.copyInto(AbstractPipeline.java:509)
	at java.base/java.util.stream.AbstractPipeline.wrapAndCopyInto(AbstractPipeline.java:499)
	at java.base/java.util.stream.ReduceOps$ReduceOp.evaluateSequential(ReduceOps.java:921)
	at java.base/java.util.stream.AbstractPipeline.evaluate(AbstractPipeline.java:234)
	at java.base/java.util.stream.ReferencePipeline.collect(ReferencePipeline.java:682)
	at com.almasb.fxgl.entity.level.tiled.TMXLevelLoader.createTileLayerEntities(TMXLevelLoader.kt:117)
	at com.almasb.fxgl.entity.level.tiled.TMXLevelLoader.load(TMXLevelLoader.kt:58)
	at com.almasb.fxgl.app.services.FXGLAssetLoaderService.loadLevel(FXGLAssetLoaderService.kt:446)
	at com.almasb.fxgl.dsl.FXGL$Companion.setLevelFromMap(FXGL.kt:634)
	at com.almasb.fxgl.dsl.FXGL.setLevelFromMap(FXGL.kt)
	at org.example.PlatformerGame.initGame(PlatformerGame.java:11)
	at com.almasb.fxgl.app.FXGLApplication$InitAppTask.initGame(FXGLApplication.kt:339)
	at com.almasb.fxgl.app.FXGLApplication$InitAppTask.call(FXGLApplication.kt:319)
	at com.almasb.fxgl.app.FXGLApplication$InitAppTask.call(FXGLApplication.kt:311)
	at javafx.concurrent.Task$TaskCallable.call(Task.java:1426)
	at java.base/java.util.concurrent.FutureTask.run(FutureTask.java:317)
	at java.base/java.util.concurrent.Executors$RunnableAdapter.call(Executors.java:577)
	at java.base/java.util.concurrent.FutureTask.run(FutureTask.java:317)
	at java.base/java.util.concurrent.ThreadPoolExecutor.runWorker(ThreadPoolExecutor.java:1144)
	at java.base/java.util.concurrent.ThreadPoolExecutor$Worker.run(ThreadPoolExecutor.java:642)
	at java.base/java.lang.Thread.run(Thread.java:1589)

17:50:18.600 [JavaFX Application Thread] DEBUG LoopRunner           - Stopping loop
17:50:18.600 [JavaFX Application Thread] FATAL FXGLApplication      - Uncaught Exception:
java.lang.RuntimeException: Initialization failed
	at com.almasb.fxgl.app.FXGLApplication$InitAppTask.failed(FXGLApplication.kt:343)
	at javafx.concurrent.Task.setState(Task.java:710)
	at javafx.concurrent.Task$TaskCallable.lambda$call$2(Task.java:1456)
	at com.sun.javafx.application.PlatformImpl.lambda$runLater$10(PlatformImpl.java:457)
	at java.base/java.security.AccessController.doPrivileged(AccessController.java:399)
	at com.sun.javafx.application.PlatformImpl.lambda$runLater$11(PlatformImpl.java:456)
	at com.sun.glass.ui.InvokeLaterDispatcher$Future.run(InvokeLaterDispatcher.java:96)
	at com.sun.glass.ui.win.WinApplication._runLoop(Native Method)
	at com.sun.glass.ui.win.WinApplication.lambda$runLoop$3(WinApplication.java:184)
	at java.base/java.lang.Thread.run(Thread.java:1589)
Caused by: com.almasb.fxgl.entity.level.LevelLoadingException: Tileset for gid=45 not found
	at com.almasb.fxgl.entity.level.tiled.TMXLevelLoader.load(TMXLevelLoader.kt:78)
	at com.almasb.fxgl.app.services.FXGLAssetLoaderService.loadLevel(FXGLAssetLoaderService.kt:446)
	at com.almasb.fxgl.dsl.FXGL$Companion.setLevelFromMap(FXGL.kt:634)
	at com.almasb.fxgl.dsl.FXGL.setLevelFromMap(FXGL.kt)
	at org.example.PlatformerGame.initGame(PlatformerGame.java:11)
	at com.almasb.fxgl.app.FXGLApplication$InitAppTask.initGame(FXGLApplication.kt:339)
	at com.almasb.fxgl.app.FXGLApplication$InitAppTask.call(FXGLApplication.kt:319)
	at com.almasb.fxgl.app.FXGLApplication$InitAppTask.call(FXGLApplication.kt:311)
	at javafx.concurrent.Task$TaskCallable.call(Task.java:1426)
	at java.base/java.util.concurrent.FutureTask.run(FutureTask.java:317)
	at java.base/java.util.concurrent.Executors$RunnableAdapter.call(Executors.java:577)
	at java.base/java.util.concurrent.FutureTask.run(FutureTask.java:317)
	at java.base/java.util.concurrent.ThreadPoolExecutor.runWorker(ThreadPoolExecutor.java:1144)
	at java.base/java.util.concurrent.ThreadPoolExecutor$Worker.run(ThreadPoolExecutor.java:642)
	... 1 more
Caused by: java.lang.IllegalArgumentException: Tileset for gid=45 not found
	at com.almasb.fxgl.entity.level.tiled.TilesetLoader.findTileset(TilesetLoader.kt:390)
	at com.almasb.fxgl.entity.level.tiled.TilesetLoader.loadView(TilesetLoader.kt:116)
	at com.almasb.fxgl.entity.level.tiled.TMXLevelLoader.createTileLayerEntities$lambda-4(TMXLevelLoader.kt:100)
	at java.base/java.util.stream.ReferencePipeline$3$1.accept(ReferencePipeline.java:197)
	at java.base/java.util.ArrayList$ArrayListSpliterator.forEachRemaining(ArrayList.java:1625)
	at java.base/java.util.stream.AbstractPipeline.copyInto(AbstractPipeline.java:509)
	at java.base/java.util.stream.AbstractPipeline.wrapAndCopyInto(AbstractPipeline.java:499)
	at java.base/java.util.stream.ReduceOps$ReduceOp.evaluateSequential(ReduceOps.java:921)
	at java.base/java.util.stream.AbstractPipeline.evaluate(AbstractPipeline.java:234)
	at java.base/java.util.stream.ReferencePipeline.collect(ReferencePipeline.java:682)
	at com.almasb.fxgl.entity.level.tiled.TMXLevelLoader.createTileLayerEntities(TMXLevelLoader.kt:117)
	at com.almasb.fxgl.entity.level.tiled.TMXLevelLoader.load(TMXLevelLoader.kt:58)
	... 14 more

17:50:18.600 [JavaFX Application Thread] FATAL FXGLApplication      - Application will now exit
17:50:18.619 [JavaFX Application Thread] DEBUG PrimaryStageWindow   - Push state: ErrorSubScene
17:50:18.619 [JavaFX Application Thread] DEBUG Input                - Clearing active input actions
17:50:18.626 [JavaFX Application Thread] DEBUG GameApplicationServi - Removing overlay from FXGLLoadingScene and adding to ErrorSubScene
17:50:18.627 [JavaFX Application Thread] DEBUG PrimaryStageWindow   - FXGLLoadingScene -> ErrorSubScene
17:50:18.780 [FXGL Background Thread 2 ] INFO  UpdaterService       - Your current version:  17.1
17:50:18.780 [FXGL Background Thread 2 ] INFO  UpdaterService       - Latest stable version: 17.3
17:50:20.069 [JavaFX Application Thread] DEBUG FXGLApplication      - Exiting FXGL
17:50:20.069 [JavaFX Application Thread] DEBUG Async                - Shutting down background threads
17:50:20.069 [JavaFX Application Thread] DEBUG PrimaryStageWindow   - Closing main window
17:50:20.078 [JavaFX Application Thread] DEBUG Logger               - Closing Logger
