18:06:35.287 [main                     ] DEBUG Logger               - Configured Logger
18:06:35.308 [main                     ] DEBUG GameApplication      - Logging settings
Title: Platformer Game
Version: 0.0
Width: 960
Height: 640
Fullscreen: false
Intro: false
Profiling: false
Single step:false
App Mode: DEVELOPER
Menu Key: ESCAPE
Stage Style: DECORATED
Scene Factory: class com.almasb.fxgl.app.scene.SceneFactory

18:06:35.610 [JavaFX Application Thread] DEBUG FXGLApplication      - Initializing FXGL
18:06:35.614 [JavaFX Application Thread] INFO  Engine               - FXGL-17.1 (24.03.2022 17.34) on WINDOWS (J:19.0.2 FX:18)
18:06:35.614 [JavaFX Application Thread] DEBUG Engine               - JRE Vendor Name: Oracle Corporation
18:06:35.614 [JavaFX Application Thread] DEBUG Engine               - Running on OS: Windows 10 version 10.0
18:06:35.614 [JavaFX Application Thread] DEBUG Engine               - Architecture: amd64
18:06:35.614 [JavaFX Application Thread] INFO  Engine               - Source code and latest versions at: https://github.com/AlmasB/FXGL
18:06:35.614 [JavaFX Application Thread] INFO  Engine               -       Ask questions and discuss at: https://github.com/AlmasB/FXGL/discussions
18:06:35.614 [JavaFX Application Thread] INFO  Engine               -              Join the FXGL chat at: https://gitter.im/AlmasB/FXGL
18:06:35.713 [JavaFX Application Thread] DEBUG PrimaryStageWindow   - Creating a JavaFX scene
18:06:35.758 [JavaFX Application Thread] DEBUG PrimaryStageWindow   - Target settings size: 960.0 x 640.0
18:06:35.759 [JavaFX Application Thread] DEBUG PrimaryStageWindow   - Scaled scene size:    960.0 x 640.0
18:06:35.759 [JavaFX Application Thread] DEBUG PrimaryStageWindow   - Scaled ratio: (1.0, 1.0)
18:06:35.760 [JavaFX Application Thread] DEBUG PrimaryStageWindow   - Set initial scene to FXGLStartupScene
18:06:35.769 [JavaFX Application Thread] DEBUG PrimaryStageWindow   - Opening main window
18:06:35.838 [JavaFX Application Thread] DEBUG PrimaryStageWindow   - Window border size: (14.66668701171875, 37.33331298828125)
18:06:35.838 [JavaFX Application Thread] DEBUG PrimaryStageWindow   - Scaled size: 960.0 x 640.0
18:06:35.838 [JavaFX Application Thread] DEBUG PrimaryStageWindow   - Scaled ratio: (1.0, 1.0)
18:06:35.838 [JavaFX Application Thread] DEBUG PrimaryStageWindow   - Scene size: 960.0 x 640.0
18:06:35.838 [JavaFX Application Thread] DEBUG PrimaryStageWindow   - Stage size: 974.6666870117188 x 677.3333129882812
18:06:35.845 [FXGL Background Thread 1 ] DEBUG Engine               - Initializing environment variables
18:06:35.893 [FXGL Background Thread 1 ] DEBUG FXGLAssetLoaderServi - User app class for loading assets: class org.example.PlatformerGame
18:06:35.893 [FXGL Background Thread 1 ] DEBUG GameApplicationServi - Applying CSS: fxgl_dark.css
18:06:35.895 [FXGL Background Thread 1 ] DEBUG FXGLAssetLoaderServi - Loading from file system: jar:file:/C:/Users/Administrator/.m2/repository/com/github/almasb/fxgl/17.1/fxgl-17.1.jar!/fxglassets/ui/css/fxgl_dark.css
18:06:35.935 [FXGL Background Thread 1 ] DEBUG GameApplicationServi - Initializing application scenes
18:06:35.971 [FXGL Background Thread 1 ] DEBUG GameWorld            - Game world initialized
18:06:36.028 [FXGL Background Thread 1 ] DEBUG PhysicsWorld         - Physics world initialized: appHeight=640, physics.ppm=50.0
18:06:36.028 [FXGL Background Thread 1 ] DEBUG PhysicsWorld         - Using strategy: BRUTE_FORCE
18:06:36.033 [FXGL Background Thread 1 ] DEBUG GameScene            - Game scene initialized: 960x640
18:06:36.043 [FXGL Background Thread 1 ] DEBUG FXGL.DefaultMenu     - createMenuBodyGameMenu()
18:06:36.058 [FXGL Background Thread 1 ] DEBUG FXGL.DefaultMenu     - createOptionsMenu()
18:06:36.070 [FXGL Background Thread 1 ] DEBUG FXGLAssetLoaderServi - Loading from file system: jar:file:/C:/Users/Administrator/.m2/repository/com/github/almasb/fxgl/17.1/fxgl-17.1.jar!/fxglassets/textures/particles/smoke.png
18:06:36.175 [FXGL Background Thread 1 ] DEBUG FXGLAssetLoaderServi - Loading from file system: jar:file:/C:/Users/Administrator/.m2/repository/com/github/almasb/fxgl/17.1/fxgl-17.1.jar!/fxglassets/textures/particles/trace_horizontal.png
18:06:36.206 [FXGL Background Thread 1 ] DEBUG GameApplicationServi - Application scenes initialized
18:06:36.218 [FXGL Background Thread 1 ] DEBUG SystemBundleService  - Loading FXGL system data
18:06:36.222 [FXGL Background Thread 1 ] DEBUG FileSystemAccess     - Reading from: C:\PlatformerGame\system\fxgl.bundle
18:06:36.231 [FXGL Background Thread 1 ] DEBUG SystemBundleService  - Bundle FXGL: {}
18:06:36.231 [FXGL Background Thread 1 ] DEBUG UpdaterService       - Checking for updates
18:06:36.235 [FXGL Background Thread 4 ] DEBUG FXGLApplication      - Loading fonts
18:06:36.235 [FXGL Background Thread 4 ] DEBUG FXGLAssetLoaderServi - Loading from file system: jar:file:/C:/Users/Administrator/.m2/repository/com/github/almasb/fxgl/17.1/fxgl-17.1.jar!/fxglassets/ui/fonts/VarelaRound-Regular.ttf
18:06:36.236 [FXGL Background Thread 1 ] DEBUG FXGLApplication      - Loading default localization
18:06:36.236 [FXGL Background Thread 1 ] DEBUG FXGLAssetLoaderServi - Loading from file system: jar:file:/C:/Users/Administrator/.m2/repository/com/github/almasb/fxgl/17.1/fxgl-17.1.jar!/fxglassets/languages/english.lang
18:06:36.254 [FXGL Background Thread 1 ] INFO  FXGLApplication      - FXGL initialization took: 0.408 sec
18:06:36.255 [JavaFX Application Thread] DEBUG FXGLAssetLoaderServi - Loading from file system: jar:file:/C:/Users/Administrator/.m2/repository/com/github/almasb/fxgl/17.1/fxgl-17.1.jar!/fxglassets/textures/fxgl_icon.png
18:06:36.275 [JavaFX Application Thread] DEBUG FXGLAssetLoaderServi - Loading from file system: jar:file:/C:/Users/Administrator/.m2/repository/com/github/almasb/fxgl/17.1/fxgl-17.1.jar!/fxglassets/textures/fxgl_default_cursor.png
18:06:36.288 [JavaFX Application Thread] DEBUG Input                - Registered new binding: Screenshot - CTRL+8
18:06:36.288 [JavaFX Application Thread] DEBUG Input                - Registered new binding: System info dump - CTRL+9
18:06:36.289 [JavaFX Application Thread] DEBUG Input                - Registered new binding: Restart - CTRL+R
18:06:36.289 [JavaFX Application Thread] DEBUG Input                - Registered new binding: Toggle Debug Camera - CTRL+7
18:06:36.291 [JavaFX Application Thread] DEBUG LoopRunner           - Starting loop
18:06:36.291 [JavaFX Application Thread] DEBUG LoopRunner           - Initializing JavaFX AnimationTimerLoop
18:06:36.293 [JavaFX Application Thread] DEBUG GameApplicationServi - Starting new game
18:06:36.293 [JavaFX Application Thread] DEBUG Input                - Clearing active input actions
18:06:36.306 [JavaFX Application Thread] DEBUG GameApplicationServi - Removing overlay from FXGLStartupScene and adding to FXGLLoadingScene
18:06:36.306 [JavaFX Application Thread] DEBUG PrimaryStageWindow   - FXGLStartupScene -> FXGLLoadingScene
18:06:36.306 [JavaFX Application Thread] DEBUG GameApplicationServi - Clearing previous game
18:06:36.306 [JavaFX Application Thread] DEBUG GameScene            - Clearing game scene
18:06:36.306 [JavaFX Application Thread] DEBUG GameWorld            - Clearing game world
18:06:36.306 [JavaFX Application Thread] DEBUG PhysicsWorld         - Clearing physics world
18:06:36.308 [FXGL Background Thread 1 ] DEBUG FXGLApplication      - Initializing game
18:06:36.323 [FXGL Background Thread 4 ] DEBUG FXGLAssetLoaderServi - Loading from file system: jar:file:/C:/Users/Administrator/.m2/repository/com/github/almasb/fxgl/17.1/fxgl-17.1.jar!/fxglassets/ui/fonts/Abel-Regular.ttf
18:06:36.339 [FXGL Background Thread 4 ] DEBUG FXGLAssetLoaderServi - Loading from file system: jar:file:/C:/Users/Administrator/.m2/repository/com/github/almasb/fxgl/17.1/fxgl-17.1.jar!/fxglassets/ui/fonts/TerminalLandMono-Regular.otf
18:06:36.353 [FXGL Background Thread 4 ] DEBUG FXGLAssetLoaderServi - Loading from file system: jar:file:/C:/Users/Administrator/.m2/repository/com/github/almasb/fxgl/17.1/fxgl-17.1.jar!/fxglassets/ui/fonts/Courier-Prime.ttf
18:06:36.358 [FXGL Background Thread 1 ] WARN  TMXLevelLoader       - TiledMap generated from 1.10.1. Supported version: 1.4.2. Some features may not be parsed fully.
18:06:36.367 [FXGL Background Thread 1 ] DEBUG TMXLevelLoader       - Parsed TiledMap: file:/C:/PlatformerGame/target/classes/assets/levels/yes.tmx
18:06:36.368 [FXGL Background Thread 1 ] DEBUG TMXLevelLoader       - Creating tile layer entities
18:06:36.370 [FXGL Background Thread 1 ] DEBUG TilesetLoader        - Loading view for layer Tile Layer 1
18:06:36.375 [FXGL Background Thread 1 ] DEBUG TilesetLoader        - Created buffer with size 960.0x640.0
18:06:36.407 [FXGL Background Thread 1 ] DEBUG TilesetLoader        - Loading view for layer Tile Layer 2
18:06:36.408 [FXGL Background Thread 1 ] DEBUG TilesetLoader        - Created buffer with size 960.0x640.0
18:06:36.410 [FXGL Background Thread 1 ] DEBUG TMXLevelLoader       - Creating object layer entities
18:06:36.423 [FXGL Background Thread 1 ] DEBUG GameWorld            - Clearing removable entities
18:06:36.424 [FXGL Background Thread 1 ] DEBUG GameWorld            - Setting level: com.almasb.fxgl.entity.level.Level@32dd322f
18:06:36.428 [FXGL Background Thread 1 ] DEBUG FXGLAssetLoaderServi - Loading from file system: file:/C:/PlatformerGame/target/classes/assets/textures/background/forest.png
18:06:36.441 [FXGL Background Thread 1 ] DEBUG FXGLAssetLoaderServi - Loading from file system: file:/C:/PlatformerGame/target/classes/assets/textures/player.png
18:06:36.457 [FXGL Background Thread 1 ] INFO  FXGLApplication      - Game initialization took: 0.150 sec
18:06:36.473 [JavaFX Application Thread] DEBUG FXGLApplication      - Registering font factories with UI factory
18:06:36.476 [JavaFX Application Thread] DEBUG Input                - Clearing active input actions
18:06:36.483 [JavaFX Application Thread] DEBUG GameApplicationServi - Removing overlay from FXGLLoadingScene and adding to GameScene
18:06:36.484 [JavaFX Application Thread] DEBUG PrimaryStageWindow   - FXGLLoadingScene -> GameScene
18:06:36.755 [FXGL Background Thread 2 ] INFO  UpdaterService       - Your current version:  17.1
18:06:36.755 [FXGL Background Thread 2 ] INFO  UpdaterService       - Latest stable version: 17.3
18:06:38.388 [JavaFX Application Thread] DEBUG FXGLApplication      - Exiting FXGL
18:06:38.388 [JavaFX Application Thread] DEBUG LoopRunner           - Stopping loop
18:06:38.388 [JavaFX Application Thread] DEBUG SystemBundleService  - Saving FXGL system data
18:06:38.392 [JavaFX Application Thread] DEBUG FileSystemAccess     - Writing to: C:\PlatformerGame\system\fxgl.bundle
18:06:38.394 [JavaFX Application Thread] DEBUG Async                - Shutting down background threads
18:06:38.394 [JavaFX Application Thread] DEBUG PrimaryStageWindow   - Closing main window
18:06:38.403 [JavaFX Application Thread] DEBUG Logger               - Closing Logger
