20:48:41.763 [main                     ] DEBUG Logger               - Configured Logger
20:48:41.821 [main                     ] DEBUG GameApplication      - Logging settings
Title: Platformer Game
Version: 0.0
Width: 960
Height: 640
Fullscreen: false
Intro: false
Profiling: false
Single step:false
App Mode: DEVELOPER
Menu Key: ESCAPE
Stage Style: DECORATED
Scene Factory: class com.almasb.fxgl.app.scene.SceneFactory

20:48:42.504 [JavaFX Application Thread] DEBUG FXGLApplication      - Initializing FXGL
20:48:42.512 [JavaFX Application Thread] INFO  Engine               - FXGL-17.1 (24.03.2022 17.34) on WINDOWS (J:19.0.2 FX:18)
20:48:42.513 [JavaFX Application Thread] DEBUG Engine               - JRE Vendor Name: Oracle Corporation
20:48:42.514 [JavaFX Application Thread] DEBUG Engine               - Running on OS: Windows 11 version 10.0
20:48:42.514 [JavaFX Application Thread] DEBUG Engine               - Architecture: amd64
20:48:42.514 [JavaFX Application Thread] INFO  Engine               - Source code and latest versions at: https://github.com/AlmasB/FXGL
20:48:42.514 [JavaFX Application Thread] INFO  Engine               -       Ask questions and discuss at: https://github.com/AlmasB/FXGL/discussions
20:48:42.515 [JavaFX Application Thread] INFO  Engine               -              Join the FXGL chat at: https://gitter.im/AlmasB/FXGL
20:48:42.728 [JavaFX Application Thread] DEBUG PrimaryStageWindow   - Creating a JavaFX scene
20:48:42.811 [JavaFX Application Thread] DEBUG PrimaryStageWindow   - Target settings size: 960.0 x 640.0
20:48:42.811 [JavaFX Application Thread] DEBUG PrimaryStageWindow   - Scaled scene size:    960.0 x 640.0
20:48:42.812 [JavaFX Application Thread] DEBUG PrimaryStageWindow   - Scaled ratio: (1.0, 1.0)
20:48:42.813 [JavaFX Application Thread] DEBUG PrimaryStageWindow   - Set initial scene to FXGLStartupScene
20:48:42.827 [JavaFX Application Thread] DEBUG PrimaryStageWindow   - Opening main window
20:48:42.978 [JavaFX Application Thread] DEBUG PrimaryStageWindow   - Window border size: (14.66668701171875, 37.33331298828125)
20:48:42.979 [JavaFX Application Thread] DEBUG PrimaryStageWindow   - Scaled size: 960.0 x 640.0
20:48:42.979 [JavaFX Application Thread] DEBUG PrimaryStageWindow   - Scaled ratio: (1.0, 1.0)
20:48:42.979 [JavaFX Application Thread] DEBUG PrimaryStageWindow   - Scene size: 960.0 x 640.0
20:48:42.980 [JavaFX Application Thread] DEBUG PrimaryStageWindow   - Stage size: 974.6666870117188 x 677.3333129882812
20:48:42.995 [FXGL Background Thread 1 ] DEBUG Engine               - Initializing environment variables
20:48:43.115 [FXGL Background Thread 1 ] DEBUG FXGLAssetLoaderServi - User app class for loading assets: class org.example.PlatformerGame
20:48:43.115 [FXGL Background Thread 1 ] DEBUG GameApplicationServi - Applying CSS: fxgl_dark.css
20:48:43.117 [FXGL Background Thread 1 ] DEBUG FXGLAssetLoaderServi - Loading from file system: jar:file:/C:/Users/drkre/.m2/repository/com/github/almasb/fxgl/17.1/fxgl-17.1.jar!/fxglassets/ui/css/fxgl_dark.css
20:48:43.202 [FXGL Background Thread 1 ] DEBUG GameApplicationServi - Initializing application scenes
20:48:43.305 [FXGL Background Thread 1 ] DEBUG GameWorld            - Game world initialized
20:48:43.462 [FXGL Background Thread 1 ] DEBUG PhysicsWorld         - Physics world initialized: appHeight=640, physics.ppm=50.0
20:48:43.463 [FXGL Background Thread 1 ] DEBUG PhysicsWorld         - Using strategy: BRUTE_FORCE
20:48:43.472 [FXGL Background Thread 1 ] DEBUG GameScene            - Game scene initialized: 960x640
20:48:43.507 [FXGL Background Thread 1 ] DEBUG FXGL.DefaultMenu     - createMenuBodyGameMenu()
20:48:43.546 [FXGL Background Thread 1 ] DEBUG FXGL.DefaultMenu     - createOptionsMenu()
20:48:43.592 [FXGL Background Thread 1 ] DEBUG FXGLAssetLoaderServi - Loading from file system: jar:file:/C:/Users/drkre/.m2/repository/com/github/almasb/fxgl/17.1/fxgl-17.1.jar!/fxglassets/textures/particles/smoke.png
20:48:43.863 [FXGL Background Thread 1 ] DEBUG FXGLAssetLoaderServi - Loading from file system: jar:file:/C:/Users/drkre/.m2/repository/com/github/almasb/fxgl/17.1/fxgl-17.1.jar!/fxglassets/textures/particles/trace_horizontal.png
20:48:43.927 [FXGL Background Thread 1 ] DEBUG GameApplicationServi - Application scenes initialized
20:48:43.957 [FXGL Background Thread 1 ] DEBUG SystemBundleService  - Loading FXGL system data
20:48:43.966 [FXGL Background Thread 1 ] DEBUG FileSystemAccess     - Reading from: C:\Users\drkre\IdeaProjects\PlatformerGame1\system\fxgl.bundle
20:48:43.983 [FXGL Background Thread 1 ] DEBUG SystemBundleService  - Bundle FXGL: {}
20:48:43.984 [FXGL Background Thread 1 ] DEBUG UpdaterService       - Checking for updates
20:48:43.991 [FXGL Background Thread 4 ] DEBUG FXGLApplication      - Loading fonts
20:48:43.992 [FXGL Background Thread 4 ] DEBUG FXGLAssetLoaderServi - Loading from file system: jar:file:/C:/Users/drkre/.m2/repository/com/github/almasb/fxgl/17.1/fxgl-17.1.jar!/fxglassets/ui/fonts/VarelaRound-Regular.ttf
20:48:43.993 [FXGL Background Thread 1 ] DEBUG FXGLApplication      - Loading default localization
20:48:43.994 [FXGL Background Thread 1 ] DEBUG FXGLAssetLoaderServi - Loading from file system: jar:file:/C:/Users/drkre/.m2/repository/com/github/almasb/fxgl/17.1/fxgl-17.1.jar!/fxglassets/languages/english.lang
20:48:44.050 [FXGL Background Thread 1 ] INFO  FXGLApplication      - FXGL initialization took: 1.055 sec
20:48:44.053 [JavaFX Application Thread] DEBUG FXGLAssetLoaderServi - Loading from file system: jar:file:/C:/Users/drkre/.m2/repository/com/github/almasb/fxgl/17.1/fxgl-17.1.jar!/fxglassets/textures/fxgl_icon.png
20:48:44.105 [JavaFX Application Thread] DEBUG FXGLAssetLoaderServi - Loading from file system: jar:file:/C:/Users/drkre/.m2/repository/com/github/almasb/fxgl/17.1/fxgl-17.1.jar!/fxglassets/textures/fxgl_default_cursor.png
20:48:44.117 [FXGL Background Thread 4 ] DEBUG FXGLAssetLoaderServi - Loading from file system: jar:file:/C:/Users/drkre/.m2/repository/com/github/almasb/fxgl/17.1/fxgl-17.1.jar!/fxglassets/ui/fonts/Abel-Regular.ttf
20:48:44.137 [JavaFX Application Thread] DEBUG Input                - Registered new binding: Screenshot - CTRL+8
20:48:44.138 [FXGL Background Thread 4 ] DEBUG FXGLAssetLoaderServi - Loading from file system: jar:file:/C:/Users/drkre/.m2/repository/com/github/almasb/fxgl/17.1/fxgl-17.1.jar!/fxglassets/ui/fonts/TerminalLandMono-Regular.otf
20:48:44.138 [JavaFX Application Thread] DEBUG Input                - Registered new binding: System info dump - CTRL+9
20:48:44.139 [JavaFX Application Thread] DEBUG Input                - Registered new binding: Restart - CTRL+R
20:48:44.143 [JavaFX Application Thread] DEBUG Input                - Registered new binding: Toggle Debug Camera - CTRL+7
20:48:44.150 [JavaFX Application Thread] DEBUG LoopRunner           - Starting loop
20:48:44.151 [JavaFX Application Thread] DEBUG LoopRunner           - Initializing JavaFX AnimationTimerLoop
20:48:44.154 [JavaFX Application Thread] DEBUG GameApplicationServi - Starting new game
20:48:44.155 [JavaFX Application Thread] DEBUG Input                - Clearing active input actions
20:48:44.157 [FXGL Background Thread 4 ] DEBUG FXGLAssetLoaderServi - Loading from file system: jar:file:/C:/Users/drkre/.m2/repository/com/github/almasb/fxgl/17.1/fxgl-17.1.jar!/fxglassets/ui/fonts/Courier-Prime.ttf
20:48:44.195 [JavaFX Application Thread] DEBUG GameApplicationServi - Removing overlay from FXGLStartupScene and adding to FXGLLoadingScene
20:48:44.196 [JavaFX Application Thread] DEBUG PrimaryStageWindow   - FXGLStartupScene -> FXGLLoadingScene
20:48:44.196 [JavaFX Application Thread] DEBUG GameApplicationServi - Clearing previous game
20:48:44.198 [JavaFX Application Thread] DEBUG GameScene            - Clearing game scene
20:48:44.198 [JavaFX Application Thread] DEBUG GameWorld            - Clearing game world
20:48:44.199 [JavaFX Application Thread] DEBUG PhysicsWorld         - Clearing physics world
20:48:44.205 [FXGL Background Thread 4 ] DEBUG FXGLApplication      - Initializing game
20:48:44.365 [JavaFX Application Thread] DEBUG FXGLApplication      - Registering font factories with UI factory
20:48:44.405 [FXGL Background Thread 4 ] WARN  TMXLevelLoader       - TiledMap generated from 1.9.2. Supported version: 1.4.2. Some features may not be parsed fully.
20:48:44.442 [FXGL Background Thread 4 ] DEBUG TMXLevelLoader       - Parsed TiledMap: file:/C:/Users/drkre/IdeaProjects/PlatformerGame1/target/classes/assets/levels/level1_map.tmx
20:48:44.445 [FXGL Background Thread 4 ] DEBUG TMXLevelLoader       - Creating tile layer entities
20:48:44.449 [FXGL Background Thread 4 ] DEBUG TilesetLoader        - Loading view for layer background
20:48:44.452 [FXGL Background Thread 4 ] DEBUG TilesetLoader        - Created buffer with size 960.0x640.0
20:48:44.511 [FXGL Background Thread 4 ] DEBUG TilesetLoader        - Loading view for layer decor
20:48:44.514 [FXGL Background Thread 4 ] DEBUG TilesetLoader        - Created buffer with size 960.0x640.0
20:48:44.515 [FXGL Background Thread 4 ] DEBUG TMXLevelLoader       - Creating object layer entities
20:48:44.563 [FXGL Background Thread 4 ] DEBUG GameWorld            - Clearing removable entities
20:48:44.566 [FXGL Background Thread 4 ] DEBUG GameWorld            - Setting level: com.almasb.fxgl.entity.level.Level@74f92cb1
20:48:44.586 [FXGL Background Thread 4 ] INFO  FXGLApplication      - Game initialization took: 0.380 sec
20:48:44.627 [JavaFX Application Thread] DEBUG Input                - Clearing active input actions
20:48:44.658 [JavaFX Application Thread] DEBUG GameApplicationServi - Removing overlay from FXGLLoadingScene and adding to GameScene
20:48:44.658 [JavaFX Application Thread] DEBUG PrimaryStageWindow   - FXGLLoadingScene -> GameScene
20:48:44.949 [FXGL Background Thread 2 ] INFO  UpdaterService       - Your current version:  17.1
20:48:44.949 [FXGL Background Thread 2 ] INFO  UpdaterService       - Latest stable version: 17.3
20:48:46.990 [FXGL Background Thread 3 ] DEBUG Engine               - Logging environment variables
20:48:46.991 [FXGL Background Thread 3 ] DEBUG Engine               - achievements: []
20:48:46.991 [FXGL Background Thread 3 ] DEBUG Engine               - actualHeight: 640.0
20:48:46.991 [FXGL Background Thread 3 ] DEBUG Engine               - actualHeightProperty: ReadOnlyDoubleProperty [value: 640.0]
20:48:46.991 [FXGL Background Thread 3 ] DEBUG Engine               - actualWidth: 960.0
20:48:46.991 [FXGL Background Thread 3 ] DEBUG Engine               - actualWidthProperty: ReadOnlyDoubleProperty [value: 960.0]
20:48:46.991 [FXGL Background Thread 3 ] DEBUG Engine               - appIcon: fxgl_icon.png
20:48:46.991 [FXGL Background Thread 3 ] DEBUG Engine               - applicationMode: DEVELOPER
20:48:46.991 [FXGL Background Thread 3 ] DEBUG Engine               - cSSList: [fxgl_dark.css]
20:48:46.991 [FXGL Background Thread 3 ] DEBUG Engine               - collisionDetectionStrategy: BRUTE_FORCE
20:48:46.992 [FXGL Background Thread 3 ] DEBUG Engine               - configClass: Optional.empty
20:48:46.992 [FXGL Background Thread 3 ] DEBUG Engine               - credits: []
20:48:46.992 [FXGL Background Thread 3 ] DEBUG Engine               - defaultCursor: CursorInfo(imageName=fxgl_default_cursor.png, hotspotX=7.0, hotspotY=6.0)
20:48:46.993 [FXGL Background Thread 3 ] DEBUG Engine               - devBBoxColorProperty: ObjectProperty [value: 0xff0000ff]
20:48:46.993 [FXGL Background Thread 3 ] DEBUG Engine               - devEnableDebugCameraProperty: BooleanProperty [value: false]
20:48:46.993 [FXGL Background Thread 3 ] DEBUG Engine               - devSensorColorProperty: ObjectProperty [value: 0xffff00ff]
20:48:46.993 [FXGL Background Thread 3 ] DEBUG Engine               - devShowBBoxProperty: BooleanProperty [value: false]
20:48:46.993 [FXGL Background Thread 3 ] DEBUG Engine               - devShowPositionProperty: BooleanProperty [value: false]
20:48:46.993 [FXGL Background Thread 3 ] DEBUG Engine               - enabledMenuItems: []
20:48:46.993 [FXGL Background Thread 3 ] DEBUG Engine               - engineServices: [class com.almasb.fxgl.app.services.FXGLAssetLoaderService, class com.almasb.fxgl.app.FXGLApplication$GameApplicationService, class com.almasb.fxgl.app.services.FXGLDialogService, class com.almasb.fxgl.app.services.IOTaskExecutorService, class com.almasb.fxgl.io.FileSystemService, class com.almasb.fxgl.localization.LocalizationService, class com.almasb.fxgl.app.services.SystemBundleService, class com.almasb.fxgl.profile.SaveLoadService, class com.almasb.fxgl.ui.FXGLUIFactoryServiceProvider, class com.almasb.fxgl.ui.FXGLDialogFactoryServiceProvider, class com.almasb.fxgl.audio.AudioPlayer, class com.almasb.fxgl.notification.impl.NotificationServiceProvider, class com.almasb.fxgl.achievement.AchievementService, class com.almasb.fxgl.cutscene.CutsceneService, class com.almasb.fxgl.minigames.MiniGameService, class com.almasb.fxgl.net.NetService, class com.almasb.fxgl.app.services.UpdaterService, class com.almasb.fxgl.dev.DevService]
20:48:46.993 [FXGL Background Thread 3 ] DEBUG Engine               - fontGame: Abel-Regular.ttf
20:48:46.993 [FXGL Background Thread 3 ] DEBUG Engine               - fontMono: TerminalLandMono-Regular.otf
20:48:46.993 [FXGL Background Thread 3 ] DEBUG Engine               - fontText: Courier-Prime.ttf
20:48:46.993 [FXGL Background Thread 3 ] DEBUG Engine               - fontUI: VarelaRound-Regular.ttf
20:48:46.993 [FXGL Background Thread 3 ] DEBUG Engine               - fullScreen: BooleanProperty [value: false]
20:48:46.993 [FXGL Background Thread 3 ] DEBUG Engine               - gameDifficulty: MEDIUM
20:48:46.993 [FXGL Background Thread 3 ] DEBUG Engine               - gameDifficultyProperty: ObjectProperty [value: MEDIUM]
20:48:46.994 [FXGL Background Thread 3 ] DEBUG Engine               - globalMusicVolume: 0.5
20:48:46.994 [FXGL Background Thread 3 ] DEBUG Engine               - globalMusicVolumeProperty: DoubleProperty [value: 0.5]
20:48:46.994 [FXGL Background Thread 3 ] DEBUG Engine               - globalSoundVolume: 0.5
20:48:46.994 [FXGL Background Thread 3 ] DEBUG Engine               - globalSoundVolumeProperty: DoubleProperty [value: 0.5]
20:48:46.994 [FXGL Background Thread 3 ] DEBUG Engine               - height: 640
20:48:46.994 [FXGL Background Thread 3 ] DEBUG Engine               - is3D: false
20:48:46.994 [FXGL Background Thread 3 ] DEBUG Engine               - isAndroid: false
20:48:46.994 [FXGL Background Thread 3 ] DEBUG Engine               - isBrowser: false
20:48:46.994 [FXGL Background Thread 3 ] DEBUG Engine               - isClickFeedbackEnabled: false
20:48:46.994 [FXGL Background Thread 3 ] DEBUG Engine               - isCloseConfirmation: false
20:48:46.994 [FXGL Background Thread 3 ] DEBUG Engine               - isDesktop: true
20:48:46.994 [FXGL Background Thread 3 ] DEBUG Engine               - isDeveloperMenuEnabled: false
20:48:46.994 [FXGL Background Thread 3 ] DEBUG Engine               - isEmbedded: false
20:48:46.994 [FXGL Background Thread 3 ] DEBUG Engine               - isEntityPreloadEnabled: true
20:48:46.994 [FXGL Background Thread 3 ] DEBUG Engine               - isExperimentalTiledLargeMap: false
20:48:46.994 [FXGL Background Thread 3 ] DEBUG Engine               - isFileSystemWriteAllowed: true
20:48:46.995 [FXGL Background Thread 3 ] DEBUG Engine               - isFullScreenAllowed: false
20:48:46.995 [FXGL Background Thread 3 ] DEBUG Engine               - isFullScreenFromStart: false
20:48:46.995 [FXGL Background Thread 3 ] DEBUG Engine               - isGameMenuEnabled: true
20:48:46.995 [FXGL Background Thread 3 ] DEBUG Engine               - isIOS: false
20:48:46.995 [FXGL Background Thread 3 ] DEBUG Engine               - isIntroEnabled: false
20:48:46.995 [FXGL Background Thread 3 ] DEBUG Engine               - isLinux: false
20:48:46.995 [FXGL Background Thread 3 ] DEBUG Engine               - isMac: false
20:48:46.995 [FXGL Background Thread 3 ] DEBUG Engine               - isMainMenuEnabled: false
20:48:46.995 [FXGL Background Thread 3 ] DEBUG Engine               - isManualResizeEnabled: false
20:48:46.995 [FXGL Background Thread 3 ] DEBUG Engine               - isMobile: false
20:48:46.995 [FXGL Background Thread 3 ] DEBUG Engine               - isNative: false
20:48:46.995 [FXGL Background Thread 3 ] DEBUG Engine               - isPauseMusicWhenMinimized: true
20:48:46.995 [FXGL Background Thread 3 ] DEBUG Engine               - isPreserveResizeRatio: false
20:48:46.995 [FXGL Background Thread 3 ] DEBUG Engine               - isProfilingEnabled: false
20:48:46.995 [FXGL Background Thread 3 ] DEBUG Engine               - isScaleAffectedOnResize: true
20:48:46.995 [FXGL Background Thread 3 ] DEBUG Engine               - isSingleStep: false
20:48:46.995 [FXGL Background Thread 3 ] DEBUG Engine               - isUserProfileEnabled: false
20:48:46.995 [FXGL Background Thread 3 ] DEBUG Engine               - isWindows: true
20:48:46.995 [FXGL Background Thread 3 ] DEBUG Engine               - language: ObjectProperty [value: ENGLISH]
20:48:46.995 [FXGL Background Thread 3 ] DEBUG Engine               - menuKey: ESCAPE
20:48:46.996 [FXGL Background Thread 3 ] DEBUG Engine               - mouseSensitivity: 0.2
20:48:46.996 [FXGL Background Thread 3 ] DEBUG Engine               - notificationViewClass: class com.almasb.fxgl.notification.view.XboxNotificationView
20:48:46.996 [FXGL Background Thread 3 ] DEBUG Engine               - pixelsPerMeter: 50.0
20:48:46.996 [FXGL Background Thread 3 ] DEBUG Engine               - platform: WINDOWS
20:48:46.996 [FXGL Background Thread 3 ] DEBUG Engine               - prefHeightProperty: ReadOnlyDoubleProperty [value: 640.0]
20:48:46.996 [FXGL Background Thread 3 ] DEBUG Engine               - prefWidthProperty: ReadOnlyDoubleProperty [value: 960.0]
20:48:46.996 [FXGL Background Thread 3 ] DEBUG Engine               - profileDir: profiles/
20:48:46.996 [FXGL Background Thread 3 ] DEBUG Engine               - profileName: StringProperty [value: DEFAULT]
20:48:46.996 [FXGL Background Thread 3 ] DEBUG Engine               - randomSeed: -1
20:48:46.996 [FXGL Background Thread 3 ] DEBUG Engine               - runtimeInfo: RuntimeInfo(platform=WINDOWS, version=17.1, build=24.03.2022 17.34)
20:48:46.996 [FXGL Background Thread 3 ] DEBUG Engine               - saveFileExt: sav
20:48:46.996 [FXGL Background Thread 3 ] DEBUG Engine               - scaledHeightProp$fxgl: DoubleProperty [bound, value: 640.0]
20:48:46.997 [FXGL Background Thread 3 ] DEBUG Engine               - scaledWidthProp$fxgl: DoubleProperty [bound, value: 960.0]
20:48:46.997 [FXGL Background Thread 3 ] DEBUG Engine               - sceneFactory: com.almasb.fxgl.app.scene.SceneFactory@11724c56
20:48:46.997 [FXGL Background Thread 3 ] DEBUG Engine               - secondsIn24h: 60
20:48:46.997 [FXGL Background Thread 3 ] DEBUG Engine               - soundMenuBack: menu/back.wav
20:48:46.997 [FXGL Background Thread 3 ] DEBUG Engine               - soundMenuPress: menu/press.wav
20:48:46.997 [FXGL Background Thread 3 ] DEBUG Engine               - soundMenuSelect: menu/select.wav
20:48:46.997 [FXGL Background Thread 3 ] DEBUG Engine               - soundNotification: core/notification.wav
20:48:46.997 [FXGL Background Thread 3 ] DEBUG Engine               - stageStyle: DECORATED
20:48:46.997 [FXGL Background Thread 3 ] DEBUG Engine               - supportedLanguages: [ENGLISH, FRENCH, GERMAN, HUNGARIAN, RUSSIAN]
20:48:46.997 [FXGL Background Thread 3 ] DEBUG Engine               - ticksPerSecond: -1
20:48:46.997 [FXGL Background Thread 3 ] DEBUG Engine               - title: Platformer Game
20:48:46.997 [FXGL Background Thread 3 ] DEBUG Engine               - urlGithub: https://github.com/AlmasB/FXGL
20:48:46.997 [FXGL Background Thread 3 ] DEBUG Engine               - urlLeaderboard: http://fxgl-top.herokuapp.com/
20:48:46.997 [FXGL Background Thread 3 ] DEBUG Engine               - urlPOM: https://raw.githubusercontent.com/AlmasB/FXGL/release/README.md
20:48:46.997 [FXGL Background Thread 3 ] DEBUG Engine               - userAppClass: class org.example.PlatformerGame
20:48:46.997 [FXGL Background Thread 3 ] DEBUG Engine               - version: 0.0
20:48:46.997 [FXGL Background Thread 3 ] DEBUG Engine               - versionCheckDays: 7
20:48:46.997 [FXGL Background Thread 3 ] DEBUG Engine               - width: 960
20:48:46.997 [FXGL Background Thread 3 ] DEBUG Engine               - Logging services
20:48:46.997 [FXGL Background Thread 3 ] DEBUG Engine               - class com.almasb.fxgl.app.services.FXGLAssetLoaderService
20:48:46.997 [FXGL Background Thread 3 ] DEBUG Engine               - class com.almasb.fxgl.app.FXGLApplication$GameApplicationService
20:48:46.997 [FXGL Background Thread 3 ] DEBUG Engine               - class com.almasb.fxgl.app.services.FXGLDialogService
20:48:46.997 [FXGL Background Thread 3 ] DEBUG Engine               - class com.almasb.fxgl.app.services.IOTaskExecutorService
20:48:46.997 [FXGL Background Thread 3 ] DEBUG Engine               - class com.almasb.fxgl.io.FileSystemService
20:48:46.997 [FXGL Background Thread 3 ] DEBUG Engine               - class com.almasb.fxgl.localization.LocalizationService
20:48:46.997 [FXGL Background Thread 3 ] DEBUG Engine               - class com.almasb.fxgl.app.services.SystemBundleService
20:48:46.997 [FXGL Background Thread 3 ] DEBUG Engine               - class com.almasb.fxgl.profile.SaveLoadService
20:48:46.997 [FXGL Background Thread 3 ] DEBUG Engine               - class com.almasb.fxgl.ui.FXGLUIFactoryServiceProvider
20:48:46.997 [FXGL Background Thread 3 ] DEBUG Engine               - class com.almasb.fxgl.ui.FXGLDialogFactoryServiceProvider
20:48:46.997 [FXGL Background Thread 3 ] DEBUG Engine               - class com.almasb.fxgl.audio.AudioPlayer
20:48:46.997 [FXGL Background Thread 3 ] DEBUG Engine               - class com.almasb.fxgl.notification.impl.NotificationServiceProvider
20:48:46.997 [FXGL Background Thread 3 ] DEBUG Engine               - class com.almasb.fxgl.achievement.AchievementService
20:48:46.997 [FXGL Background Thread 3 ] DEBUG Engine               - class com.almasb.fxgl.cutscene.CutsceneService
20:48:46.997 [FXGL Background Thread 3 ] DEBUG Engine               - class com.almasb.fxgl.minigames.MiniGameService
20:48:46.997 [FXGL Background Thread 3 ] DEBUG Engine               - class com.almasb.fxgl.net.NetService
20:48:46.997 [FXGL Background Thread 3 ] DEBUG Engine               - class com.almasb.fxgl.app.services.UpdaterService
20:48:46.997 [FXGL Background Thread 3 ] DEBUG Engine               - class com.almasb.fxgl.dev.DevService
20:48:48.861 [JavaFX Application Thread] DEBUG FXGLApplication      - Exiting FXGL
20:48:48.861 [JavaFX Application Thread] DEBUG LoopRunner           - Stopping loop
20:48:48.862 [JavaFX Application Thread] DEBUG SystemBundleService  - Saving FXGL system data
20:48:48.865 [JavaFX Application Thread] DEBUG FileSystemAccess     - Writing to: C:\Users\drkre\IdeaProjects\PlatformerGame1\system\fxgl.bundle
20:48:48.867 [JavaFX Application Thread] DEBUG Async                - Shutting down background threads
20:48:48.867 [JavaFX Application Thread] DEBUG PrimaryStageWindow   - Closing main window
20:48:48.890 [JavaFX Application Thread] DEBUG Logger               - Closing Logger
