17:41:18.355 [main                     ] DEBUG Logger               - Configured Logger
17:41:18.378 [main                     ] DEBUG GameApplication      - Logging settings
Title: Platformer Game
Version: 0.0
Width: 960
Height: 640
Fullscreen: false
Intro: false
Profiling: false
Single step:false
App Mode: DEVELOPER
Menu Key: ESCAPE
Stage Style: DECORATED
Scene Factory: class com.almasb.fxgl.app.scene.SceneFactory

17:41:18.699 [JavaFX Application Thread] DEBUG FXGLApplication      - Initializing FXGL
17:41:18.703 [JavaFX Application Thread] INFO  Engine               - FXGL-17.1 (24.03.2022 17.34) on WINDOWS (J:19.0.2 FX:18)
17:41:18.703 [JavaFX Application Thread] DEBUG Engine               - JRE Vendor Name: Oracle Corporation
17:41:18.704 [JavaFX Application Thread] DEBUG Engine               - Running on OS: Windows 10 version 10.0
17:41:18.704 [JavaFX Application Thread] DEBUG Engine               - Architecture: amd64
17:41:18.704 [JavaFX Application Thread] INFO  Engine               - Source code and latest versions at: https://github.com/AlmasB/FXGL
17:41:18.704 [JavaFX Application Thread] INFO  Engine               -       Ask questions and discuss at: https://github.com/AlmasB/FXGL/discussions
17:41:18.704 [JavaFX Application Thread] INFO  Engine               -              Join the FXGL chat at: https://gitter.im/AlmasB/FXGL
17:41:18.803 [JavaFX Application Thread] DEBUG PrimaryStageWindow   - Creating a JavaFX scene
17:41:18.847 [JavaFX Application Thread] DEBUG PrimaryStageWindow   - Target settings size: 960.0 x 640.0
17:41:18.848 [JavaFX Application Thread] DEBUG PrimaryStageWindow   - Scaled scene size:    960.0 x 640.0
17:41:18.849 [JavaFX Application Thread] DEBUG PrimaryStageWindow   - Scaled ratio: (1.0, 1.0)
17:41:18.849 [JavaFX Application Thread] DEBUG PrimaryStageWindow   - Set initial scene to FXGLStartupScene
17:41:18.856 [JavaFX Application Thread] DEBUG PrimaryStageWindow   - Opening main window
17:41:18.927 [JavaFX Application Thread] DEBUG PrimaryStageWindow   - Window border size: (14.66668701171875, 37.33331298828125)
17:41:18.927 [JavaFX Application Thread] DEBUG PrimaryStageWindow   - Scaled size: 960.0 x 640.0
17:41:18.927 [JavaFX Application Thread] DEBUG PrimaryStageWindow   - Scaled ratio: (1.0, 1.0)
17:41:18.928 [JavaFX Application Thread] DEBUG PrimaryStageWindow   - Scene size: 960.0 x 640.0
17:41:18.928 [JavaFX Application Thread] DEBUG PrimaryStageWindow   - Stage size: 974.6666870117188 x 677.3333129882812
17:41:18.936 [FXGL Background Thread 1 ] DEBUG Engine               - Initializing environment variables
17:41:18.983 [FXGL Background Thread 1 ] DEBUG FXGLAssetLoaderServi - User app class for loading assets: class org.example.PlatformerGame
17:41:18.983 [FXGL Background Thread 1 ] DEBUG GameApplicationServi - Applying CSS: fxgl_dark.css
17:41:18.984 [FXGL Background Thread 1 ] DEBUG FXGLAssetLoaderServi - Loading from file system: jar:file:/C:/Users/Administrator/.m2/repository/com/github/almasb/fxgl/17.1/fxgl-17.1.jar!/fxglassets/ui/css/fxgl_dark.css
17:41:19.019 [FXGL Background Thread 1 ] DEBUG GameApplicationServi - Initializing application scenes
17:41:19.053 [FXGL Background Thread 1 ] DEBUG GameWorld            - Game world initialized
17:41:19.101 [FXGL Background Thread 1 ] DEBUG PhysicsWorld         - Physics world initialized: appHeight=640, physics.ppm=50.0
17:41:19.102 [FXGL Background Thread 1 ] DEBUG PhysicsWorld         - Using strategy: BRUTE_FORCE
17:41:19.106 [FXGL Background Thread 1 ] DEBUG GameScene            - Game scene initialized: 960x640
17:41:19.117 [FXGL Background Thread 1 ] DEBUG FXGL.DefaultMenu     - createMenuBodyGameMenu()
17:41:19.130 [FXGL Background Thread 1 ] DEBUG FXGL.DefaultMenu     - createOptionsMenu()
17:41:19.139 [FXGL Background Thread 1 ] DEBUG FXGLAssetLoaderServi - Loading from file system: jar:file:/C:/Users/Administrator/.m2/repository/com/github/almasb/fxgl/17.1/fxgl-17.1.jar!/fxglassets/textures/particles/smoke.png
17:41:19.256 [FXGL Background Thread 1 ] DEBUG FXGLAssetLoaderServi - Loading from file system: jar:file:/C:/Users/Administrator/.m2/repository/com/github/almasb/fxgl/17.1/fxgl-17.1.jar!/fxglassets/textures/particles/trace_horizontal.png
17:41:19.314 [FXGL Background Thread 1 ] DEBUG GameApplicationServi - Application scenes initialized
17:41:19.327 [FXGL Background Thread 1 ] DEBUG SystemBundleService  - Loading FXGL system data
17:41:19.332 [FXGL Background Thread 1 ] DEBUG FileSystemAccess     - Reading from: C:\PlatformerGame\system\fxgl.bundle
17:41:19.342 [FXGL Background Thread 1 ] DEBUG SystemBundleService  - Bundle FXGL: {}
17:41:19.342 [FXGL Background Thread 1 ] DEBUG UpdaterService       - Checking for updates
17:41:19.347 [FXGL Background Thread 1 ] DEBUG FXGLApplication      - Loading default localization
17:41:19.348 [FXGL Background Thread 1 ] DEBUG FXGLAssetLoaderServi - Loading from file system: jar:file:/C:/Users/Administrator/.m2/repository/com/github/almasb/fxgl/17.1/fxgl-17.1.jar!/fxglassets/languages/english.lang
17:41:19.351 [FXGL Background Thread 4 ] DEBUG FXGLApplication      - Loading fonts
17:41:19.352 [FXGL Background Thread 4 ] DEBUG FXGLAssetLoaderServi - Loading from file system: jar:file:/C:/Users/Administrator/.m2/repository/com/github/almasb/fxgl/17.1/fxgl-17.1.jar!/fxglassets/ui/fonts/VarelaRound-Regular.ttf
17:41:19.365 [FXGL Background Thread 1 ] INFO  FXGLApplication      - FXGL initialization took: 0.429 sec
17:41:19.365 [JavaFX Application Thread] DEBUG FXGLAssetLoaderServi - Loading from file system: jar:file:/C:/Users/Administrator/.m2/repository/com/github/almasb/fxgl/17.1/fxgl-17.1.jar!/fxglassets/textures/fxgl_icon.png
17:41:19.389 [JavaFX Application Thread] DEBUG FXGLAssetLoaderServi - Loading from file system: jar:file:/C:/Users/Administrator/.m2/repository/com/github/almasb/fxgl/17.1/fxgl-17.1.jar!/fxglassets/textures/fxgl_default_cursor.png
17:41:19.400 [JavaFX Application Thread] DEBUG Input                - Registered new binding: Screenshot - CTRL+8
17:41:19.400 [JavaFX Application Thread] DEBUG Input                - Registered new binding: System info dump - CTRL+9
17:41:19.401 [JavaFX Application Thread] DEBUG Input                - Registered new binding: Restart - CTRL+R
17:41:19.401 [JavaFX Application Thread] DEBUG Input                - Registered new binding: Toggle Debug Camera - CTRL+7
17:41:19.403 [JavaFX Application Thread] DEBUG LoopRunner           - Starting loop
17:41:19.403 [JavaFX Application Thread] DEBUG LoopRunner           - Initializing JavaFX AnimationTimerLoop
17:41:19.405 [JavaFX Application Thread] DEBUG GameApplicationServi - Starting new game
17:41:19.405 [JavaFX Application Thread] DEBUG Input                - Clearing active input actions
17:41:19.413 [JavaFX Application Thread] DEBUG GameApplicationServi - Removing overlay from FXGLStartupScene and adding to FXGLLoadingScene
17:41:19.413 [JavaFX Application Thread] DEBUG PrimaryStageWindow   - FXGLStartupScene -> FXGLLoadingScene
17:41:19.413 [JavaFX Application Thread] DEBUG GameApplicationServi - Clearing previous game
17:41:19.413 [JavaFX Application Thread] DEBUG GameScene            - Clearing game scene
17:41:19.414 [JavaFX Application Thread] DEBUG GameWorld            - Clearing game world
17:41:19.414 [JavaFX Application Thread] DEBUG PhysicsWorld         - Clearing physics world
17:41:19.416 [FXGL Background Thread 1 ] DEBUG FXGLApplication      - Initializing game
17:41:19.426 [FXGL Background Thread 4 ] DEBUG FXGLAssetLoaderServi - Loading from file system: jar:file:/C:/Users/Administrator/.m2/repository/com/github/almasb/fxgl/17.1/fxgl-17.1.jar!/fxglassets/ui/fonts/Abel-Regular.ttf
17:41:19.446 [FXGL Background Thread 1 ] WARN  TMXLevelLoader       - TiledMap generated from 1.10.1. Supported version: 1.4.2. Some features may not be parsed fully.
17:41:19.457 [FXGL Background Thread 1 ] DEBUG TMXLevelLoader       - Parsed TiledMap: file:/C:/PlatformerGame/target/classes/assets/levels/yes.tmx
17:41:19.458 [FXGL Background Thread 1 ] DEBUG TMXLevelLoader       - Creating tile layer entities
17:41:19.460 [FXGL Background Thread 1 ] DEBUG TilesetLoader        - Loading view for layer Tile Layer 1
17:41:19.462 [FXGL Background Thread 1 ] DEBUG TilesetLoader        - Created buffer with size 960.0x640.0
17:41:19.489 [FXGL Background Thread 4 ] DEBUG FXGLAssetLoaderServi - Loading from file system: jar:file:/C:/Users/Administrator/.m2/repository/com/github/almasb/fxgl/17.1/fxgl-17.1.jar!/fxglassets/ui/fonts/TerminalLandMono-Regular.otf
17:41:19.490 [FXGL Background Thread 1 ] DEBUG TilesetLoader        - Loading view for layer Tile Layer 2
17:41:19.491 [FXGL Background Thread 1 ] DEBUG TilesetLoader        - Created buffer with size 960.0x640.0
17:41:19.493 [FXGL Background Thread 1 ] DEBUG TMXLevelLoader       - Creating object layer entities
17:41:19.504 [FXGL Background Thread 4 ] DEBUG FXGLAssetLoaderServi - Loading from file system: jar:file:/C:/Users/Administrator/.m2/repository/com/github/almasb/fxgl/17.1/fxgl-17.1.jar!/fxglassets/ui/fonts/Courier-Prime.ttf
17:41:19.517 [FXGL Background Thread 1 ] DEBUG GameWorld            - Clearing removable entities
17:41:19.518 [FXGL Background Thread 1 ] DEBUG GameWorld            - Setting level: com.almasb.fxgl.entity.level.Level@4215771e
17:41:19.524 [FXGL Background Thread 1 ] DEBUG FXGLAssetLoaderServi - Loading from file system: file:/C:/PlatformerGame/target/classes/assets/textures/background/forest.png
17:41:19.536 [FXGL Background Thread 1 ] INFO  FXGLApplication      - Game initialization took: 0.120 sec
17:41:19.589 [JavaFX Application Thread] DEBUG FXGLApplication      - Registering font factories with UI factory
17:41:19.591 [JavaFX Application Thread] DEBUG Input                - Clearing active input actions
17:41:19.601 [JavaFX Application Thread] DEBUG GameApplicationServi - Removing overlay from FXGLLoadingScene and adding to GameScene
17:41:19.601 [JavaFX Application Thread] DEBUG PrimaryStageWindow   - FXGLLoadingScene -> GameScene
17:41:19.956 [FXGL Background Thread 2 ] INFO  UpdaterService       - Your current version:  17.1
17:41:19.956 [FXGL Background Thread 2 ] INFO  UpdaterService       - Latest stable version: 17.3
17:41:20.901 [JavaFX Application Thread] DEBUG FXGLApplication      - Exiting FXGL
17:41:20.901 [JavaFX Application Thread] DEBUG LoopRunner           - Stopping loop
17:41:20.901 [JavaFX Application Thread] DEBUG SystemBundleService  - Saving FXGL system data
17:41:20.903 [JavaFX Application Thread] DEBUG FileSystemAccess     - Writing to: C:\PlatformerGame\system\fxgl.bundle
17:41:20.904 [JavaFX Application Thread] DEBUG Async                - Shutting down background threads
17:41:20.905 [JavaFX Application Thread] DEBUG PrimaryStageWindow   - Closing main window
17:41:20.914 [JavaFX Application Thread] DEBUG Logger               - Closing Logger
