20:15:09.715 [main                     ] DEBUG Logger               - Configured Logger
20:15:09.784 [main                     ] DEBUG GameApplication      - Logging settings
Title: Platformer Game
Version: 0.0
Width: 960
Height: 640
Fullscreen: false
Intro: false
Profiling: false
Single step:false
App Mode: DEVELOPER
Menu Key: ESCAPE
Stage Style: DECORATED
Scene Factory: class com.almasb.fxgl.app.scene.SceneFactory

20:15:10.808 [JavaFX Application Thread] DEBUG FXGLApplication      - Initializing FXGL
20:15:10.817 [JavaFX Application Thread] INFO  Engine               - FXGL-17.1 (24.03.2022 17.34) on WINDOWS (J:19.0.2 FX:18)
20:15:10.817 [JavaFX Application Thread] DEBUG Engine               - JRE Vendor Name: Oracle Corporation
20:15:10.817 [JavaFX Application Thread] DEBUG Engine               - Running on OS: Windows 11 version 10.0
20:15:10.818 [JavaFX Application Thread] DEBUG Engine               - Architecture: amd64
20:15:10.818 [JavaFX Application Thread] INFO  Engine               - Source code and latest versions at: https://github.com/AlmasB/FXGL
20:15:10.818 [JavaFX Application Thread] INFO  Engine               -       Ask questions and discuss at: https://github.com/AlmasB/FXGL/discussions
20:15:10.818 [JavaFX Application Thread] INFO  Engine               -              Join the FXGL chat at: https://gitter.im/AlmasB/FXGL
20:15:11.073 [JavaFX Application Thread] DEBUG PrimaryStageWindow   - Creating a JavaFX scene
20:15:11.210 [JavaFX Application Thread] DEBUG PrimaryStageWindow   - Target settings size: 960.0 x 640.0
20:15:11.210 [JavaFX Application Thread] DEBUG PrimaryStageWindow   - Scaled scene size:    960.0 x 640.0
20:15:11.210 [JavaFX Application Thread] DEBUG PrimaryStageWindow   - Scaled ratio: (1.0, 1.0)
20:15:11.212 [JavaFX Application Thread] DEBUG PrimaryStageWindow   - Set initial scene to FXGLStartupScene
20:15:11.223 [JavaFX Application Thread] DEBUG PrimaryStageWindow   - Opening main window
20:15:11.391 [JavaFX Application Thread] DEBUG PrimaryStageWindow   - Window border size: (14.66668701171875, 37.33331298828125)
20:15:11.391 [JavaFX Application Thread] DEBUG PrimaryStageWindow   - Scaled size: 960.0 x 640.0
20:15:11.392 [JavaFX Application Thread] DEBUG PrimaryStageWindow   - Scaled ratio: (1.0, 1.0)
20:15:11.392 [JavaFX Application Thread] DEBUG PrimaryStageWindow   - Scene size: 960.0 x 640.0
20:15:11.392 [JavaFX Application Thread] DEBUG PrimaryStageWindow   - Stage size: 974.6666870117188 x 677.3333129882812
20:15:11.411 [FXGL Background Thread 1 ] DEBUG Engine               - Initializing environment variables
20:15:11.524 [FXGL Background Thread 1 ] DEBUG FXGLAssetLoaderServi - User app class for loading assets: class org.example.PlatformerGame
20:15:11.525 [FXGL Background Thread 1 ] DEBUG GameApplicationServi - Applying CSS: fxgl_dark.css
20:15:11.527 [FXGL Background Thread 1 ] DEBUG FXGLAssetLoaderServi - Loading from file system: jar:file:/C:/Users/drkre/.m2/repository/com/github/almasb/fxgl/17.1/fxgl-17.1.jar!/fxglassets/ui/css/fxgl_dark.css
20:15:11.624 [FXGL Background Thread 1 ] DEBUG GameApplicationServi - Initializing application scenes
20:15:11.755 [FXGL Background Thread 1 ] DEBUG GameWorld            - Game world initialized
20:15:11.929 [FXGL Background Thread 1 ] DEBUG PhysicsWorld         - Physics world initialized: appHeight=640, physics.ppm=50.0
20:15:11.930 [FXGL Background Thread 1 ] DEBUG PhysicsWorld         - Using strategy: BRUTE_FORCE
20:15:11.940 [FXGL Background Thread 1 ] DEBUG GameScene            - Game scene initialized: 960x640
20:15:11.982 [FXGL Background Thread 1 ] DEBUG FXGL.DefaultMenu     - createMenuBodyGameMenu()
20:15:12.056 [FXGL Background Thread 1 ] DEBUG FXGL.DefaultMenu     - createOptionsMenu()
20:15:12.107 [FXGL Background Thread 1 ] DEBUG FXGLAssetLoaderServi - Loading from file system: jar:file:/C:/Users/drkre/.m2/repository/com/github/almasb/fxgl/17.1/fxgl-17.1.jar!/fxglassets/textures/particles/smoke.png
20:15:12.350 [FXGL Background Thread 1 ] DEBUG FXGLAssetLoaderServi - Loading from file system: jar:file:/C:/Users/drkre/.m2/repository/com/github/almasb/fxgl/17.1/fxgl-17.1.jar!/fxglassets/textures/particles/trace_horizontal.png
20:15:12.408 [FXGL Background Thread 1 ] DEBUG GameApplicationServi - Application scenes initialized
20:15:12.430 [FXGL Background Thread 1 ] DEBUG SystemBundleService  - Loading FXGL system data
20:15:12.435 [FXGL Background Thread 1 ] DEBUG FileSystemAccess     - Reading from: C:\Users\drkre\IdeaProjects\PlatformerGame1\system\fxgl.bundle
20:15:12.449 [FXGL Background Thread 1 ] DEBUG SystemBundleService  - Bundle FXGL: {}
20:15:12.449 [FXGL Background Thread 1 ] DEBUG UpdaterService       - Checking for updates
20:15:12.455 [FXGL Background Thread 4 ] DEBUG FXGLApplication      - Loading fonts
20:15:12.457 [FXGL Background Thread 1 ] DEBUG FXGLApplication      - Loading default localization
20:15:12.457 [FXGL Background Thread 4 ] DEBUG FXGLAssetLoaderServi - Loading from file system: jar:file:/C:/Users/drkre/.m2/repository/com/github/almasb/fxgl/17.1/fxgl-17.1.jar!/fxglassets/ui/fonts/VarelaRound-Regular.ttf
20:15:12.458 [FXGL Background Thread 1 ] DEBUG FXGLAssetLoaderServi - Loading from file system: jar:file:/C:/Users/drkre/.m2/repository/com/github/almasb/fxgl/17.1/fxgl-17.1.jar!/fxglassets/languages/english.lang
20:15:12.515 [FXGL Background Thread 1 ] INFO  FXGLApplication      - FXGL initialization took: 1.104 sec
20:15:12.517 [JavaFX Application Thread] DEBUG FXGLAssetLoaderServi - Loading from file system: jar:file:/C:/Users/drkre/.m2/repository/com/github/almasb/fxgl/17.1/fxgl-17.1.jar!/fxglassets/textures/fxgl_icon.png
20:15:12.573 [JavaFX Application Thread] DEBUG FXGLAssetLoaderServi - Loading from file system: jar:file:/C:/Users/drkre/.m2/repository/com/github/almasb/fxgl/17.1/fxgl-17.1.jar!/fxglassets/textures/fxgl_default_cursor.png
20:15:12.591 [FXGL Background Thread 4 ] DEBUG FXGLAssetLoaderServi - Loading from file system: jar:file:/C:/Users/drkre/.m2/repository/com/github/almasb/fxgl/17.1/fxgl-17.1.jar!/fxglassets/ui/fonts/Abel-Regular.ttf
20:15:12.605 [JavaFX Application Thread] DEBUG Input                - Registered new binding: Screenshot - CTRL+8
20:15:12.607 [JavaFX Application Thread] DEBUG Input                - Registered new binding: System info dump - CTRL+9
20:15:12.608 [JavaFX Application Thread] DEBUG Input                - Registered new binding: Restart - CTRL+R
20:15:12.611 [JavaFX Application Thread] DEBUG Input                - Registered new binding: Toggle Debug Camera - CTRL+7
20:15:12.613 [FXGL Background Thread 4 ] DEBUG FXGLAssetLoaderServi - Loading from file system: jar:file:/C:/Users/drkre/.m2/repository/com/github/almasb/fxgl/17.1/fxgl-17.1.jar!/fxglassets/ui/fonts/TerminalLandMono-Regular.otf
20:15:12.618 [JavaFX Application Thread] DEBUG LoopRunner           - Starting loop
20:15:12.618 [JavaFX Application Thread] DEBUG LoopRunner           - Initializing JavaFX AnimationTimerLoop
20:15:12.624 [JavaFX Application Thread] DEBUG GameApplicationServi - Starting new game
20:15:12.625 [JavaFX Application Thread] DEBUG Input                - Clearing active input actions
20:15:12.633 [FXGL Background Thread 4 ] DEBUG FXGLAssetLoaderServi - Loading from file system: jar:file:/C:/Users/drkre/.m2/repository/com/github/almasb/fxgl/17.1/fxgl-17.1.jar!/fxglassets/ui/fonts/Courier-Prime.ttf
20:15:12.670 [JavaFX Application Thread] DEBUG GameApplicationServi - Removing overlay from FXGLStartupScene and adding to FXGLLoadingScene
20:15:12.671 [JavaFX Application Thread] DEBUG PrimaryStageWindow   - FXGLStartupScene -> FXGLLoadingScene
20:15:12.671 [JavaFX Application Thread] DEBUG GameApplicationServi - Clearing previous game
20:15:12.671 [JavaFX Application Thread] DEBUG GameScene            - Clearing game scene
20:15:12.672 [JavaFX Application Thread] DEBUG GameWorld            - Clearing game world
20:15:12.672 [JavaFX Application Thread] DEBUG PhysicsWorld         - Clearing physics world
20:15:12.677 [FXGL Background Thread 4 ] DEBUG FXGLApplication      - Initializing game
20:15:12.806 [JavaFX Application Thread] DEBUG FXGLApplication      - Registering font factories with UI factory
20:15:12.824 [FXGL Background Thread 4 ] WARN  TMXLevelLoader       - TiledMap generated from 1.9.2. Supported version: 1.4.2. Some features may not be parsed fully.
20:15:12.874 [FXGL Background Thread 4 ] DEBUG TMXLevelLoader       - Parsed TiledMap: file:/C:/Users/drkre/IdeaProjects/PlatformerGame1/target/classes/assets/levels/level1_map.tmx
20:15:12.881 [FXGL Background Thread 4 ] DEBUG TMXLevelLoader       - Creating tile layer entities
20:15:12.888 [FXGL Background Thread 4 ] DEBUG TilesetLoader        - Loading view for layer background
20:15:12.892 [FXGL Background Thread 4 ] DEBUG TilesetLoader        - Created buffer with size 960.0x640.0
20:15:12.962 [FXGL Background Thread 4 ] DEBUG TilesetLoader        - Loading view for layer decor
20:15:12.966 [FXGL Background Thread 4 ] DEBUG TilesetLoader        - Created buffer with size 960.0x640.0
20:15:12.967 [FXGL Background Thread 4 ] DEBUG TMXLevelLoader       - Creating object layer entities
20:15:12.975 [FXGL Background Thread 4 ] WARN  TMXLevelLoader       - Parse error
java.lang.IllegalStateException: No EntityFactory was added! Call gameWorld.addEntityFactory()
	at com.almasb.fxgl.entity.GameWorld.create(GameWorld.kt:410)
	at com.almasb.fxgl.entity.level.tiled.TMXLevelLoader.createObjectLayerEntities(TMXLevelLoader.kt:154)
	at com.almasb.fxgl.entity.level.tiled.TMXLevelLoader.load(TMXLevelLoader.kt:60)
	at com.almasb.fxgl.app.services.FXGLAssetLoaderService.loadLevel(FXGLAssetLoaderService.kt:446)
	at com.almasb.fxgl.dsl.FXGL$Companion.setLevelFromMap(FXGL.kt:634)
	at com.almasb.fxgl.dsl.FXGL.setLevelFromMap(FXGL.kt)
	at org.example.PlatformerGame.initGame(PlatformerGame.java:15)
	at com.almasb.fxgl.app.FXGLApplication$InitAppTask.initGame(FXGLApplication.kt:339)
	at com.almasb.fxgl.app.FXGLApplication$InitAppTask.call(FXGLApplication.kt:319)
	at com.almasb.fxgl.app.FXGLApplication$InitAppTask.call(FXGLApplication.kt:311)
	at javafx.concurrent.Task$TaskCallable.call(Task.java:1426)
	at java.base/java.util.concurrent.FutureTask.run(FutureTask.java:317)
	at java.base/java.util.concurrent.Executors$RunnableAdapter.call(Executors.java:577)
	at java.base/java.util.concurrent.FutureTask.run(FutureTask.java:317)
	at java.base/java.util.concurrent.ThreadPoolExecutor.runWorker(ThreadPoolExecutor.java:1144)
	at java.base/java.util.concurrent.ThreadPoolExecutor$Worker.run(ThreadPoolExecutor.java:642)
	at java.base/java.lang.Thread.run(Thread.java:1589)

20:15:13.018 [JavaFX Application Thread] DEBUG LoopRunner           - Stopping loop
20:15:13.020 [JavaFX Application Thread] FATAL FXGLApplication      - Uncaught Exception:
java.lang.RuntimeException: Initialization failed
	at com.almasb.fxgl.app.FXGLApplication$InitAppTask.failed(FXGLApplication.kt:343)
	at javafx.concurrent.Task.setState(Task.java:710)
	at javafx.concurrent.Task$TaskCallable.lambda$call$2(Task.java:1456)
	at com.sun.javafx.application.PlatformImpl.lambda$runLater$10(PlatformImpl.java:457)
	at java.base/java.security.AccessController.doPrivileged(AccessController.java:399)
	at com.sun.javafx.application.PlatformImpl.lambda$runLater$11(PlatformImpl.java:456)
	at com.sun.glass.ui.InvokeLaterDispatcher$Future.run(InvokeLaterDispatcher.java:96)
	at com.sun.glass.ui.win.WinApplication._runLoop(Native Method)
	at com.sun.glass.ui.win.WinApplication.lambda$runLoop$3(WinApplication.java:184)
	at java.base/java.lang.Thread.run(Thread.java:1589)
Caused by: com.almasb.fxgl.entity.level.LevelLoadingException: No EntityFactory was added! Call gameWorld.addEntityFactory()
	at com.almasb.fxgl.entity.level.tiled.TMXLevelLoader.load(TMXLevelLoader.kt:78)
	at com.almasb.fxgl.app.services.FXGLAssetLoaderService.loadLevel(FXGLAssetLoaderService.kt:446)
	at com.almasb.fxgl.dsl.FXGL$Companion.setLevelFromMap(FXGL.kt:634)
	at com.almasb.fxgl.dsl.FXGL.setLevelFromMap(FXGL.kt)
	at org.example.PlatformerGame.initGame(PlatformerGame.java:15)
	at com.almasb.fxgl.app.FXGLApplication$InitAppTask.initGame(FXGLApplication.kt:339)
	at com.almasb.fxgl.app.FXGLApplication$InitAppTask.call(FXGLApplication.kt:319)
	at com.almasb.fxgl.app.FXGLApplication$InitAppTask.call(FXGLApplication.kt:311)
	at javafx.concurrent.Task$TaskCallable.call(Task.java:1426)
	at java.base/java.util.concurrent.FutureTask.run(FutureTask.java:317)
	at java.base/java.util.concurrent.Executors$RunnableAdapter.call(Executors.java:577)
	at java.base/java.util.concurrent.FutureTask.run(FutureTask.java:317)
	at java.base/java.util.concurrent.ThreadPoolExecutor.runWorker(ThreadPoolExecutor.java:1144)
	at java.base/java.util.concurrent.ThreadPoolExecutor$Worker.run(ThreadPoolExecutor.java:642)
	... 1 more
Caused by: java.lang.IllegalStateException: No EntityFactory was added! Call gameWorld.addEntityFactory()
	at com.almasb.fxgl.entity.GameWorld.create(GameWorld.kt:410)
	at com.almasb.fxgl.entity.level.tiled.TMXLevelLoader.createObjectLayerEntities(TMXLevelLoader.kt:154)
	at com.almasb.fxgl.entity.level.tiled.TMXLevelLoader.load(TMXLevelLoader.kt:60)
	... 14 more

20:15:13.020 [JavaFX Application Thread] FATAL FXGLApplication      - Application will now exit
20:15:13.083 [JavaFX Application Thread] DEBUG PrimaryStageWindow   - Push state: ErrorSubScene
20:15:13.083 [JavaFX Application Thread] DEBUG Input                - Clearing active input actions
20:15:13.103 [JavaFX Application Thread] DEBUG GameApplicationServi - Removing overlay from FXGLLoadingScene and adding to ErrorSubScene
20:15:13.104 [JavaFX Application Thread] DEBUG PrimaryStageWindow   - FXGLLoadingScene -> ErrorSubScene
20:15:13.819 [FXGL Background Thread 2 ] INFO  UpdaterService       - Your current version:  17.1
20:15:13.819 [FXGL Background Thread 2 ] INFO  UpdaterService       - Latest stable version: 17.3
20:15:15.453 [FXGL Background Thread 3 ] DEBUG Engine               - Logging environment variables
20:15:15.454 [FXGL Background Thread 3 ] DEBUG Engine               - achievements: []
20:15:15.454 [FXGL Background Thread 3 ] DEBUG Engine               - actualHeight: 640.0
20:15:15.454 [FXGL Background Thread 3 ] DEBUG Engine               - actualHeightProperty: ReadOnlyDoubleProperty [value: 640.0]
20:15:15.454 [FXGL Background Thread 3 ] DEBUG Engine               - actualWidth: 960.0
20:15:15.454 [FXGL Background Thread 3 ] DEBUG Engine               - actualWidthProperty: ReadOnlyDoubleProperty [value: 960.0]
20:15:15.454 [FXGL Background Thread 3 ] DEBUG Engine               - appIcon: fxgl_icon.png
20:15:15.454 [FXGL Background Thread 3 ] DEBUG Engine               - applicationMode: DEVELOPER
20:15:15.454 [FXGL Background Thread 3 ] DEBUG Engine               - cSSList: [fxgl_dark.css]
20:15:15.454 [FXGL Background Thread 3 ] DEBUG Engine               - collisionDetectionStrategy: BRUTE_FORCE
20:15:15.455 [FXGL Background Thread 3 ] DEBUG Engine               - configClass: Optional.empty
20:15:15.455 [FXGL Background Thread 3 ] DEBUG Engine               - credits: []
20:15:15.455 [FXGL Background Thread 3 ] DEBUG Engine               - defaultCursor: CursorInfo(imageName=fxgl_default_cursor.png, hotspotX=7.0, hotspotY=6.0)
20:15:15.456 [FXGL Background Thread 3 ] DEBUG Engine               - devBBoxColorProperty: ObjectProperty [value: 0xff0000ff]
20:15:15.456 [FXGL Background Thread 3 ] DEBUG Engine               - devEnableDebugCameraProperty: BooleanProperty [value: false]
20:15:15.456 [FXGL Background Thread 3 ] DEBUG Engine               - devSensorColorProperty: ObjectProperty [value: 0xffff00ff]
20:15:15.456 [FXGL Background Thread 3 ] DEBUG Engine               - devShowBBoxProperty: BooleanProperty [value: false]
20:15:15.456 [FXGL Background Thread 3 ] DEBUG Engine               - devShowPositionProperty: BooleanProperty [value: false]
20:15:15.456 [FXGL Background Thread 3 ] DEBUG Engine               - enabledMenuItems: []
20:15:15.456 [FXGL Background Thread 3 ] DEBUG Engine               - engineServices: [class com.almasb.fxgl.app.services.FXGLAssetLoaderService, class com.almasb.fxgl.app.FXGLApplication$GameApplicationService, class com.almasb.fxgl.app.services.FXGLDialogService, class com.almasb.fxgl.app.services.IOTaskExecutorService, class com.almasb.fxgl.io.FileSystemService, class com.almasb.fxgl.localization.LocalizationService, class com.almasb.fxgl.app.services.SystemBundleService, class com.almasb.fxgl.profile.SaveLoadService, class com.almasb.fxgl.ui.FXGLUIFactoryServiceProvider, class com.almasb.fxgl.ui.FXGLDialogFactoryServiceProvider, class com.almasb.fxgl.audio.AudioPlayer, class com.almasb.fxgl.notification.impl.NotificationServiceProvider, class com.almasb.fxgl.achievement.AchievementService, class com.almasb.fxgl.cutscene.CutsceneService, class com.almasb.fxgl.minigames.MiniGameService, class com.almasb.fxgl.net.NetService, class com.almasb.fxgl.app.services.UpdaterService, class com.almasb.fxgl.dev.DevService]
20:15:15.456 [FXGL Background Thread 3 ] DEBUG Engine               - fontGame: Abel-Regular.ttf
20:15:15.456 [FXGL Background Thread 3 ] DEBUG Engine               - fontMono: TerminalLandMono-Regular.otf
20:15:15.456 [FXGL Background Thread 3 ] DEBUG Engine               - fontText: Courier-Prime.ttf
20:15:15.456 [FXGL Background Thread 3 ] DEBUG Engine               - fontUI: VarelaRound-Regular.ttf
20:15:15.456 [FXGL Background Thread 3 ] DEBUG Engine               - fullScreen: BooleanProperty [value: false]
20:15:15.456 [FXGL Background Thread 3 ] DEBUG Engine               - gameDifficulty: MEDIUM
20:15:15.456 [FXGL Background Thread 3 ] DEBUG Engine               - gameDifficultyProperty: ObjectProperty [value: MEDIUM]
20:15:15.456 [FXGL Background Thread 3 ] DEBUG Engine               - globalMusicVolume: 0.5
20:15:15.456 [FXGL Background Thread 3 ] DEBUG Engine               - globalMusicVolumeProperty: DoubleProperty [value: 0.5]
20:15:15.457 [FXGL Background Thread 3 ] DEBUG Engine               - globalSoundVolume: 0.5
20:15:15.457 [FXGL Background Thread 3 ] DEBUG Engine               - globalSoundVolumeProperty: DoubleProperty [value: 0.5]
20:15:15.457 [FXGL Background Thread 3 ] DEBUG Engine               - height: 640
20:15:15.457 [FXGL Background Thread 3 ] DEBUG Engine               - is3D: false
20:15:15.457 [FXGL Background Thread 3 ] DEBUG Engine               - isAndroid: false
20:15:15.457 [FXGL Background Thread 3 ] DEBUG Engine               - isBrowser: false
20:15:15.457 [FXGL Background Thread 3 ] DEBUG Engine               - isClickFeedbackEnabled: false
20:15:15.457 [FXGL Background Thread 3 ] DEBUG Engine               - isCloseConfirmation: false
20:15:15.457 [FXGL Background Thread 3 ] DEBUG Engine               - isDesktop: true
20:15:15.457 [FXGL Background Thread 3 ] DEBUG Engine               - isDeveloperMenuEnabled: false
20:15:15.457 [FXGL Background Thread 3 ] DEBUG Engine               - isEmbedded: false
20:15:15.457 [FXGL Background Thread 3 ] DEBUG Engine               - isEntityPreloadEnabled: true
20:15:15.457 [FXGL Background Thread 3 ] DEBUG Engine               - isExperimentalTiledLargeMap: false
20:15:15.457 [FXGL Background Thread 3 ] DEBUG Engine               - isFileSystemWriteAllowed: true
20:15:15.457 [FXGL Background Thread 3 ] DEBUG Engine               - isFullScreenAllowed: false
20:15:15.457 [FXGL Background Thread 3 ] DEBUG Engine               - isFullScreenFromStart: false
20:15:15.457 [FXGL Background Thread 3 ] DEBUG Engine               - isGameMenuEnabled: true
20:15:15.457 [FXGL Background Thread 3 ] DEBUG Engine               - isIOS: false
20:15:15.457 [FXGL Background Thread 3 ] DEBUG Engine               - isIntroEnabled: false
20:15:15.457 [FXGL Background Thread 3 ] DEBUG Engine               - isLinux: false
20:15:15.457 [FXGL Background Thread 3 ] DEBUG Engine               - isMac: false
20:15:15.457 [FXGL Background Thread 3 ] DEBUG Engine               - isMainMenuEnabled: false
20:15:15.458 [FXGL Background Thread 3 ] DEBUG Engine               - isManualResizeEnabled: false
20:15:15.458 [FXGL Background Thread 3 ] DEBUG Engine               - isMobile: false
20:15:15.458 [FXGL Background Thread 3 ] DEBUG Engine               - isNative: false
20:15:15.458 [FXGL Background Thread 3 ] DEBUG Engine               - isPauseMusicWhenMinimized: true
20:15:15.458 [FXGL Background Thread 3 ] DEBUG Engine               - isPreserveResizeRatio: false
20:15:15.458 [FXGL Background Thread 3 ] DEBUG Engine               - isProfilingEnabled: false
20:15:15.458 [FXGL Background Thread 3 ] DEBUG Engine               - isScaleAffectedOnResize: true
20:15:15.458 [FXGL Background Thread 3 ] DEBUG Engine               - isSingleStep: false
20:15:15.458 [FXGL Background Thread 3 ] DEBUG Engine               - isUserProfileEnabled: false
20:15:15.458 [FXGL Background Thread 3 ] DEBUG Engine               - isWindows: true
20:15:15.458 [FXGL Background Thread 3 ] DEBUG Engine               - language: ObjectProperty [value: ENGLISH]
20:15:15.458 [FXGL Background Thread 3 ] DEBUG Engine               - menuKey: ESCAPE
20:15:15.458 [FXGL Background Thread 3 ] DEBUG Engine               - mouseSensitivity: 0.2
20:15:15.458 [FXGL Background Thread 3 ] DEBUG Engine               - notificationViewClass: class com.almasb.fxgl.notification.view.XboxNotificationView
20:15:15.458 [FXGL Background Thread 3 ] DEBUG Engine               - pixelsPerMeter: 50.0
20:15:15.458 [FXGL Background Thread 3 ] DEBUG Engine               - platform: WINDOWS
20:15:15.458 [FXGL Background Thread 3 ] DEBUG Engine               - prefHeightProperty: ReadOnlyDoubleProperty [value: 640.0]
20:15:15.458 [FXGL Background Thread 3 ] DEBUG Engine               - prefWidthProperty: ReadOnlyDoubleProperty [value: 960.0]
20:15:15.458 [FXGL Background Thread 3 ] DEBUG Engine               - profileDir: profiles/
20:15:15.459 [FXGL Background Thread 3 ] DEBUG Engine               - profileName: StringProperty [value: DEFAULT]
20:15:15.459 [FXGL Background Thread 3 ] DEBUG Engine               - randomSeed: -1
20:15:15.459 [FXGL Background Thread 3 ] DEBUG Engine               - runtimeInfo: RuntimeInfo(platform=WINDOWS, version=17.1, build=24.03.2022 17.34)
20:15:15.459 [FXGL Background Thread 3 ] DEBUG Engine               - saveFileExt: sav
20:15:15.459 [FXGL Background Thread 3 ] DEBUG Engine               - scaledHeightProp$fxgl: DoubleProperty [bound, value: 640.0]
20:15:15.459 [FXGL Background Thread 3 ] DEBUG Engine               - scaledWidthProp$fxgl: DoubleProperty [bound, value: 960.0]
20:15:15.459 [FXGL Background Thread 3 ] DEBUG Engine               - sceneFactory: com.almasb.fxgl.app.scene.SceneFactory@5fd8aa66
20:15:15.459 [FXGL Background Thread 3 ] DEBUG Engine               - secondsIn24h: 60
20:15:15.459 [FXGL Background Thread 3 ] DEBUG Engine               - soundMenuBack: menu/back.wav
20:15:15.460 [FXGL Background Thread 3 ] DEBUG Engine               - soundMenuPress: menu/press.wav
20:15:15.460 [FXGL Background Thread 3 ] DEBUG Engine               - soundMenuSelect: menu/select.wav
20:15:15.460 [FXGL Background Thread 3 ] DEBUG Engine               - soundNotification: core/notification.wav
20:15:15.460 [FXGL Background Thread 3 ] DEBUG Engine               - stageStyle: DECORATED
20:15:15.460 [FXGL Background Thread 3 ] DEBUG Engine               - supportedLanguages: [ENGLISH, FRENCH, GERMAN, HUNGARIAN, RUSSIAN]
20:15:15.460 [FXGL Background Thread 3 ] DEBUG Engine               - ticksPerSecond: -1
20:15:15.460 [FXGL Background Thread 3 ] DEBUG Engine               - title: Platformer Game
20:15:15.460 [FXGL Background Thread 3 ] DEBUG Engine               - urlGithub: https://github.com/AlmasB/FXGL
20:15:15.460 [FXGL Background Thread 3 ] DEBUG Engine               - urlLeaderboard: http://fxgl-top.herokuapp.com/
20:15:15.460 [FXGL Background Thread 3 ] DEBUG Engine               - urlPOM: https://raw.githubusercontent.com/AlmasB/FXGL/release/README.md
20:15:15.460 [FXGL Background Thread 3 ] DEBUG Engine               - userAppClass: class org.example.PlatformerGame
20:15:15.460 [FXGL Background Thread 3 ] DEBUG Engine               - version: 0.0
20:15:15.460 [FXGL Background Thread 3 ] DEBUG Engine               - versionCheckDays: 7
20:15:15.460 [FXGL Background Thread 3 ] DEBUG Engine               - width: 960
20:15:15.460 [FXGL Background Thread 3 ] DEBUG Engine               - Logging services
20:15:15.460 [FXGL Background Thread 3 ] DEBUG Engine               - class com.almasb.fxgl.app.services.FXGLAssetLoaderService
20:15:15.460 [FXGL Background Thread 3 ] DEBUG Engine               - class com.almasb.fxgl.app.FXGLApplication$GameApplicationService
20:15:15.460 [FXGL Background Thread 3 ] DEBUG Engine               - class com.almasb.fxgl.app.services.FXGLDialogService
20:15:15.460 [FXGL Background Thread 3 ] DEBUG Engine               - class com.almasb.fxgl.app.services.IOTaskExecutorService
20:15:15.460 [FXGL Background Thread 3 ] DEBUG Engine               - class com.almasb.fxgl.io.FileSystemService
20:15:15.460 [FXGL Background Thread 3 ] DEBUG Engine               - class com.almasb.fxgl.localization.LocalizationService
20:15:15.460 [FXGL Background Thread 3 ] DEBUG Engine               - class com.almasb.fxgl.app.services.SystemBundleService
20:15:15.460 [FXGL Background Thread 3 ] DEBUG Engine               - class com.almasb.fxgl.profile.SaveLoadService
20:15:15.460 [FXGL Background Thread 3 ] DEBUG Engine               - class com.almasb.fxgl.ui.FXGLUIFactoryServiceProvider
20:15:15.460 [FXGL Background Thread 3 ] DEBUG Engine               - class com.almasb.fxgl.ui.FXGLDialogFactoryServiceProvider
20:15:15.460 [FXGL Background Thread 3 ] DEBUG Engine               - class com.almasb.fxgl.audio.AudioPlayer
20:15:15.460 [FXGL Background Thread 3 ] DEBUG Engine               - class com.almasb.fxgl.notification.impl.NotificationServiceProvider
20:15:15.460 [FXGL Background Thread 3 ] DEBUG Engine               - class com.almasb.fxgl.achievement.AchievementService
20:15:15.460 [FXGL Background Thread 3 ] DEBUG Engine               - class com.almasb.fxgl.cutscene.CutsceneService
20:15:15.460 [FXGL Background Thread 3 ] DEBUG Engine               - class com.almasb.fxgl.minigames.MiniGameService
20:15:15.461 [FXGL Background Thread 3 ] DEBUG Engine               - class com.almasb.fxgl.net.NetService
20:15:15.461 [FXGL Background Thread 3 ] DEBUG Engine               - class com.almasb.fxgl.app.services.UpdaterService
20:15:15.461 [FXGL Background Thread 3 ] DEBUG Engine               - class com.almasb.fxgl.dev.DevService
20:15:20.664 [JavaFX Application Thread] DEBUG FXGLApplication      - Exiting FXGL
20:15:20.664 [JavaFX Application Thread] DEBUG Async                - Shutting down background threads
20:15:20.665 [JavaFX Application Thread] DEBUG PrimaryStageWindow   - Closing main window
20:15:20.699 [JavaFX Application Thread] DEBUG Logger               - Closing Logger
