17:16:19.244 [main                     ] DEBUG Logger               - Configured Logger
17:16:19.279 [main                     ] DEBUG GameApplication      - Logging settings
Title: Platformer Game
Version: 0.0
Width: 960
Height: 640
Fullscreen: false
Intro: false
Profiling: false
Single step:false
App Mode: DEVELOPER
Menu Key: ESCAPE
Stage Style: DECORATED
Scene Factory: class com.almasb.fxgl.app.scene.SceneFactory

17:16:19.702 [JavaFX Application Thread] DEBUG FXGLApplication      - Initializing FXGL
17:16:19.714 [JavaFX Application Thread] INFO  Engine               - FXGL-17.1 (24.03.2022 17.34) on WINDOWS (J:19.0.2 FX:18)
17:16:19.714 [JavaFX Application Thread] DEBUG Engine               - JRE Vendor Name: Amazon.com Inc.
17:16:19.714 [JavaFX Application Thread] DEBUG Engine               - Running on OS: Windows 10 version 10.0
17:16:19.714 [JavaFX Application Thread] DEBUG Engine               - Architecture: amd64
17:16:19.715 [JavaFX Application Thread] INFO  Engine               - Source code and latest versions at: https://github.com/AlmasB/FXGL
17:16:19.715 [JavaFX Application Thread] INFO  Engine               -       Ask questions and discuss at: https://github.com/AlmasB/FXGL/discussions
17:16:19.715 [JavaFX Application Thread] INFO  Engine               -              Join the FXGL chat at: https://gitter.im/AlmasB/FXGL
17:16:19.851 [JavaFX Application Thread] DEBUG PrimaryStageWindow   - Creating a JavaFX scene
17:16:19.908 [JavaFX Application Thread] DEBUG PrimaryStageWindow   - Target settings size: 960.0 x 640.0
17:16:19.908 [JavaFX Application Thread] DEBUG PrimaryStageWindow   - Scaled scene size:    960.0 x 640.0
17:16:19.908 [JavaFX Application Thread] DEBUG PrimaryStageWindow   - Scaled ratio: (1.0, 1.0)
17:16:19.910 [JavaFX Application Thread] DEBUG PrimaryStageWindow   - Set initial scene to FXGLStartupScene
17:16:19.925 [JavaFX Application Thread] DEBUG PrimaryStageWindow   - Opening main window
17:16:20.031 [JavaFX Application Thread] DEBUG PrimaryStageWindow   - Window border size: (16.0, 39.0)
17:16:20.031 [JavaFX Application Thread] DEBUG PrimaryStageWindow   - Scaled size: 960.0 x 640.0
17:16:20.031 [JavaFX Application Thread] DEBUG PrimaryStageWindow   - Scaled ratio: (1.0, 1.0)
17:16:20.032 [JavaFX Application Thread] DEBUG PrimaryStageWindow   - Scene size: 960.0 x 640.0
17:16:20.032 [JavaFX Application Thread] DEBUG PrimaryStageWindow   - Stage size: 976.0 x 679.0
17:16:20.044 [FXGL Background Thread 1 ] DEBUG Engine               - Initializing environment variables
17:16:20.118 [FXGL Background Thread 1 ] DEBUG FXGLAssetLoaderServi - User app class for loading assets: class org.example.PlatformerGame
17:16:20.118 [FXGL Background Thread 1 ] DEBUG GameApplicationServi - Applying CSS: fxgl_dark.css
17:16:20.119 [FXGL Background Thread 1 ] DEBUG FXGLAssetLoaderServi - Loading from file system: jar:file:/C:/Users/Sarahcui/.m2/repository/com/github/almasb/fxgl/17.1/fxgl-17.1.jar!/fxglassets/ui/css/fxgl_dark.css
17:16:20.167 [FXGL Background Thread 1 ] DEBUG GameApplicationServi - Initializing application scenes
17:16:20.223 [FXGL Background Thread 1 ] DEBUG GameWorld            - Game world initialized
17:16:20.300 [FXGL Background Thread 1 ] DEBUG PhysicsWorld         - Physics world initialized: appHeight=640, physics.ppm=50.0
17:16:20.300 [FXGL Background Thread 1 ] DEBUG PhysicsWorld         - Using strategy: BRUTE_FORCE
17:16:20.305 [FXGL Background Thread 1 ] DEBUG GameScene            - Game scene initialized: 960x640
17:16:20.331 [FXGL Background Thread 1 ] DEBUG FXGL.DefaultMenu     - createMenuBodyGameMenu()
17:16:20.359 [FXGL Background Thread 1 ] DEBUG FXGL.DefaultMenu     - createOptionsMenu()
17:16:20.374 [FXGL Background Thread 1 ] DEBUG FXGLAssetLoaderServi - Loading from file system: jar:file:/C:/Users/Sarahcui/.m2/repository/com/github/almasb/fxgl/17.1/fxgl-17.1.jar!/fxglassets/textures/particles/smoke.png
17:16:20.507 [FXGL Background Thread 1 ] DEBUG FXGLAssetLoaderServi - Loading from file system: jar:file:/C:/Users/Sarahcui/.m2/repository/com/github/almasb/fxgl/17.1/fxgl-17.1.jar!/fxglassets/textures/particles/trace_horizontal.png
17:16:20.549 [FXGL Background Thread 1 ] DEBUG GameApplicationServi - Application scenes initialized
17:16:20.565 [FXGL Background Thread 1 ] DEBUG SystemBundleService  - Loading FXGL system data
17:16:20.569 [FXGL Background Thread 1 ] DEBUG FileSystemAccess     - Reading from: C:\Users\Sarahcui\IdeaProjects\Platformer\system\fxgl.bundle
17:16:20.581 [FXGL Background Thread 1 ] DEBUG SystemBundleService  - Bundle FXGL: {}
17:16:20.581 [FXGL Background Thread 1 ] DEBUG UpdaterService       - Checking for updates
17:16:20.588 [FXGL Background Thread 1 ] DEBUG FXGLApplication      - Loading default localization
17:16:20.588 [FXGL Background Thread 4 ] DEBUG FXGLApplication      - Loading fonts
17:16:20.589 [FXGL Background Thread 1 ] DEBUG FXGLAssetLoaderServi - Loading from file system: jar:file:/C:/Users/Sarahcui/.m2/repository/com/github/almasb/fxgl/17.1/fxgl-17.1.jar!/fxglassets/languages/english.lang
17:16:20.589 [FXGL Background Thread 4 ] DEBUG FXGLAssetLoaderServi - Loading from file system: jar:file:/C:/Users/Sarahcui/.m2/repository/com/github/almasb/fxgl/17.1/fxgl-17.1.jar!/fxglassets/ui/fonts/VarelaRound-Regular.ttf
17:16:20.618 [FXGL Background Thread 1 ] INFO  FXGLApplication      - FXGL initialization took: 0.574 sec
17:16:20.631 [JavaFX Application Thread] DEBUG Input                - Registered new binding: left - A
17:16:20.631 [JavaFX Application Thread] DEBUG Input                - Registered new binding: right - D
17:16:20.632 [JavaFX Application Thread] DEBUG Input                - Registered new binding: jump - Space
17:16:20.632 [JavaFX Application Thread] DEBUG FXGLAssetLoaderServi - Loading from file system: jar:file:/C:/Users/Sarahcui/.m2/repository/com/github/almasb/fxgl/17.1/fxgl-17.1.jar!/fxglassets/textures/fxgl_icon.png
17:16:20.658 [JavaFX Application Thread] DEBUG FXGLAssetLoaderServi - Loading from file system: jar:file:/C:/Users/Sarahcui/.m2/repository/com/github/almasb/fxgl/17.1/fxgl-17.1.jar!/fxglassets/textures/fxgl_default_cursor.png
17:16:20.662 [JavaFX Application Thread] DEBUG Input                - Registered new binding: Screenshot - CTRL+8
17:16:20.662 [JavaFX Application Thread] DEBUG Input                - Registered new binding: System info dump - CTRL+9
17:16:20.663 [JavaFX Application Thread] DEBUG Input                - Registered new binding: Restart - CTRL+R
17:16:20.664 [JavaFX Application Thread] DEBUG Input                - Registered new binding: Toggle Debug Camera - CTRL+7
17:16:20.667 [JavaFX Application Thread] DEBUG LoopRunner           - Starting loop
17:16:20.667 [JavaFX Application Thread] DEBUG LoopRunner           - Initializing JavaFX AnimationTimerLoop
17:16:20.669 [JavaFX Application Thread] DEBUG GameApplicationServi - Starting new game
17:16:20.670 [JavaFX Application Thread] DEBUG Input                - Clearing active input actions
17:16:20.713 [JavaFX Application Thread] DEBUG GameApplicationServi - Removing overlay from FXGLStartupScene and adding to FXGLLoadingScene
17:16:20.714 [JavaFX Application Thread] DEBUG PrimaryStageWindow   - FXGLStartupScene -> FXGLLoadingScene
17:16:20.714 [JavaFX Application Thread] DEBUG GameApplicationServi - Clearing previous game
17:16:20.714 [JavaFX Application Thread] DEBUG GameScene            - Clearing game scene
17:16:20.714 [JavaFX Application Thread] DEBUG GameWorld            - Clearing game world
17:16:20.714 [JavaFX Application Thread] DEBUG PhysicsWorld         - Clearing physics world
17:16:20.716 [FXGL Background Thread 1 ] DEBUG FXGLApplication      - Initializing game
17:16:20.781 [FXGL Background Thread 1 ] WARN  TMXLevelLoader       - TiledMap generated from 1.9.2. Supported version: 1.4.2. Some features may not be parsed fully.
17:16:20.835 [FXGL Background Thread 1 ] DEBUG TMXLevelLoader       - Parsed TiledMap: file:/C:/Users/Sarahcui/IdeaProjects/Platformer/target/classes/assets/levels/level1_map.tmx
17:16:20.837 [FXGL Background Thread 1 ] DEBUG TMXLevelLoader       - Creating tile layer entities
17:16:20.848 [FXGL Background Thread 1 ] DEBUG TilesetLoader        - Loading view for layer background
17:16:20.853 [FXGL Background Thread 1 ] DEBUG TilesetLoader        - Created buffer with size 960.0x640.0
17:16:20.890 [FXGL Background Thread 1 ] DEBUG TilesetLoader        - Loading view for layer decor
17:16:20.911 [FXGL Background Thread 1 ] DEBUG TilesetLoader        - Created buffer with size 960.0x640.0
17:16:20.913 [FXGL Background Thread 1 ] DEBUG TMXLevelLoader       - Creating object layer entities
17:16:20.944 [FXGL Background Thread 1 ] DEBUG GameWorld            - Clearing removable entities
17:16:20.945 [FXGL Background Thread 1 ] DEBUG GameWorld            - Setting level: com.almasb.fxgl.entity.level.Level@efa2bf7
17:16:20.958 [FXGL Background Thread 1 ] DEBUG FXGLAssetLoaderServi - Loading from file system: file:/C:/Users/Sarahcui/IdeaProjects/Platformer/target/classes/assets/textures/background/forest.png
17:16:20.980 [FXGL Background Thread 1 ] WARN  Entity               - Entity already has component: com.almasb.fxgl.physics.PhysicsComponent
17:16:20.982 [FXGL Background Thread 1 ] DEBUG FXGLAssetLoaderServi - Loading from file system: file:/C:/Users/Sarahcui/IdeaProjects/Platformer/target/classes/assets/textures/player.png
17:16:21.002 [FXGL Background Thread 1 ] INFO  FXGLApplication      - Game initialization took: 0.286 sec
17:16:21.020 [JavaFX Application Thread] DEBUG Input                - Clearing active input actions
17:16:21.031 [JavaFX Application Thread] DEBUG GameApplicationServi - Removing overlay from FXGLLoadingScene and adding to GameScene
17:16:21.032 [JavaFX Application Thread] DEBUG PrimaryStageWindow   - FXGLLoadingScene -> GameScene
17:16:21.083 [FXGL Background Thread 4 ] DEBUG FXGLAssetLoaderServi - Loading from file system: jar:file:/C:/Users/Sarahcui/.m2/repository/com/github/almasb/fxgl/17.1/fxgl-17.1.jar!/fxglassets/ui/fonts/Abel-Regular.ttf
17:16:21.086 [FXGL Background Thread 4 ] DEBUG FXGLAssetLoaderServi - Loading from file system: jar:file:/C:/Users/Sarahcui/.m2/repository/com/github/almasb/fxgl/17.1/fxgl-17.1.jar!/fxglassets/ui/fonts/TerminalLandMono-Regular.otf
17:16:21.091 [FXGL Background Thread 4 ] DEBUG FXGLAssetLoaderServi - Loading from file system: jar:file:/C:/Users/Sarahcui/.m2/repository/com/github/almasb/fxgl/17.1/fxgl-17.1.jar!/fxglassets/ui/fonts/Courier-Prime.ttf
17:16:21.098 [JavaFX Application Thread] DEBUG FXGLApplication      - Registering font factories with UI factory
17:16:21.321 [FXGL Background Thread 2 ] INFO  UpdaterService       - Your current version:  17.1
17:16:21.321 [FXGL Background Thread 2 ] INFO  UpdaterService       - Latest stable version: 17.3
17:16:23.587 [FXGL Background Thread 3 ] DEBUG Engine               - Logging environment variables
17:16:23.587 [FXGL Background Thread 3 ] DEBUG Engine               - achievements: []
17:16:23.587 [FXGL Background Thread 3 ] DEBUG Engine               - actualHeight: 640.0
17:16:23.587 [FXGL Background Thread 3 ] DEBUG Engine               - actualHeightProperty: ReadOnlyDoubleProperty [value: 640.0]
17:16:23.587 [FXGL Background Thread 3 ] DEBUG Engine               - actualWidth: 960.0
17:16:23.587 [FXGL Background Thread 3 ] DEBUG Engine               - actualWidthProperty: ReadOnlyDoubleProperty [value: 960.0]
17:16:23.587 [FXGL Background Thread 3 ] DEBUG Engine               - appIcon: fxgl_icon.png
17:16:23.587 [FXGL Background Thread 3 ] DEBUG Engine               - applicationMode: DEVELOPER
17:16:23.588 [FXGL Background Thread 3 ] DEBUG Engine               - cSSList: [fxgl_dark.css]
17:16:23.588 [FXGL Background Thread 3 ] DEBUG Engine               - collisionDetectionStrategy: BRUTE_FORCE
17:16:23.588 [FXGL Background Thread 3 ] DEBUG Engine               - configClass: Optional.empty
17:16:23.588 [FXGL Background Thread 3 ] DEBUG Engine               - credits: []
17:16:23.588 [FXGL Background Thread 3 ] DEBUG Engine               - defaultCursor: CursorInfo(imageName=fxgl_default_cursor.png, hotspotX=7.0, hotspotY=6.0)
17:16:23.588 [FXGL Background Thread 3 ] DEBUG Engine               - devBBoxColorProperty: ObjectProperty [value: 0xff0000ff]
17:16:23.588 [FXGL Background Thread 3 ] DEBUG Engine               - devEnableDebugCameraProperty: BooleanProperty [value: false]
17:16:23.588 [FXGL Background Thread 3 ] DEBUG Engine               - devSensorColorProperty: ObjectProperty [value: 0xffff00ff]
17:16:23.588 [FXGL Background Thread 3 ] DEBUG Engine               - devShowBBoxProperty: BooleanProperty [value: false]
17:16:23.589 [FXGL Background Thread 3 ] DEBUG Engine               - devShowPositionProperty: BooleanProperty [value: false]
17:16:23.589 [FXGL Background Thread 3 ] DEBUG Engine               - enabledMenuItems: []
17:16:23.589 [FXGL Background Thread 3 ] DEBUG Engine               - engineServices: [class com.almasb.fxgl.app.services.FXGLAssetLoaderService, class com.almasb.fxgl.app.FXGLApplication$GameApplicationService, class com.almasb.fxgl.app.services.FXGLDialogService, class com.almasb.fxgl.app.services.IOTaskExecutorService, class com.almasb.fxgl.io.FileSystemService, class com.almasb.fxgl.localization.LocalizationService, class com.almasb.fxgl.app.services.SystemBundleService, class com.almasb.fxgl.profile.SaveLoadService, class com.almasb.fxgl.ui.FXGLUIFactoryServiceProvider, class com.almasb.fxgl.ui.FXGLDialogFactoryServiceProvider, class com.almasb.fxgl.audio.AudioPlayer, class com.almasb.fxgl.notification.impl.NotificationServiceProvider, class com.almasb.fxgl.achievement.AchievementService, class com.almasb.fxgl.cutscene.CutsceneService, class com.almasb.fxgl.minigames.MiniGameService, class com.almasb.fxgl.net.NetService, class com.almasb.fxgl.app.services.UpdaterService, class com.almasb.fxgl.dev.DevService]
17:16:23.589 [FXGL Background Thread 3 ] DEBUG Engine               - fontGame: Abel-Regular.ttf
17:16:23.589 [FXGL Background Thread 3 ] DEBUG Engine               - fontMono: TerminalLandMono-Regular.otf
17:16:23.589 [FXGL Background Thread 3 ] DEBUG Engine               - fontText: Courier-Prime.ttf
17:16:23.589 [FXGL Background Thread 3 ] DEBUG Engine               - fontUI: VarelaRound-Regular.ttf
17:16:23.589 [FXGL Background Thread 3 ] DEBUG Engine               - fullScreen: BooleanProperty [value: false]
17:16:23.589 [FXGL Background Thread 3 ] DEBUG Engine               - gameDifficulty: MEDIUM
17:16:23.589 [FXGL Background Thread 3 ] DEBUG Engine               - gameDifficultyProperty: ObjectProperty [value: MEDIUM]
17:16:23.589 [FXGL Background Thread 3 ] DEBUG Engine               - globalMusicVolume: 0.5
17:16:23.589 [FXGL Background Thread 3 ] DEBUG Engine               - globalMusicVolumeProperty: DoubleProperty [value: 0.5]
17:16:23.589 [FXGL Background Thread 3 ] DEBUG Engine               - globalSoundVolume: 0.5
17:16:23.589 [FXGL Background Thread 3 ] DEBUG Engine               - globalSoundVolumeProperty: DoubleProperty [value: 0.5]
17:16:23.589 [FXGL Background Thread 3 ] DEBUG Engine               - height: 640
17:16:23.589 [FXGL Background Thread 3 ] DEBUG Engine               - is3D: false
17:16:23.589 [FXGL Background Thread 3 ] DEBUG Engine               - isAndroid: false
17:16:23.589 [FXGL Background Thread 3 ] DEBUG Engine               - isBrowser: false
17:16:23.589 [FXGL Background Thread 3 ] DEBUG Engine               - isClickFeedbackEnabled: false
17:16:23.589 [FXGL Background Thread 3 ] DEBUG Engine               - isCloseConfirmation: false
17:16:23.589 [FXGL Background Thread 3 ] DEBUG Engine               - isDesktop: true
17:16:23.589 [FXGL Background Thread 3 ] DEBUG Engine               - isDeveloperMenuEnabled: false
17:16:23.590 [FXGL Background Thread 3 ] DEBUG Engine               - isEmbedded: false
17:16:23.590 [FXGL Background Thread 3 ] DEBUG Engine               - isEntityPreloadEnabled: true
17:16:23.590 [FXGL Background Thread 3 ] DEBUG Engine               - isExperimentalTiledLargeMap: false
17:16:23.590 [FXGL Background Thread 3 ] DEBUG Engine               - isFileSystemWriteAllowed: true
17:16:23.590 [FXGL Background Thread 3 ] DEBUG Engine               - isFullScreenAllowed: false
17:16:23.590 [FXGL Background Thread 3 ] DEBUG Engine               - isFullScreenFromStart: false
17:16:23.590 [FXGL Background Thread 3 ] DEBUG Engine               - isGameMenuEnabled: true
17:16:23.590 [FXGL Background Thread 3 ] DEBUG Engine               - isIOS: false
17:16:23.590 [FXGL Background Thread 3 ] DEBUG Engine               - isIntroEnabled: false
17:16:23.590 [FXGL Background Thread 3 ] DEBUG Engine               - isLinux: false
17:16:23.590 [FXGL Background Thread 3 ] DEBUG Engine               - isMac: false
17:16:23.590 [FXGL Background Thread 3 ] DEBUG Engine               - isMainMenuEnabled: false
17:16:23.590 [FXGL Background Thread 3 ] DEBUG Engine               - isManualResizeEnabled: false
17:16:23.590 [FXGL Background Thread 3 ] DEBUG Engine               - isMobile: false
17:16:23.590 [FXGL Background Thread 3 ] DEBUG Engine               - isNative: false
17:16:23.590 [FXGL Background Thread 3 ] DEBUG Engine               - isPauseMusicWhenMinimized: true
17:16:23.590 [FXGL Background Thread 3 ] DEBUG Engine               - isPreserveResizeRatio: false
17:16:23.590 [FXGL Background Thread 3 ] DEBUG Engine               - isProfilingEnabled: false
17:16:23.590 [FXGL Background Thread 3 ] DEBUG Engine               - isScaleAffectedOnResize: true
17:16:23.590 [FXGL Background Thread 3 ] DEBUG Engine               - isSingleStep: false
17:16:23.590 [FXGL Background Thread 3 ] DEBUG Engine               - isUserProfileEnabled: false
17:16:23.590 [FXGL Background Thread 3 ] DEBUG Engine               - isWindows: true
17:16:23.590 [FXGL Background Thread 3 ] DEBUG Engine               - language: ObjectProperty [value: ENGLISH]
17:16:23.591 [FXGL Background Thread 3 ] DEBUG Engine               - menuKey: ESCAPE
17:16:23.591 [FXGL Background Thread 3 ] DEBUG Engine               - mouseSensitivity: 0.2
17:16:23.591 [FXGL Background Thread 3 ] DEBUG Engine               - notificationViewClass: class com.almasb.fxgl.notification.view.XboxNotificationView
17:16:23.591 [FXGL Background Thread 3 ] DEBUG Engine               - pixelsPerMeter: 50.0
17:16:23.591 [FXGL Background Thread 3 ] DEBUG Engine               - platform: WINDOWS
17:16:23.591 [FXGL Background Thread 3 ] DEBUG Engine               - prefHeightProperty: ReadOnlyDoubleProperty [value: 640.0]
17:16:23.591 [FXGL Background Thread 3 ] DEBUG Engine               - prefWidthProperty: ReadOnlyDoubleProperty [value: 960.0]
17:16:23.591 [FXGL Background Thread 3 ] DEBUG Engine               - profileDir: profiles/
17:16:23.591 [FXGL Background Thread 3 ] DEBUG Engine               - profileName: StringProperty [value: DEFAULT]
17:16:23.591 [FXGL Background Thread 3 ] DEBUG Engine               - randomSeed: -1
17:16:23.591 [FXGL Background Thread 3 ] DEBUG Engine               - runtimeInfo: RuntimeInfo(platform=WINDOWS, version=17.1, build=24.03.2022 17.34)
17:16:23.591 [FXGL Background Thread 3 ] DEBUG Engine               - saveFileExt: sav
17:16:23.592 [FXGL Background Thread 3 ] DEBUG Engine               - scaledHeightProp$fxgl: DoubleProperty [bound, value: 640.0]
17:16:23.592 [FXGL Background Thread 3 ] DEBUG Engine               - scaledWidthProp$fxgl: DoubleProperty [bound, value: 960.0]
17:16:23.592 [FXGL Background Thread 3 ] DEBUG Engine               - sceneFactory: com.almasb.fxgl.app.scene.SceneFactory@44c6663b
17:16:23.592 [FXGL Background Thread 3 ] DEBUG Engine               - secondsIn24h: 60
17:16:23.592 [FXGL Background Thread 3 ] DEBUG Engine               - soundMenuBack: menu/back.wav
17:16:23.592 [FXGL Background Thread 3 ] DEBUG Engine               - soundMenuPress: menu/press.wav
17:16:23.592 [FXGL Background Thread 3 ] DEBUG Engine               - soundMenuSelect: menu/select.wav
17:16:23.592 [FXGL Background Thread 3 ] DEBUG Engine               - soundNotification: core/notification.wav
17:16:23.592 [FXGL Background Thread 3 ] DEBUG Engine               - stageStyle: DECORATED
17:16:23.592 [FXGL Background Thread 3 ] DEBUG Engine               - supportedLanguages: [ENGLISH, FRENCH, GERMAN, HUNGARIAN, RUSSIAN]
17:16:23.592 [FXGL Background Thread 3 ] DEBUG Engine               - ticksPerSecond: -1
17:16:23.592 [FXGL Background Thread 3 ] DEBUG Engine               - title: Platformer Game
17:16:23.592 [FXGL Background Thread 3 ] DEBUG Engine               - urlGithub: https://github.com/AlmasB/FXGL
17:16:23.592 [FXGL Background Thread 3 ] DEBUG Engine               - urlLeaderboard: http://fxgl-top.herokuapp.com/
17:16:23.592 [FXGL Background Thread 3 ] DEBUG Engine               - urlPOM: https://raw.githubusercontent.com/AlmasB/FXGL/release/README.md
17:16:23.592 [FXGL Background Thread 3 ] DEBUG Engine               - userAppClass: class org.example.PlatformerGame
17:16:23.592 [FXGL Background Thread 3 ] DEBUG Engine               - version: 0.0
17:16:23.592 [FXGL Background Thread 3 ] DEBUG Engine               - versionCheckDays: 7
17:16:23.592 [FXGL Background Thread 3 ] DEBUG Engine               - width: 960
17:16:23.592 [FXGL Background Thread 3 ] DEBUG Engine               - Logging services
17:16:23.592 [FXGL Background Thread 3 ] DEBUG Engine               - class com.almasb.fxgl.app.services.FXGLAssetLoaderService
17:16:23.592 [FXGL Background Thread 3 ] DEBUG Engine               - class com.almasb.fxgl.app.FXGLApplication$GameApplicationService
17:16:23.592 [FXGL Background Thread 3 ] DEBUG Engine               - class com.almasb.fxgl.app.services.FXGLDialogService
17:16:23.592 [FXGL Background Thread 3 ] DEBUG Engine               - class com.almasb.fxgl.app.services.IOTaskExecutorService
17:16:23.592 [FXGL Background Thread 3 ] DEBUG Engine               - class com.almasb.fxgl.io.FileSystemService
17:16:23.593 [FXGL Background Thread 3 ] DEBUG Engine               - class com.almasb.fxgl.localization.LocalizationService
17:16:23.593 [FXGL Background Thread 3 ] DEBUG Engine               - class com.almasb.fxgl.app.services.SystemBundleService
17:16:23.593 [FXGL Background Thread 3 ] DEBUG Engine               - class com.almasb.fxgl.profile.SaveLoadService
17:16:23.593 [FXGL Background Thread 3 ] DEBUG Engine               - class com.almasb.fxgl.ui.FXGLUIFactoryServiceProvider
17:16:23.593 [FXGL Background Thread 3 ] DEBUG Engine               - class com.almasb.fxgl.ui.FXGLDialogFactoryServiceProvider
17:16:23.593 [FXGL Background Thread 3 ] DEBUG Engine               - class com.almasb.fxgl.audio.AudioPlayer
17:16:23.593 [FXGL Background Thread 3 ] DEBUG Engine               - class com.almasb.fxgl.notification.impl.NotificationServiceProvider
17:16:23.593 [FXGL Background Thread 3 ] DEBUG Engine               - class com.almasb.fxgl.achievement.AchievementService
17:16:23.593 [FXGL Background Thread 3 ] DEBUG Engine               - class com.almasb.fxgl.cutscene.CutsceneService
17:16:23.593 [FXGL Background Thread 3 ] DEBUG Engine               - class com.almasb.fxgl.minigames.MiniGameService
17:16:23.593 [FXGL Background Thread 3 ] DEBUG Engine               - class com.almasb.fxgl.net.NetService
17:16:23.593 [FXGL Background Thread 3 ] DEBUG Engine               - class com.almasb.fxgl.app.services.UpdaterService
17:16:23.593 [FXGL Background Thread 3 ] DEBUG Engine               - class com.almasb.fxgl.dev.DevService
17:17:38.029 [JavaFX Application Thread] DEBUG FXGLApplication      - Exiting FXGL
17:17:38.029 [JavaFX Application Thread] DEBUG LoopRunner           - Stopping loop
17:17:38.029 [JavaFX Application Thread] DEBUG SystemBundleService  - Saving FXGL system data
17:17:38.031 [JavaFX Application Thread] DEBUG FileSystemAccess     - Writing to: C:\Users\Sarahcui\IdeaProjects\Platformer\system\fxgl.bundle
17:17:38.033 [JavaFX Application Thread] DEBUG Async                - Shutting down background threads
17:17:38.033 [JavaFX Application Thread] DEBUG PrimaryStageWindow   - Closing main window
17:17:38.044 [JavaFX Application Thread] DEBUG Logger               - Closing Logger
