17:06:42.975 [main                     ] DEBUG Logger               - Configured Logger
17:06:43.002 [main                     ] DEBUG GameApplication      - Logging settings
Title: Platformer Game
Version: 0.0
Width: 960
Height: 640
Fullscreen: false
Intro: false
Profiling: false
Single step:false
App Mode: DEVELOPER
Menu Key: ESCAPE
Stage Style: DECORATED
Scene Factory: class com.almasb.fxgl.app.scene.SceneFactory

17:06:43.429 [JavaFX Application Thread] DEBUG FXGLApplication      - Initializing FXGL
17:06:43.440 [JavaFX Application Thread] INFO  Engine               - FXGL-17.1 (24.03.2022 17.34) on WINDOWS (J:19.0.2 FX:18)
17:06:43.440 [JavaFX Application Thread] DEBUG Engine               - JRE Vendor Name: Amazon.com Inc.
17:06:43.441 [JavaFX Application Thread] DEBUG Engine               - Running on OS: Windows 10 version 10.0
17:06:43.441 [JavaFX Application Thread] DEBUG Engine               - Architecture: amd64
17:06:43.441 [JavaFX Application Thread] INFO  Engine               - Source code and latest versions at: https://github.com/AlmasB/FXGL
17:06:43.441 [JavaFX Application Thread] INFO  Engine               -       Ask questions and discuss at: https://github.com/AlmasB/FXGL/discussions
17:06:43.441 [JavaFX Application Thread] INFO  Engine               -              Join the FXGL chat at: https://gitter.im/AlmasB/FXGL
17:06:43.577 [JavaFX Application Thread] DEBUG PrimaryStageWindow   - Creating a JavaFX scene
17:06:43.649 [JavaFX Application Thread] DEBUG PrimaryStageWindow   - Target settings size: 960.0 x 640.0
17:06:43.650 [JavaFX Application Thread] DEBUG PrimaryStageWindow   - Scaled scene size:    960.0 x 640.0
17:06:43.650 [JavaFX Application Thread] DEBUG PrimaryStageWindow   - Scaled ratio: (1.0, 1.0)
17:06:43.652 [JavaFX Application Thread] DEBUG PrimaryStageWindow   - Set initial scene to FXGLStartupScene
17:06:43.663 [JavaFX Application Thread] DEBUG PrimaryStageWindow   - Opening main window
17:06:43.779 [JavaFX Application Thread] DEBUG PrimaryStageWindow   - Window border size: (16.0, 39.0)
17:06:43.779 [JavaFX Application Thread] DEBUG PrimaryStageWindow   - Scaled size: 960.0 x 640.0
17:06:43.780 [JavaFX Application Thread] DEBUG PrimaryStageWindow   - Scaled ratio: (1.0, 1.0)
17:06:43.780 [JavaFX Application Thread] DEBUG PrimaryStageWindow   - Scene size: 960.0 x 640.0
17:06:43.781 [JavaFX Application Thread] DEBUG PrimaryStageWindow   - Stage size: 976.0 x 679.0
17:06:43.793 [FXGL Background Thread 1 ] DEBUG Engine               - Initializing environment variables
17:06:43.866 [FXGL Background Thread 1 ] DEBUG FXGLAssetLoaderServi - User app class for loading assets: class org.example.PlatformerGame
17:06:43.867 [FXGL Background Thread 1 ] DEBUG GameApplicationServi - Applying CSS: fxgl_dark.css
17:06:43.868 [FXGL Background Thread 1 ] DEBUG FXGLAssetLoaderServi - Loading from file system: jar:file:/C:/Users/Sarahcui/.m2/repository/com/github/almasb/fxgl/17.1/fxgl-17.1.jar!/fxglassets/ui/css/fxgl_dark.css
17:06:43.927 [FXGL Background Thread 1 ] DEBUG GameApplicationServi - Initializing application scenes
17:06:43.961 [FXGL Background Thread 1 ] DEBUG GameWorld            - Game world initialized
17:06:44.019 [FXGL Background Thread 1 ] DEBUG PhysicsWorld         - Physics world initialized: appHeight=640, physics.ppm=50.0
17:06:44.019 [FXGL Background Thread 1 ] DEBUG PhysicsWorld         - Using strategy: BRUTE_FORCE
17:06:44.022 [FXGL Background Thread 1 ] DEBUG GameScene            - Game scene initialized: 960x640
17:06:44.038 [FXGL Background Thread 1 ] DEBUG FXGL.DefaultMenu     - createMenuBodyGameMenu()
17:06:44.053 [FXGL Background Thread 1 ] DEBUG FXGL.DefaultMenu     - createOptionsMenu()
17:06:44.063 [FXGL Background Thread 1 ] DEBUG FXGLAssetLoaderServi - Loading from file system: jar:file:/C:/Users/Sarahcui/.m2/repository/com/github/almasb/fxgl/17.1/fxgl-17.1.jar!/fxglassets/textures/particles/smoke.png
17:06:44.154 [FXGL Background Thread 1 ] DEBUG FXGLAssetLoaderServi - Loading from file system: jar:file:/C:/Users/Sarahcui/.m2/repository/com/github/almasb/fxgl/17.1/fxgl-17.1.jar!/fxglassets/textures/particles/trace_horizontal.png
17:06:44.182 [FXGL Background Thread 1 ] DEBUG GameApplicationServi - Application scenes initialized
17:06:44.196 [FXGL Background Thread 1 ] DEBUG SystemBundleService  - Loading FXGL system data
17:06:44.201 [FXGL Background Thread 1 ] DEBUG FileSystemAccess     - Reading from: C:\Users\Sarahcui\IdeaProjects\Platformer\system\fxgl.bundle
17:06:44.211 [FXGL Background Thread 1 ] DEBUG SystemBundleService  - Bundle FXGL: {}
17:06:44.211 [FXGL Background Thread 1 ] DEBUG UpdaterService       - Checking for updates
17:06:44.218 [FXGL Background Thread 4 ] DEBUG FXGLApplication      - Loading fonts
17:06:44.218 [FXGL Background Thread 4 ] DEBUG FXGLAssetLoaderServi - Loading from file system: jar:file:/C:/Users/Sarahcui/.m2/repository/com/github/almasb/fxgl/17.1/fxgl-17.1.jar!/fxglassets/ui/fonts/VarelaRound-Regular.ttf
17:06:44.219 [FXGL Background Thread 1 ] DEBUG FXGLApplication      - Loading default localization
17:06:44.219 [FXGL Background Thread 1 ] DEBUG FXGLAssetLoaderServi - Loading from file system: jar:file:/C:/Users/Sarahcui/.m2/repository/com/github/almasb/fxgl/17.1/fxgl-17.1.jar!/fxglassets/languages/english.lang
17:06:44.245 [FXGL Background Thread 1 ] INFO  FXGLApplication      - FXGL initialization took: 0.452 sec
17:06:44.309 [FXGL Background Thread 4 ] DEBUG FXGLAssetLoaderServi - Loading from file system: jar:file:/C:/Users/Sarahcui/.m2/repository/com/github/almasb/fxgl/17.1/fxgl-17.1.jar!/fxglassets/ui/fonts/Abel-Regular.ttf
17:06:44.312 [FXGL Background Thread 4 ] DEBUG FXGLAssetLoaderServi - Loading from file system: jar:file:/C:/Users/Sarahcui/.m2/repository/com/github/almasb/fxgl/17.1/fxgl-17.1.jar!/fxglassets/ui/fonts/TerminalLandMono-Regular.otf
17:06:44.315 [FXGL Background Thread 4 ] DEBUG FXGLAssetLoaderServi - Loading from file system: jar:file:/C:/Users/Sarahcui/.m2/repository/com/github/almasb/fxgl/17.1/fxgl-17.1.jar!/fxglassets/ui/fonts/Courier-Prime.ttf
17:06:44.537 [FXGL Background Thread 2 ] INFO  UpdaterService       - Your current version:  17.1
17:06:44.537 [FXGL Background Thread 2 ] INFO  UpdaterService       - Latest stable version: 17.3
17:06:46.208 [JavaFX Application Thread] DEBUG FXGLApplication      - Exiting FXGL
17:06:46.208 [JavaFX Application Thread] DEBUG LoopRunner           - Stopping loop
17:06:46.208 [JavaFX Application Thread] DEBUG LoopRunner           - Initializing JavaFX AnimationTimerLoop
17:06:46.210 [JavaFX Application Thread] DEBUG SystemBundleService  - Saving FXGL system data
17:06:46.213 [JavaFX Application Thread] DEBUG FileSystemAccess     - Writing to: C:\Users\Sarahcui\IdeaProjects\Platformer\system\fxgl.bundle
17:06:46.216 [JavaFX Application Thread] DEBUG Async                - Shutting down background threads
17:06:46.216 [JavaFX Application Thread] DEBUG PrimaryStageWindow   - Closing main window
17:06:46.226 [JavaFX Application Thread] DEBUG Logger               - Closing Logger
