20:49:43.475 [main                     ] DEBUG Logger               - Configured Logger
20:49:43.488 [main                     ] DEBUG GameApplication      - Logging settings
Title: Platformer Game
Version: 0.0
Width: 960
Height: 640
Fullscreen: false
Intro: false
Profiling: false
Single step:false
App Mode: DEVELOPER
Menu Key: ESCAPE
Stage Style: DECORATED
Scene Factory: class com.almasb.fxgl.app.scene.SceneFactory

20:49:43.974 [JavaFX Application Thread] DEBUG FXGLApplication      - Initializing FXGL
20:49:43.976 [JavaFX Application Thread] INFO  Engine               - FXGL-17.1 (24.03.2022 17.34) on MAC (J:19.0.1 FX:18)
20:49:43.977 [JavaFX Application Thread] DEBUG Engine               - JRE Vendor Name: Oracle Corporation
20:49:43.977 [JavaFX Application Thread] DEBUG Engine               - Running on OS: Mac OS X version 13.3.1
20:49:43.977 [JavaFX Application Thread] DEBUG Engine               - Architecture: aarch64
20:49:43.977 [JavaFX Application Thread] INFO  Engine               - Source code and latest versions at: https://github.com/AlmasB/FXGL
20:49:43.977 [JavaFX Application Thread] INFO  Engine               -       Ask questions and discuss at: https://github.com/AlmasB/FXGL/discussions
20:49:43.977 [JavaFX Application Thread] INFO  Engine               -              Join the FXGL chat at: https://gitter.im/AlmasB/FXGL
20:49:44.036 [JavaFX Application Thread] DEBUG PrimaryStageWindow   - Creating a JavaFX scene
20:49:44.092 [JavaFX Application Thread] DEBUG PrimaryStageWindow   - Target settings size: 960.0 x 640.0
20:49:44.092 [JavaFX Application Thread] DEBUG PrimaryStageWindow   - Scaled scene size:    960.0 x 640.0
20:49:44.092 [JavaFX Application Thread] DEBUG PrimaryStageWindow   - Scaled ratio: (1.0, 1.0)
20:49:44.092 [JavaFX Application Thread] DEBUG PrimaryStageWindow   - Set initial scene to FXGLStartupScene
20:49:44.095 [JavaFX Application Thread] DEBUG PrimaryStageWindow   - Opening main window
20:49:44.163 [JavaFX Application Thread] DEBUG PrimaryStageWindow   - Window border size: (0.0, 28.0)
20:49:44.163 [JavaFX Application Thread] DEBUG PrimaryStageWindow   - Scaled size: 960.0 x 640.0
20:49:44.163 [JavaFX Application Thread] DEBUG PrimaryStageWindow   - Scaled ratio: (1.0, 1.0)
20:49:44.163 [JavaFX Application Thread] DEBUG PrimaryStageWindow   - Scene size: 960.0 x 640.0
20:49:44.163 [JavaFX Application Thread] DEBUG PrimaryStageWindow   - Stage size: 960.0 x 668.0
20:49:44.166 [FXGL Background Thread 1 ] DEBUG Engine               - Initializing environment variables
20:49:44.192 [FXGL Background Thread 1 ] DEBUG FXGLAssetLoaderServi - User app class for loading assets: class org.example.PlatformerGame
20:49:44.192 [FXGL Background Thread 1 ] DEBUG GameApplicationServi - Applying CSS: fxgl_dark.css
20:49:44.192 [FXGL Background Thread 1 ] DEBUG FXGLAssetLoaderServi - Loading from file system: jar:file:/Users/karinasang/.m2/repository/com/github/almasb/fxgl/17.1/fxgl-17.1.jar!/fxglassets/ui/css/fxgl_dark.css
20:49:44.228 [FXGL Background Thread 1 ] DEBUG GameApplicationServi - Initializing application scenes
20:49:44.392 [FXGL Background Thread 1 ] DEBUG GameWorld            - Game world initialized
20:49:44.415 [FXGL Background Thread 1 ] DEBUG PhysicsWorld         - Physics world initialized: appHeight=640, physics.ppm=50.0
20:49:44.416 [FXGL Background Thread 1 ] DEBUG PhysicsWorld         - Using strategy: BRUTE_FORCE
20:49:44.417 [FXGL Background Thread 1 ] DEBUG GameScene            - Game scene initialized: 960x640
20:49:44.423 [FXGL Background Thread 1 ] DEBUG FXGL.DefaultMenu     - createMenuBodyGameMenu()
20:49:44.430 [FXGL Background Thread 1 ] DEBUG FXGL.DefaultMenu     - createOptionsMenu()
20:49:44.435 [FXGL Background Thread 1 ] DEBUG FXGLAssetLoaderServi - Loading from file system: jar:file:/Users/karinasang/.m2/repository/com/github/almasb/fxgl/17.1/fxgl-17.1.jar!/fxglassets/textures/particles/smoke.png
20:49:44.488 [FXGL Background Thread 1 ] DEBUG FXGLAssetLoaderServi - Loading from file system: jar:file:/Users/karinasang/.m2/repository/com/github/almasb/fxgl/17.1/fxgl-17.1.jar!/fxglassets/textures/particles/trace_horizontal.png
20:49:44.506 [FXGL Background Thread 1 ] DEBUG GameApplicationServi - Application scenes initialized
20:49:44.512 [FXGL Background Thread 1 ] DEBUG SystemBundleService  - Loading FXGL system data
20:49:44.514 [FXGL Background Thread 1 ] DEBUG FileSystemAccess     - Reading from: /Users/karinasang/Sherry/PlatformerGame/system/fxgl.bundle
20:49:44.519 [FXGL Background Thread 1 ] DEBUG SystemBundleService  - Bundle FXGL: {}
20:49:44.520 [FXGL Background Thread 1 ] DEBUG UpdaterService       - Checking for updates
20:49:44.521 [FXGL Background Thread 4 ] DEBUG FXGLApplication      - Loading fonts
20:49:44.521 [FXGL Background Thread 1 ] DEBUG FXGLApplication      - Loading default localization
20:49:44.521 [FXGL Background Thread 4 ] DEBUG FXGLAssetLoaderServi - Loading from file system: jar:file:/Users/karinasang/.m2/repository/com/github/almasb/fxgl/17.1/fxgl-17.1.jar!/fxglassets/ui/fonts/VarelaRound-Regular.ttf
20:49:44.522 [FXGL Background Thread 1 ] DEBUG FXGLAssetLoaderServi - Loading from file system: jar:file:/Users/karinasang/.m2/repository/com/github/almasb/fxgl/17.1/fxgl-17.1.jar!/fxglassets/languages/english.lang
20:49:44.531 [FXGL Background Thread 4 ] DEBUG FXGLAssetLoaderServi - Loading from file system: jar:file:/Users/karinasang/.m2/repository/com/github/almasb/fxgl/17.1/fxgl-17.1.jar!/fxglassets/ui/fonts/Abel-Regular.ttf
20:49:44.531 [FXGL Background Thread 1 ] INFO  FXGLApplication      - FXGL initialization took: 0.365 sec
20:49:44.532 [JavaFX Application Thread] DEBUG FXGLAssetLoaderServi - Loading from file system: jar:file:/Users/karinasang/.m2/repository/com/github/almasb/fxgl/17.1/fxgl-17.1.jar!/fxglassets/textures/fxgl_icon.png
20:49:44.533 [FXGL Background Thread 4 ] DEBUG FXGLAssetLoaderServi - Loading from file system: jar:file:/Users/karinasang/.m2/repository/com/github/almasb/fxgl/17.1/fxgl-17.1.jar!/fxglassets/ui/fonts/TerminalLandMono-Regular.otf
20:49:44.536 [FXGL Background Thread 4 ] DEBUG FXGLAssetLoaderServi - Loading from file system: jar:file:/Users/karinasang/.m2/repository/com/github/almasb/fxgl/17.1/fxgl-17.1.jar!/fxglassets/ui/fonts/Courier-Prime.ttf
20:49:44.549 [JavaFX Application Thread] DEBUG FXGLAssetLoaderServi - Loading from file system: jar:file:/Users/karinasang/.m2/repository/com/github/almasb/fxgl/17.1/fxgl-17.1.jar!/fxglassets/textures/fxgl_default_cursor.png
20:49:44.554 [JavaFX Application Thread] DEBUG Input                - Registered new binding: Screenshot - CTRL+8
20:49:44.554 [JavaFX Application Thread] DEBUG Input                - Registered new binding: System info dump - CTRL+9
20:49:44.554 [JavaFX Application Thread] DEBUG Input                - Registered new binding: Restart - CTRL+R
20:49:44.555 [JavaFX Application Thread] DEBUG Input                - Registered new binding: Toggle Debug Camera - CTRL+7
20:49:44.555 [JavaFX Application Thread] DEBUG LoopRunner           - Starting loop
20:49:44.555 [JavaFX Application Thread] DEBUG LoopRunner           - Initializing JavaFX AnimationTimerLoop
20:49:44.556 [JavaFX Application Thread] DEBUG GameApplicationServi - Starting new game
20:49:44.556 [JavaFX Application Thread] DEBUG Input                - Clearing active input actions
20:49:44.561 [JavaFX Application Thread] DEBUG GameApplicationServi - Removing overlay from FXGLStartupScene and adding to FXGLLoadingScene
20:49:44.561 [JavaFX Application Thread] DEBUG PrimaryStageWindow   - FXGLStartupScene -> FXGLLoadingScene
20:49:44.561 [JavaFX Application Thread] DEBUG GameApplicationServi - Clearing previous game
20:49:44.561 [JavaFX Application Thread] DEBUG GameScene            - Clearing game scene
20:49:44.561 [JavaFX Application Thread] DEBUG GameWorld            - Clearing game world
20:49:44.561 [JavaFX Application Thread] DEBUG PhysicsWorld         - Clearing physics world
20:49:44.562 [FXGL Background Thread 4 ] DEBUG FXGLApplication      - Initializing game
20:49:44.562 [FXGL Background Thread 4 ] INFO  FXGLApplication      - Game initialization took: 0.000 sec
20:49:44.598 [JavaFX Application Thread] DEBUG FXGLApplication      - Registering font factories with UI factory
20:49:44.601 [JavaFX Application Thread] DEBUG Input                - Clearing active input actions
20:49:44.604 [JavaFX Application Thread] DEBUG GameApplicationServi - Removing overlay from FXGLLoadingScene and adding to GameScene
20:49:44.604 [JavaFX Application Thread] DEBUG PrimaryStageWindow   - FXGLLoadingScene -> GameScene
20:49:44.832 [FXGL Background Thread 2 ] INFO  UpdaterService       - Your current version:  17.1
20:49:44.832 [FXGL Background Thread 2 ] INFO  UpdaterService       - Latest stable version: 17.3
20:49:46.167 [JavaFX Application Thread] DEBUG FXGLApplication      - Exiting FXGL
20:49:46.167 [JavaFX Application Thread] DEBUG LoopRunner           - Stopping loop
20:49:46.167 [JavaFX Application Thread] DEBUG SystemBundleService  - Saving FXGL system data
20:49:46.169 [JavaFX Application Thread] DEBUG FileSystemAccess     - Writing to: /Users/karinasang/Sherry/PlatformerGame/system/fxgl.bundle
20:49:46.170 [JavaFX Application Thread] DEBUG Async                - Shutting down background threads
20:49:46.170 [JavaFX Application Thread] DEBUG PrimaryStageWindow   - Closing main window
20:49:46.176 [JavaFX Application Thread] DEBUG Logger               - Closing Logger
