15:56:48.831 [main                     ] DEBUG Logger               - Configured Logger
15:56:48.848 [main                     ] DEBUG GameApplication      - Logging settings
Title: Platformer Game
Version: 0.0
Width: 960
Height: 640
Fullscreen: false
Intro: false
Profiling: false
Single step:false
App Mode: DEVELOPER
Menu Key: ESCAPE
Stage Style: DECORATED
Scene Factory: class com.almasb.fxgl.app.scene.SceneFactory

15:56:49.229 [JavaFX Application Thread] DEBUG FXGLApplication      - Initializing FXGL
15:56:49.231 [JavaFX Application Thread] INFO  Engine               - FXGL-17.1 (24.03.2022 17.34) on MAC (J:19.0.1 FX:18)
15:56:49.231 [JavaFX Application Thread] DEBUG Engine               - JRE Vendor Name: Oracle Corporation
15:56:49.231 [JavaFX Application Thread] DEBUG Engine               - Running on OS: Mac OS X version 13.3.1
15:56:49.231 [JavaFX Application Thread] DEBUG Engine               - Architecture: aarch64
15:56:49.231 [JavaFX Application Thread] INFO  Engine               - Source code and latest versions at: https://github.com/AlmasB/FXGL
15:56:49.231 [JavaFX Application Thread] INFO  Engine               -       Ask questions and discuss at: https://github.com/AlmasB/FXGL/discussions
15:56:49.232 [JavaFX Application Thread] INFO  Engine               -              Join the FXGL chat at: https://gitter.im/AlmasB/FXGL
15:56:49.284 [JavaFX Application Thread] DEBUG PrimaryStageWindow   - Creating a JavaFX scene
15:56:49.342 [JavaFX Application Thread] DEBUG PrimaryStageWindow   - Target settings size: 960.0 x 640.0
15:56:49.342 [JavaFX Application Thread] DEBUG PrimaryStageWindow   - Scaled scene size:    960.0 x 640.0
15:56:49.342 [JavaFX Application Thread] DEBUG PrimaryStageWindow   - Scaled ratio: (1.0, 1.0)
15:56:49.343 [JavaFX Application Thread] DEBUG PrimaryStageWindow   - Set initial scene to FXGLStartupScene
15:56:49.346 [JavaFX Application Thread] DEBUG PrimaryStageWindow   - Opening main window
15:56:49.408 [JavaFX Application Thread] DEBUG PrimaryStageWindow   - Window border size: (0.0, 28.0)
15:56:49.408 [JavaFX Application Thread] DEBUG PrimaryStageWindow   - Scaled size: 960.0 x 640.0
15:56:49.408 [JavaFX Application Thread] DEBUG PrimaryStageWindow   - Scaled ratio: (1.0, 1.0)
15:56:49.408 [JavaFX Application Thread] DEBUG PrimaryStageWindow   - Scene size: 960.0 x 640.0
15:56:49.408 [JavaFX Application Thread] DEBUG PrimaryStageWindow   - Stage size: 960.0 x 668.0
15:56:49.411 [FXGL Background Thread 1 ] DEBUG Engine               - Initializing environment variables
15:56:49.434 [FXGL Background Thread 1 ] DEBUG FXGLAssetLoaderServi - User app class for loading assets: class org.example.PlatformerGame
15:56:49.434 [FXGL Background Thread 1 ] DEBUG GameApplicationServi - Applying CSS: fxgl_dark.css
15:56:49.435 [FXGL Background Thread 1 ] DEBUG FXGLAssetLoaderServi - Loading from file system: jar:file:/Users/karinasang/.m2/repository/com/github/almasb/fxgl/17.1/fxgl-17.1.jar!/fxglassets/ui/css/fxgl_dark.css
15:56:49.460 [FXGL Background Thread 1 ] DEBUG GameApplicationServi - Initializing application scenes
15:56:49.576 [FXGL Background Thread 1 ] DEBUG GameWorld            - Game world initialized
15:56:49.599 [FXGL Background Thread 1 ] DEBUG PhysicsWorld         - Physics world initialized: appHeight=640, physics.ppm=50.0
15:56:49.599 [FXGL Background Thread 1 ] DEBUG PhysicsWorld         - Using strategy: BRUTE_FORCE
15:56:49.601 [FXGL Background Thread 1 ] DEBUG GameScene            - Game scene initialized: 960x640
15:56:49.606 [FXGL Background Thread 1 ] DEBUG FXGL.DefaultMenu     - createMenuBodyGameMenu()
15:56:49.614 [FXGL Background Thread 1 ] DEBUG FXGL.DefaultMenu     - createOptionsMenu()
15:56:49.619 [FXGL Background Thread 1 ] DEBUG FXGLAssetLoaderServi - Loading from file system: jar:file:/Users/karinasang/.m2/repository/com/github/almasb/fxgl/17.1/fxgl-17.1.jar!/fxglassets/textures/particles/smoke.png
15:56:49.674 [FXGL Background Thread 1 ] DEBUG FXGLAssetLoaderServi - Loading from file system: jar:file:/Users/karinasang/.m2/repository/com/github/almasb/fxgl/17.1/fxgl-17.1.jar!/fxglassets/textures/particles/trace_horizontal.png
15:56:49.690 [FXGL Background Thread 1 ] DEBUG GameApplicationServi - Application scenes initialized
15:56:49.695 [FXGL Background Thread 1 ] DEBUG SystemBundleService  - Loading FXGL system data
15:56:49.697 [FXGL Background Thread 1 ] DEBUG FileSystemAccess     - Reading from: /Users/karinasang/Sherry/PlatformerGame/system/fxgl.bundle
15:56:49.702 [FXGL Background Thread 1 ] DEBUG SystemBundleService  - Bundle FXGL: {}
15:56:49.702 [FXGL Background Thread 1 ] DEBUG UpdaterService       - Checking for updates
15:56:49.704 [FXGL Background Thread 4 ] DEBUG FXGLApplication      - Loading fonts
15:56:49.704 [FXGL Background Thread 1 ] DEBUG FXGLApplication      - Loading default localization
15:56:49.704 [FXGL Background Thread 4 ] DEBUG FXGLAssetLoaderServi - Loading from file system: jar:file:/Users/karinasang/.m2/repository/com/github/almasb/fxgl/17.1/fxgl-17.1.jar!/fxglassets/ui/fonts/VarelaRound-Regular.ttf
15:56:49.704 [FXGL Background Thread 1 ] DEBUG FXGLAssetLoaderServi - Loading from file system: jar:file:/Users/karinasang/.m2/repository/com/github/almasb/fxgl/17.1/fxgl-17.1.jar!/fxglassets/languages/english.lang
15:56:49.713 [FXGL Background Thread 1 ] INFO  FXGLApplication      - FXGL initialization took: 0.302 sec
15:56:49.714 [JavaFX Application Thread] DEBUG FXGLAssetLoaderServi - Loading from file system: jar:file:/Users/karinasang/.m2/repository/com/github/almasb/fxgl/17.1/fxgl-17.1.jar!/fxglassets/textures/fxgl_icon.png
15:56:49.715 [FXGL Background Thread 4 ] DEBUG FXGLAssetLoaderServi - Loading from file system: jar:file:/Users/karinasang/.m2/repository/com/github/almasb/fxgl/17.1/fxgl-17.1.jar!/fxglassets/ui/fonts/Abel-Regular.ttf
15:56:49.717 [FXGL Background Thread 4 ] DEBUG FXGLAssetLoaderServi - Loading from file system: jar:file:/Users/karinasang/.m2/repository/com/github/almasb/fxgl/17.1/fxgl-17.1.jar!/fxglassets/ui/fonts/TerminalLandMono-Regular.otf
15:56:49.720 [FXGL Background Thread 4 ] DEBUG FXGLAssetLoaderServi - Loading from file system: jar:file:/Users/karinasang/.m2/repository/com/github/almasb/fxgl/17.1/fxgl-17.1.jar!/fxglassets/ui/fonts/Courier-Prime.ttf
15:56:49.728 [JavaFX Application Thread] DEBUG FXGLAssetLoaderServi - Loading from file system: jar:file:/Users/karinasang/.m2/repository/com/github/almasb/fxgl/17.1/fxgl-17.1.jar!/fxglassets/textures/fxgl_default_cursor.png
15:56:49.733 [JavaFX Application Thread] DEBUG Input                - Registered new binding: Screenshot - CTRL+8
15:56:49.733 [JavaFX Application Thread] DEBUG Input                - Registered new binding: System info dump - CTRL+9
15:56:49.733 [JavaFX Application Thread] DEBUG Input                - Registered new binding: Restart - CTRL+R
15:56:49.733 [JavaFX Application Thread] DEBUG Input                - Registered new binding: Toggle Debug Camera - CTRL+7
15:56:49.734 [JavaFX Application Thread] DEBUG LoopRunner           - Starting loop
15:56:49.734 [JavaFX Application Thread] DEBUG LoopRunner           - Initializing JavaFX AnimationTimerLoop
15:56:49.735 [JavaFX Application Thread] DEBUG GameApplicationServi - Starting new game
15:56:49.735 [JavaFX Application Thread] DEBUG Input                - Clearing active input actions
15:56:49.740 [JavaFX Application Thread] DEBUG GameApplicationServi - Removing overlay from FXGLStartupScene and adding to FXGLLoadingScene
15:56:49.740 [JavaFX Application Thread] DEBUG PrimaryStageWindow   - FXGLStartupScene -> FXGLLoadingScene
15:56:49.740 [JavaFX Application Thread] DEBUG GameApplicationServi - Clearing previous game
15:56:49.740 [JavaFX Application Thread] DEBUG GameScene            - Clearing game scene
15:56:49.740 [JavaFX Application Thread] DEBUG GameWorld            - Clearing game world
15:56:49.740 [JavaFX Application Thread] DEBUG PhysicsWorld         - Clearing physics world
15:56:49.741 [FXGL Background Thread 4 ] DEBUG FXGLApplication      - Initializing game
15:56:49.762 [FXGL Background Thread 4 ] WARN  TMXLevelLoader       - TiledMap generated from 1.9.2. Supported version: 1.4.2. Some features may not be parsed fully.
15:56:49.768 [JavaFX Application Thread] DEBUG FXGLApplication      - Registering font factories with UI factory
15:56:49.770 [FXGL Background Thread 4 ] DEBUG TMXLevelLoader       - Parsed TiledMap: file:/Users/karinasang/Sherry/PlatformerGame/target/classes/assets/levels/level1_map.tmx
15:56:49.771 [FXGL Background Thread 4 ] DEBUG TMXLevelLoader       - Creating tile layer entities
15:56:49.772 [FXGL Background Thread 4 ] DEBUG TilesetLoader        - Loading view for layer background
15:56:49.772 [FXGL Background Thread 4 ] DEBUG TilesetLoader        - Created buffer with size 960.0x640.0
15:56:49.804 [FXGL Background Thread 4 ] DEBUG TilesetLoader        - Loading view for layer decor
15:56:49.808 [FXGL Background Thread 4 ] DEBUG TilesetLoader        - Created buffer with size 960.0x640.0
15:56:49.808 [FXGL Background Thread 4 ] DEBUG TMXLevelLoader       - Creating object layer entities
15:56:49.818 [FXGL Background Thread 4 ] DEBUG GameWorld            - Clearing removable entities
15:56:49.818 [FXGL Background Thread 4 ] DEBUG GameWorld            - Setting level: com.almasb.fxgl.entity.level.Level@6472783c
15:56:49.819 [FXGL Background Thread 4 ] DEBUG FXGLAssetLoaderServi - Loading from file system: file:/Users/karinasang/Sherry/PlatformerGame/target/classes/assets/textures/background/forest.png
15:56:49.829 [FXGL Background Thread 4 ] INFO  FXGLApplication      - Game initialization took: 0.088 sec
15:56:49.842 [JavaFX Application Thread] DEBUG Input                - Clearing active input actions
15:56:49.846 [JavaFX Application Thread] DEBUG GameApplicationServi - Removing overlay from FXGLLoadingScene and adding to GameScene
15:56:49.846 [JavaFX Application Thread] DEBUG PrimaryStageWindow   - FXGLLoadingScene -> GameScene
15:56:50.059 [FXGL Background Thread 2 ] INFO  UpdaterService       - Your current version:  17.1
15:56:50.059 [FXGL Background Thread 2 ] INFO  UpdaterService       - Latest stable version: 17.3
15:56:52.709 [FXGL Background Thread 3 ] DEBUG Engine               - Logging environment variables
15:56:52.710 [FXGL Background Thread 3 ] DEBUG Engine               - achievements: []
15:56:52.711 [FXGL Background Thread 3 ] DEBUG Engine               - actualHeight: 640.0
15:56:52.711 [FXGL Background Thread 3 ] DEBUG Engine               - actualHeightProperty: ReadOnlyDoubleProperty [value: 640.0]
15:56:52.711 [FXGL Background Thread 3 ] DEBUG Engine               - actualWidth: 960.0
15:56:52.711 [FXGL Background Thread 3 ] DEBUG Engine               - actualWidthProperty: ReadOnlyDoubleProperty [value: 960.0]
15:56:52.711 [FXGL Background Thread 3 ] DEBUG Engine               - appIcon: fxgl_icon.png
15:56:52.711 [FXGL Background Thread 3 ] DEBUG Engine               - applicationMode: DEVELOPER
15:56:52.712 [FXGL Background Thread 3 ] DEBUG Engine               - cSSList: [fxgl_dark.css]
15:56:52.712 [FXGL Background Thread 3 ] DEBUG Engine               - collisionDetectionStrategy: BRUTE_FORCE
15:56:52.712 [FXGL Background Thread 3 ] DEBUG Engine               - configClass: Optional.empty
15:56:52.712 [FXGL Background Thread 3 ] DEBUG Engine               - credits: []
15:56:52.712 [FXGL Background Thread 3 ] DEBUG Engine               - defaultCursor: CursorInfo(imageName=fxgl_default_cursor.png, hotspotX=7.0, hotspotY=6.0)
15:56:52.713 [FXGL Background Thread 3 ] DEBUG Engine               - devBBoxColorProperty: ObjectProperty [value: 0xff0000ff]
15:56:52.713 [FXGL Background Thread 3 ] DEBUG Engine               - devEnableDebugCameraProperty: BooleanProperty [value: false]
15:56:52.713 [FXGL Background Thread 3 ] DEBUG Engine               - devSensorColorProperty: ObjectProperty [value: 0xffff00ff]
15:56:52.713 [FXGL Background Thread 3 ] DEBUG Engine               - devShowBBoxProperty: BooleanProperty [value: false]
15:56:52.713 [FXGL Background Thread 3 ] DEBUG Engine               - devShowPositionProperty: BooleanProperty [value: false]
15:56:52.713 [FXGL Background Thread 3 ] DEBUG Engine               - enabledMenuItems: []
15:56:52.714 [FXGL Background Thread 3 ] DEBUG Engine               - engineServices: [class com.almasb.fxgl.app.services.FXGLAssetLoaderService, class com.almasb.fxgl.app.FXGLApplication$GameApplicationService, class com.almasb.fxgl.app.services.FXGLDialogService, class com.almasb.fxgl.app.services.IOTaskExecutorService, class com.almasb.fxgl.io.FileSystemService, class com.almasb.fxgl.localization.LocalizationService, class com.almasb.fxgl.app.services.SystemBundleService, class com.almasb.fxgl.profile.SaveLoadService, class com.almasb.fxgl.ui.FXGLUIFactoryServiceProvider, class com.almasb.fxgl.ui.FXGLDialogFactoryServiceProvider, class com.almasb.fxgl.audio.AudioPlayer, class com.almasb.fxgl.notification.impl.NotificationServiceProvider, class com.almasb.fxgl.achievement.AchievementService, class com.almasb.fxgl.cutscene.CutsceneService, class com.almasb.fxgl.minigames.MiniGameService, class com.almasb.fxgl.net.NetService, class com.almasb.fxgl.app.services.UpdaterService, class com.almasb.fxgl.dev.DevService]
15:56:52.714 [FXGL Background Thread 3 ] DEBUG Engine               - fontGame: Abel-Regular.ttf
15:56:52.714 [FXGL Background Thread 3 ] DEBUG Engine               - fontMono: TerminalLandMono-Regular.otf
15:56:52.714 [FXGL Background Thread 3 ] DEBUG Engine               - fontText: Courier-Prime.ttf
15:56:52.714 [FXGL Background Thread 3 ] DEBUG Engine               - fontUI: VarelaRound-Regular.ttf
15:56:52.714 [FXGL Background Thread 3 ] DEBUG Engine               - fullScreen: BooleanProperty [value: false]
15:56:52.714 [FXGL Background Thread 3 ] DEBUG Engine               - gameDifficulty: MEDIUM
15:56:52.714 [FXGL Background Thread 3 ] DEBUG Engine               - gameDifficultyProperty: ObjectProperty [value: MEDIUM]
15:56:52.714 [FXGL Background Thread 3 ] DEBUG Engine               - globalMusicVolume: 0.5
15:56:52.714 [FXGL Background Thread 3 ] DEBUG Engine               - globalMusicVolumeProperty: DoubleProperty [value: 0.5]
15:56:52.714 [FXGL Background Thread 3 ] DEBUG Engine               - globalSoundVolume: 0.5
15:56:52.714 [FXGL Background Thread 3 ] DEBUG Engine               - globalSoundVolumeProperty: DoubleProperty [value: 0.5]
15:56:52.715 [FXGL Background Thread 3 ] DEBUG Engine               - height: 640
15:56:52.715 [FXGL Background Thread 3 ] DEBUG Engine               - is3D: false
15:56:52.715 [FXGL Background Thread 3 ] DEBUG Engine               - isAndroid: false
15:56:52.715 [FXGL Background Thread 3 ] DEBUG Engine               - isBrowser: false
15:56:52.715 [FXGL Background Thread 3 ] DEBUG Engine               - isClickFeedbackEnabled: false
15:56:52.715 [FXGL Background Thread 3 ] DEBUG Engine               - isCloseConfirmation: false
15:56:52.715 [FXGL Background Thread 3 ] DEBUG Engine               - isDesktop: true
15:56:52.715 [FXGL Background Thread 3 ] DEBUG Engine               - isDeveloperMenuEnabled: false
15:56:52.715 [FXGL Background Thread 3 ] DEBUG Engine               - isEmbedded: false
15:56:52.715 [FXGL Background Thread 3 ] DEBUG Engine               - isEntityPreloadEnabled: true
15:56:52.715 [FXGL Background Thread 3 ] DEBUG Engine               - isExperimentalTiledLargeMap: false
15:56:52.715 [FXGL Background Thread 3 ] DEBUG Engine               - isFileSystemWriteAllowed: true
15:56:52.715 [FXGL Background Thread 3 ] DEBUG Engine               - isFullScreenAllowed: false
15:56:52.715 [FXGL Background Thread 3 ] DEBUG Engine               - isFullScreenFromStart: false
15:56:52.715 [FXGL Background Thread 3 ] DEBUG Engine               - isGameMenuEnabled: true
15:56:52.715 [FXGL Background Thread 3 ] DEBUG Engine               - isIOS: false
15:56:52.715 [FXGL Background Thread 3 ] DEBUG Engine               - isIntroEnabled: false
15:56:52.715 [FXGL Background Thread 3 ] DEBUG Engine               - isLinux: false
15:56:52.715 [FXGL Background Thread 3 ] DEBUG Engine               - isMac: true
15:56:52.716 [FXGL Background Thread 3 ] DEBUG Engine               - isMainMenuEnabled: false
15:56:52.716 [FXGL Background Thread 3 ] DEBUG Engine               - isManualResizeEnabled: false
15:56:52.716 [FXGL Background Thread 3 ] DEBUG Engine               - isMobile: false
15:56:52.716 [FXGL Background Thread 3 ] DEBUG Engine               - isNative: false
15:56:52.716 [FXGL Background Thread 3 ] DEBUG Engine               - isPauseMusicWhenMinimized: true
15:56:52.716 [FXGL Background Thread 3 ] DEBUG Engine               - isPreserveResizeRatio: false
15:56:52.716 [FXGL Background Thread 3 ] DEBUG Engine               - isProfilingEnabled: false
15:56:52.716 [FXGL Background Thread 3 ] DEBUG Engine               - isScaleAffectedOnResize: true
15:56:52.716 [FXGL Background Thread 3 ] DEBUG Engine               - isSingleStep: false
15:56:52.716 [FXGL Background Thread 3 ] DEBUG Engine               - isUserProfileEnabled: false
15:56:52.716 [FXGL Background Thread 3 ] DEBUG Engine               - isWindows: false
15:56:52.716 [FXGL Background Thread 3 ] DEBUG Engine               - language: ObjectProperty [value: ENGLISH]
15:56:52.716 [FXGL Background Thread 3 ] DEBUG Engine               - menuKey: ESCAPE
15:56:52.716 [FXGL Background Thread 3 ] DEBUG Engine               - mouseSensitivity: 0.2
15:56:52.716 [FXGL Background Thread 3 ] DEBUG Engine               - notificationViewClass: class com.almasb.fxgl.notification.view.XboxNotificationView
15:56:52.716 [FXGL Background Thread 3 ] DEBUG Engine               - pixelsPerMeter: 50.0
15:56:52.716 [FXGL Background Thread 3 ] DEBUG Engine               - platform: MAC
15:56:52.716 [FXGL Background Thread 3 ] DEBUG Engine               - prefHeightProperty: ReadOnlyDoubleProperty [value: 640.0]
15:56:52.716 [FXGL Background Thread 3 ] DEBUG Engine               - prefWidthProperty: ReadOnlyDoubleProperty [value: 960.0]
15:56:52.717 [FXGL Background Thread 3 ] DEBUG Engine               - profileDir: profiles/
15:56:52.717 [FXGL Background Thread 3 ] DEBUG Engine               - profileName: StringProperty [value: DEFAULT]
15:56:52.717 [FXGL Background Thread 3 ] DEBUG Engine               - randomSeed: -1
15:56:52.717 [FXGL Background Thread 3 ] DEBUG Engine               - runtimeInfo: RuntimeInfo(platform=MAC, version=17.1, build=24.03.2022 17.34)
15:56:52.717 [FXGL Background Thread 3 ] DEBUG Engine               - saveFileExt: sav
15:56:52.717 [FXGL Background Thread 3 ] DEBUG Engine               - scaledHeightProp$fxgl: DoubleProperty [bound, value: 640.0]
15:56:52.717 [FXGL Background Thread 3 ] DEBUG Engine               - scaledWidthProp$fxgl: DoubleProperty [bound, value: 960.0]
15:56:52.717 [FXGL Background Thread 3 ] DEBUG Engine               - sceneFactory: com.almasb.fxgl.app.scene.SceneFactory@44e544f8
15:56:52.717 [FXGL Background Thread 3 ] DEBUG Engine               - secondsIn24h: 60
15:56:52.717 [FXGL Background Thread 3 ] DEBUG Engine               - soundMenuBack: menu/back.wav
15:56:52.717 [FXGL Background Thread 3 ] DEBUG Engine               - soundMenuPress: menu/press.wav
15:56:52.718 [FXGL Background Thread 3 ] DEBUG Engine               - soundMenuSelect: menu/select.wav
15:56:52.718 [FXGL Background Thread 3 ] DEBUG Engine               - soundNotification: core/notification.wav
15:56:52.718 [FXGL Background Thread 3 ] DEBUG Engine               - stageStyle: DECORATED
15:56:52.718 [FXGL Background Thread 3 ] DEBUG Engine               - supportedLanguages: [ENGLISH, FRENCH, GERMAN, HUNGARIAN, RUSSIAN]
15:56:52.718 [FXGL Background Thread 3 ] DEBUG Engine               - ticksPerSecond: -1
15:56:52.718 [FXGL Background Thread 3 ] DEBUG Engine               - title: Platformer Game
15:56:52.718 [FXGL Background Thread 3 ] DEBUG Engine               - urlGithub: https://github.com/AlmasB/FXGL
15:56:52.718 [FXGL Background Thread 3 ] DEBUG Engine               - urlLeaderboard: http://fxgl-top.herokuapp.com/
15:56:52.718 [FXGL Background Thread 3 ] DEBUG Engine               - urlPOM: https://raw.githubusercontent.com/AlmasB/FXGL/release/README.md
15:56:52.718 [FXGL Background Thread 3 ] DEBUG Engine               - userAppClass: class org.example.PlatformerGame
15:56:52.718 [FXGL Background Thread 3 ] DEBUG Engine               - version: 0.0
15:56:52.718 [FXGL Background Thread 3 ] DEBUG Engine               - versionCheckDays: 7
15:56:52.718 [FXGL Background Thread 3 ] DEBUG Engine               - width: 960
15:56:52.718 [FXGL Background Thread 3 ] DEBUG Engine               - Logging services
15:56:52.718 [FXGL Background Thread 3 ] DEBUG Engine               - class com.almasb.fxgl.app.services.FXGLAssetLoaderService
15:56:52.718 [FXGL Background Thread 3 ] DEBUG Engine               - class com.almasb.fxgl.app.FXGLApplication$GameApplicationService
15:56:52.718 [FXGL Background Thread 3 ] DEBUG Engine               - class com.almasb.fxgl.app.services.FXGLDialogService
15:56:52.718 [FXGL Background Thread 3 ] DEBUG Engine               - class com.almasb.fxgl.app.services.IOTaskExecutorService
15:56:52.718 [FXGL Background Thread 3 ] DEBUG Engine               - class com.almasb.fxgl.io.FileSystemService
15:56:52.718 [FXGL Background Thread 3 ] DEBUG Engine               - class com.almasb.fxgl.localization.LocalizationService
15:56:52.718 [FXGL Background Thread 3 ] DEBUG Engine               - class com.almasb.fxgl.app.services.SystemBundleService
15:56:52.719 [FXGL Background Thread 3 ] DEBUG Engine               - class com.almasb.fxgl.profile.SaveLoadService
15:56:52.719 [FXGL Background Thread 3 ] DEBUG Engine               - class com.almasb.fxgl.ui.FXGLUIFactoryServiceProvider
15:56:52.719 [FXGL Background Thread 3 ] DEBUG Engine               - class com.almasb.fxgl.ui.FXGLDialogFactoryServiceProvider
15:56:52.719 [FXGL Background Thread 3 ] DEBUG Engine               - class com.almasb.fxgl.audio.AudioPlayer
15:56:52.719 [FXGL Background Thread 3 ] DEBUG Engine               - class com.almasb.fxgl.notification.impl.NotificationServiceProvider
15:56:52.719 [FXGL Background Thread 3 ] DEBUG Engine               - class com.almasb.fxgl.achievement.AchievementService
15:56:52.719 [FXGL Background Thread 3 ] DEBUG Engine               - class com.almasb.fxgl.cutscene.CutsceneService
15:56:52.719 [FXGL Background Thread 3 ] DEBUG Engine               - class com.almasb.fxgl.minigames.MiniGameService
15:56:52.719 [FXGL Background Thread 3 ] DEBUG Engine               - class com.almasb.fxgl.net.NetService
15:56:52.719 [FXGL Background Thread 3 ] DEBUG Engine               - class com.almasb.fxgl.app.services.UpdaterService
15:56:52.719 [FXGL Background Thread 3 ] DEBUG Engine               - class com.almasb.fxgl.dev.DevService
15:56:54.140 [JavaFX Application Thread] DEBUG FXGLApplication      - Exiting FXGL
15:56:54.140 [JavaFX Application Thread] DEBUG LoopRunner           - Stopping loop
15:56:54.140 [JavaFX Application Thread] DEBUG SystemBundleService  - Saving FXGL system data
15:56:54.144 [JavaFX Application Thread] DEBUG FileSystemAccess     - Writing to: /Users/karinasang/Sherry/PlatformerGame/system/fxgl.bundle
15:56:54.147 [JavaFX Application Thread] DEBUG Async                - Shutting down background threads
15:56:54.147 [JavaFX Application Thread] DEBUG PrimaryStageWindow   - Closing main window
15:56:54.156 [JavaFX Application Thread] DEBUG Logger               - Closing Logger
