17:28:08.184 [main                     ] DEBUG Logger               - Configured Logger
17:28:08.206 [main                     ] DEBUG GameApplication      - Logging settings
Title: Platformer Game
Version: 0.0
Width: 960
Height: 640
Fullscreen: false
Intro: false
Profiling: false
Single step:false
App Mode: DEVELOPER
Menu Key: ESCAPE
Stage Style: DECORATED
Scene Factory: class com.almasb.fxgl.app.scene.SceneFactory

17:28:08.737 [JavaFX Application Thread] DEBUG FXGLApplication      - Initializing FXGL
17:28:08.742 [JavaFX Application Thread] INFO  Engine               - FXGL-17.1 (24.03.2022 17.34) on WINDOWS (J:19.0.2 FX:18)
17:28:08.743 [JavaFX Application Thread] DEBUG Engine               - JRE Vendor Name: Oracle Corporation
17:28:08.744 [JavaFX Application Thread] DEBUG Engine               - Running on OS: Windows 10 version 10.0
17:28:08.744 [JavaFX Application Thread] DEBUG Engine               - Architecture: amd64
17:28:08.744 [JavaFX Application Thread] INFO  Engine               - Source code and latest versions at: https://github.com/AlmasB/FXGL
17:28:08.744 [JavaFX Application Thread] INFO  Engine               -       Ask questions and discuss at: https://github.com/AlmasB/FXGL/discussions
17:28:08.744 [JavaFX Application Thread] INFO  Engine               -              Join the FXGL chat at: https://gitter.im/AlmasB/FXGL
17:28:08.861 [JavaFX Application Thread] DEBUG PrimaryStageWindow   - Creating a JavaFX scene
17:28:08.959 [JavaFX Application Thread] DEBUG PrimaryStageWindow   - Target settings size: 960.0 x 640.0
17:28:08.960 [JavaFX Application Thread] DEBUG PrimaryStageWindow   - Scaled scene size:    960.0 x 640.0
17:28:08.960 [JavaFX Application Thread] DEBUG PrimaryStageWindow   - Scaled ratio: (1.0, 1.0)
17:28:08.961 [JavaFX Application Thread] DEBUG PrimaryStageWindow   - Set initial scene to FXGLStartupScene
17:28:08.969 [JavaFX Application Thread] DEBUG PrimaryStageWindow   - Opening main window
17:28:09.072 [JavaFX Application Thread] DEBUG PrimaryStageWindow   - Window border size: (14.66668701171875, 37.33331298828125)
17:28:09.072 [JavaFX Application Thread] DEBUG PrimaryStageWindow   - Scaled size: 960.0 x 640.0
17:28:09.072 [JavaFX Application Thread] DEBUG PrimaryStageWindow   - Scaled ratio: (1.0, 1.0)
17:28:09.072 [JavaFX Application Thread] DEBUG PrimaryStageWindow   - Scene size: 960.0 x 640.0
17:28:09.072 [JavaFX Application Thread] DEBUG PrimaryStageWindow   - Stage size: 974.6666870117188 x 677.3333129882812
17:28:09.080 [FXGL Background Thread 1 ] DEBUG Engine               - Initializing environment variables
17:28:09.132 [FXGL Background Thread 1 ] DEBUG FXGLAssetLoaderServi - User app class for loading assets: class org.example.PlatformerGame
17:28:09.132 [FXGL Background Thread 1 ] DEBUG GameApplicationServi - Applying CSS: fxgl_dark.css
17:28:09.133 [FXGL Background Thread 1 ] DEBUG FXGLAssetLoaderServi - Loading from file system: jar:file:/C:/Users/Administrator/.m2/repository/com/github/almasb/fxgl/17.1/fxgl-17.1.jar!/fxglassets/ui/css/fxgl_dark.css
17:28:09.170 [FXGL Background Thread 1 ] DEBUG GameApplicationServi - Initializing application scenes
17:28:09.209 [FXGL Background Thread 1 ] DEBUG GameWorld            - Game world initialized
17:28:09.258 [FXGL Background Thread 1 ] DEBUG PhysicsWorld         - Physics world initialized: appHeight=640, physics.ppm=50.0
17:28:09.258 [FXGL Background Thread 1 ] DEBUG PhysicsWorld         - Using strategy: BRUTE_FORCE
17:28:09.261 [FXGL Background Thread 1 ] DEBUG GameScene            - Game scene initialized: 960x640
17:28:09.272 [FXGL Background Thread 1 ] DEBUG FXGL.DefaultMenu     - createMenuBodyGameMenu()
17:28:09.287 [FXGL Background Thread 1 ] DEBUG FXGL.DefaultMenu     - createOptionsMenu()
17:28:09.297 [FXGL Background Thread 1 ] DEBUG FXGLAssetLoaderServi - Loading from file system: jar:file:/C:/Users/Administrator/.m2/repository/com/github/almasb/fxgl/17.1/fxgl-17.1.jar!/fxglassets/textures/particles/smoke.png
17:28:09.402 [FXGL Background Thread 1 ] DEBUG FXGLAssetLoaderServi - Loading from file system: jar:file:/C:/Users/Administrator/.m2/repository/com/github/almasb/fxgl/17.1/fxgl-17.1.jar!/fxglassets/textures/particles/trace_horizontal.png
17:28:09.429 [FXGL Background Thread 1 ] DEBUG GameApplicationServi - Application scenes initialized
17:28:09.440 [FXGL Background Thread 1 ] DEBUG SystemBundleService  - Loading FXGL system data
17:28:09.450 [FXGL Background Thread 1 ] DEBUG FileSystemAccess     - Reading from: C:\PlatformerGame\system\fxgl.bundle
17:28:09.459 [FXGL Background Thread 1 ] DEBUG SystemBundleService  - Bundle FXGL: {}
17:28:09.459 [FXGL Background Thread 1 ] DEBUG UpdaterService       - Checking for updates
17:28:09.462 [FXGL Background Thread 4 ] DEBUG FXGLApplication      - Loading fonts
17:28:09.463 [FXGL Background Thread 4 ] DEBUG FXGLAssetLoaderServi - Loading from file system: jar:file:/C:/Users/Administrator/.m2/repository/com/github/almasb/fxgl/17.1/fxgl-17.1.jar!/fxglassets/ui/fonts/VarelaRound-Regular.ttf
17:28:09.463 [FXGL Background Thread 1 ] DEBUG FXGLAssetLoaderServi - Loading from file system: jar:file:/C:/Users/Administrator/.m2/repository/com/github/almasb/fxgl/17.1/fxgl-17.1.jar!/fxglassets/languages/english.lang
17:28:09.488 [FXGL Background Thread 1 ] INFO  FXGLApplication      - FXGL initialization took: 0.408 sec
17:28:09.489 [JavaFX Application Thread] DEBUG FXGLAssetLoaderServi - Loading from file system: jar:file:/C:/Users/Administrator/.m2/repository/com/github/almasb/fxgl/17.1/fxgl-17.1.jar!/fxglassets/textures/fxgl_icon.png
17:28:09.510 [JavaFX Application Thread] DEBUG FXGLAssetLoaderServi - Loading from file system: jar:file:/C:/Users/Administrator/.m2/repository/com/github/almasb/fxgl/17.1/fxgl-17.1.jar!/fxglassets/textures/fxgl_default_cursor.png
17:28:09.521 [JavaFX Application Thread] DEBUG Input                - Registered new binding: Screenshot - CTRL+8
17:28:09.521 [JavaFX Application Thread] DEBUG Input                - Registered new binding: System info dump - CTRL+9
17:28:09.522 [JavaFX Application Thread] DEBUG Input                - Registered new binding: Restart - CTRL+R
17:28:09.522 [JavaFX Application Thread] DEBUG Input                - Registered new binding: Toggle Debug Camera - CTRL+7
17:28:09.524 [JavaFX Application Thread] DEBUG LoopRunner           - Starting loop
17:28:09.524 [JavaFX Application Thread] DEBUG LoopRunner           - Initializing JavaFX AnimationTimerLoop
17:28:09.525 [FXGL Background Thread 4 ] DEBUG FXGLAssetLoaderServi - Loading from file system: jar:file:/C:/Users/Administrator/.m2/repository/com/github/almasb/fxgl/17.1/fxgl-17.1.jar!/fxglassets/ui/fonts/Abel-Regular.ttf
17:28:09.526 [JavaFX Application Thread] DEBUG GameApplicationServi - Starting new game
17:28:09.526 [JavaFX Application Thread] DEBUG Input                - Clearing active input actions
17:28:09.537 [JavaFX Application Thread] DEBUG GameApplicationServi - Removing overlay from FXGLStartupScene and adding to FXGLLoadingScene
17:28:09.537 [JavaFX Application Thread] DEBUG PrimaryStageWindow   - FXGLStartupScene -> FXGLLoadingScene
17:28:09.537 [JavaFX Application Thread] DEBUG GameApplicationServi - Clearing previous game
17:28:09.538 [JavaFX Application Thread] DEBUG GameScene            - Clearing game scene
17:28:09.538 [JavaFX Application Thread] DEBUG GameWorld            - Clearing game world
17:28:09.538 [JavaFX Application Thread] DEBUG PhysicsWorld         - Clearing physics world
17:28:09.538 [FXGL Background Thread 4 ] DEBUG FXGLAssetLoaderServi - Loading from file system: jar:file:/C:/Users/Administrator/.m2/repository/com/github/almasb/fxgl/17.1/fxgl-17.1.jar!/fxglassets/ui/fonts/TerminalLandMono-Regular.otf
17:28:09.539 [FXGL Background Thread 1 ] DEBUG FXGLApplication      - Initializing game
17:28:09.548 [FXGL Background Thread 4 ] DEBUG FXGLAssetLoaderServi - Loading from file system: jar:file:/C:/Users/Administrator/.m2/repository/com/github/almasb/fxgl/17.1/fxgl-17.1.jar!/fxglassets/ui/fonts/Courier-Prime.ttf
17:28:09.584 [JavaFX Application Thread] DEBUG FXGLApplication      - Registering font factories with UI factory
17:28:09.618 [FXGL Background Thread 1 ] WARN  TMXLevelLoader       - TiledMap generated from 1.10.1. Supported version: 1.4.2. Some features may not be parsed fully.
17:28:09.634 [FXGL Background Thread 1 ] DEBUG TMXLevelLoader       - Parsed TiledMap: file:/C:/PlatformerGame/target/classes/assets/levels/yes.tmx
17:28:09.634 [FXGL Background Thread 1 ] DEBUG TMXLevelLoader       - Creating tile layer entities
17:28:09.635 [FXGL Background Thread 1 ] DEBUG TilesetLoader        - Loading view for layer Tile Layer 1
17:28:09.638 [FXGL Background Thread 1 ] DEBUG TilesetLoader        - Created buffer with size 960.0x640.0
17:28:09.666 [FXGL Background Thread 1 ] DEBUG TilesetLoader        - Loading view for layer Tile Layer 2
17:28:09.667 [FXGL Background Thread 1 ] DEBUG TilesetLoader        - Created buffer with size 960.0x640.0
17:28:09.668 [FXGL Background Thread 1 ] DEBUG TMXLevelLoader       - Creating object layer entities
17:28:09.705 [FXGL Background Thread 1 ] DEBUG GameWorld            - Clearing removable entities
17:28:09.706 [FXGL Background Thread 1 ] DEBUG GameWorld            - Setting level: com.almasb.fxgl.entity.level.Level@1a99ca4e
17:28:09.709 [FXGL Background Thread 1 ] INFO  FXGLApplication      - Game initialization took: 0.170 sec
17:28:09.758 [JavaFX Application Thread] DEBUG Input                - Clearing active input actions
17:28:09.768 [JavaFX Application Thread] DEBUG GameApplicationServi - Removing overlay from FXGLLoadingScene and adding to GameScene
17:28:09.769 [JavaFX Application Thread] DEBUG PrimaryStageWindow   - FXGLLoadingScene -> GameScene
17:28:10.163 [FXGL Background Thread 2 ] INFO  UpdaterService       - Your current version:  17.1
17:28:10.163 [FXGL Background Thread 2 ] INFO  UpdaterService       - Latest stable version: 17.3
17:28:12.462 [FXGL Background Thread 3 ] DEBUG Engine               - Logging environment variables
17:28:12.462 [FXGL Background Thread 3 ] DEBUG Engine               - achievements: []
17:28:12.462 [FXGL Background Thread 3 ] DEBUG Engine               - actualHeight: 640.0
17:28:12.462 [FXGL Background Thread 3 ] DEBUG Engine               - actualHeightProperty: ReadOnlyDoubleProperty [value: 640.0]
17:28:12.462 [FXGL Background Thread 3 ] DEBUG Engine               - actualWidth: 960.0
17:28:12.462 [FXGL Background Thread 3 ] DEBUG Engine               - actualWidthProperty: ReadOnlyDoubleProperty [value: 960.0]
17:28:12.463 [FXGL Background Thread 3 ] DEBUG Engine               - appIcon: fxgl_icon.png
17:28:12.463 [FXGL Background Thread 3 ] DEBUG Engine               - applicationMode: DEVELOPER
17:28:12.463 [FXGL Background Thread 3 ] DEBUG Engine               - cSSList: [fxgl_dark.css]
17:28:12.463 [FXGL Background Thread 3 ] DEBUG Engine               - collisionDetectionStrategy: BRUTE_FORCE
17:28:12.463 [FXGL Background Thread 3 ] DEBUG Engine               - configClass: Optional.empty
17:28:12.463 [FXGL Background Thread 3 ] DEBUG Engine               - credits: []
17:28:12.463 [FXGL Background Thread 3 ] DEBUG Engine               - defaultCursor: CursorInfo(imageName=fxgl_default_cursor.png, hotspotX=7.0, hotspotY=6.0)
17:28:12.463 [FXGL Background Thread 3 ] DEBUG Engine               - devBBoxColorProperty: ObjectProperty [value: 0xff0000ff]
17:28:12.463 [FXGL Background Thread 3 ] DEBUG Engine               - devEnableDebugCameraProperty: BooleanProperty [value: false]
17:28:12.463 [FXGL Background Thread 3 ] DEBUG Engine               - devSensorColorProperty: ObjectProperty [value: 0xffff00ff]
17:28:12.463 [FXGL Background Thread 3 ] DEBUG Engine               - devShowBBoxProperty: BooleanProperty [value: false]
17:28:12.463 [FXGL Background Thread 3 ] DEBUG Engine               - devShowPositionProperty: BooleanProperty [value: false]
17:28:12.463 [FXGL Background Thread 3 ] DEBUG Engine               - enabledMenuItems: []
17:28:12.463 [FXGL Background Thread 3 ] DEBUG Engine               - engineServices: [class com.almasb.fxgl.app.services.FXGLAssetLoaderService, class com.almasb.fxgl.app.FXGLApplication$GameApplicationService, class com.almasb.fxgl.app.services.FXGLDialogService, class com.almasb.fxgl.app.services.IOTaskExecutorService, class com.almasb.fxgl.io.FileSystemService, class com.almasb.fxgl.localization.LocalizationService, class com.almasb.fxgl.app.services.SystemBundleService, class com.almasb.fxgl.profile.SaveLoadService, class com.almasb.fxgl.ui.FXGLUIFactoryServiceProvider, class com.almasb.fxgl.ui.FXGLDialogFactoryServiceProvider, class com.almasb.fxgl.audio.AudioPlayer, class com.almasb.fxgl.notification.impl.NotificationServiceProvider, class com.almasb.fxgl.achievement.AchievementService, class com.almasb.fxgl.cutscene.CutsceneService, class com.almasb.fxgl.minigames.MiniGameService, class com.almasb.fxgl.net.NetService, class com.almasb.fxgl.app.services.UpdaterService, class com.almasb.fxgl.dev.DevService]
17:28:12.463 [FXGL Background Thread 3 ] DEBUG Engine               - fontGame: Abel-Regular.ttf
17:28:12.464 [FXGL Background Thread 3 ] DEBUG Engine               - fontMono: TerminalLandMono-Regular.otf
17:28:12.464 [FXGL Background Thread 3 ] DEBUG Engine               - fontText: Courier-Prime.ttf
17:28:12.464 [FXGL Background Thread 3 ] DEBUG Engine               - fontUI: VarelaRound-Regular.ttf
17:28:12.464 [FXGL Background Thread 3 ] DEBUG Engine               - fullScreen: BooleanProperty [value: false]
17:28:12.464 [FXGL Background Thread 3 ] DEBUG Engine               - gameDifficulty: MEDIUM
17:28:12.464 [FXGL Background Thread 3 ] DEBUG Engine               - gameDifficultyProperty: ObjectProperty [value: MEDIUM]
17:28:12.464 [FXGL Background Thread 3 ] DEBUG Engine               - globalMusicVolume: 0.5
17:28:12.464 [FXGL Background Thread 3 ] DEBUG Engine               - globalMusicVolumeProperty: DoubleProperty [value: 0.5]
17:28:12.464 [FXGL Background Thread 3 ] DEBUG Engine               - globalSoundVolume: 0.5
17:28:12.464 [FXGL Background Thread 3 ] DEBUG Engine               - globalSoundVolumeProperty: DoubleProperty [value: 0.5]
17:28:12.464 [FXGL Background Thread 3 ] DEBUG Engine               - height: 640
17:28:12.464 [FXGL Background Thread 3 ] DEBUG Engine               - is3D: false
17:28:12.464 [FXGL Background Thread 3 ] DEBUG Engine               - isAndroid: false
17:28:12.464 [FXGL Background Thread 3 ] DEBUG Engine               - isBrowser: false
17:28:12.464 [FXGL Background Thread 3 ] DEBUG Engine               - isClickFeedbackEnabled: false
17:28:12.464 [FXGL Background Thread 3 ] DEBUG Engine               - isCloseConfirmation: false
17:28:12.464 [FXGL Background Thread 3 ] DEBUG Engine               - isDesktop: true
17:28:12.464 [FXGL Background Thread 3 ] DEBUG Engine               - isDeveloperMenuEnabled: false
17:28:12.464 [FXGL Background Thread 3 ] DEBUG Engine               - isEmbedded: false
17:28:12.464 [FXGL Background Thread 3 ] DEBUG Engine               - isEntityPreloadEnabled: true
17:28:12.464 [FXGL Background Thread 3 ] DEBUG Engine               - isExperimentalTiledLargeMap: false
17:28:12.464 [FXGL Background Thread 3 ] DEBUG Engine               - isFileSystemWriteAllowed: true
17:28:12.464 [FXGL Background Thread 3 ] DEBUG Engine               - isFullScreenAllowed: false
17:28:12.464 [FXGL Background Thread 3 ] DEBUG Engine               - isFullScreenFromStart: false
17:28:12.464 [FXGL Background Thread 3 ] DEBUG Engine               - isGameMenuEnabled: true
17:28:12.464 [FXGL Background Thread 3 ] DEBUG Engine               - isIOS: false
17:28:12.465 [FXGL Background Thread 3 ] DEBUG Engine               - isIntroEnabled: false
17:28:12.465 [FXGL Background Thread 3 ] DEBUG Engine               - isLinux: false
17:28:12.465 [FXGL Background Thread 3 ] DEBUG Engine               - isMac: false
17:28:12.465 [FXGL Background Thread 3 ] DEBUG Engine               - isMainMenuEnabled: false
17:28:12.465 [FXGL Background Thread 3 ] DEBUG Engine               - isManualResizeEnabled: false
17:28:12.465 [FXGL Background Thread 3 ] DEBUG Engine               - isMobile: false
17:28:12.465 [FXGL Background Thread 3 ] DEBUG Engine               - isNative: false
17:28:12.465 [FXGL Background Thread 3 ] DEBUG Engine               - isPauseMusicWhenMinimized: true
17:28:12.465 [FXGL Background Thread 3 ] DEBUG Engine               - isPreserveResizeRatio: false
17:28:12.465 [FXGL Background Thread 3 ] DEBUG Engine               - isProfilingEnabled: false
17:28:12.465 [FXGL Background Thread 3 ] DEBUG Engine               - isScaleAffectedOnResize: true
17:28:12.465 [FXGL Background Thread 3 ] DEBUG Engine               - isSingleStep: false
17:28:12.465 [FXGL Background Thread 3 ] DEBUG Engine               - isUserProfileEnabled: false
17:28:12.466 [FXGL Background Thread 3 ] DEBUG Engine               - isWindows: true
17:28:12.466 [FXGL Background Thread 3 ] DEBUG Engine               - language: ObjectProperty [value: ENGLISH]
17:28:12.466 [FXGL Background Thread 3 ] DEBUG Engine               - menuKey: ESCAPE
17:28:12.466 [FXGL Background Thread 3 ] DEBUG Engine               - mouseSensitivity: 0.2
17:28:12.466 [FXGL Background Thread 3 ] DEBUG Engine               - notificationViewClass: class com.almasb.fxgl.notification.view.XboxNotificationView
17:28:12.466 [FXGL Background Thread 3 ] DEBUG Engine               - pixelsPerMeter: 50.0
17:28:12.466 [FXGL Background Thread 3 ] DEBUG Engine               - platform: WINDOWS
17:28:12.466 [FXGL Background Thread 3 ] DEBUG Engine               - prefHeightProperty: ReadOnlyDoubleProperty [value: 640.0]
17:28:12.466 [FXGL Background Thread 3 ] DEBUG Engine               - prefWidthProperty: ReadOnlyDoubleProperty [value: 960.0]
17:28:12.466 [FXGL Background Thread 3 ] DEBUG Engine               - profileDir: profiles/
17:28:12.466 [FXGL Background Thread 3 ] DEBUG Engine               - profileName: StringProperty [value: DEFAULT]
17:28:12.466 [FXGL Background Thread 3 ] DEBUG Engine               - randomSeed: -1
17:28:12.466 [FXGL Background Thread 3 ] DEBUG Engine               - runtimeInfo: RuntimeInfo(platform=WINDOWS, version=17.1, build=24.03.2022 17.34)
17:28:12.466 [FXGL Background Thread 3 ] DEBUG Engine               - saveFileExt: sav
17:28:12.466 [FXGL Background Thread 3 ] DEBUG Engine               - scaledHeightProp$fxgl: DoubleProperty [bound, value: 640.0]
17:28:12.466 [FXGL Background Thread 3 ] DEBUG Engine               - scaledWidthProp$fxgl: DoubleProperty [bound, value: 960.0]
17:28:12.466 [FXGL Background Thread 3 ] DEBUG Engine               - sceneFactory: com.almasb.fxgl.app.scene.SceneFactory@18e11d13
17:28:12.466 [FXGL Background Thread 3 ] DEBUG Engine               - secondsIn24h: 60
17:28:12.467 [FXGL Background Thread 3 ] DEBUG Engine               - soundMenuBack: menu/back.wav
17:28:12.467 [FXGL Background Thread 3 ] DEBUG Engine               - soundMenuPress: menu/press.wav
17:28:12.467 [FXGL Background Thread 3 ] DEBUG Engine               - soundMenuSelect: menu/select.wav
17:28:12.467 [FXGL Background Thread 3 ] DEBUG Engine               - soundNotification: core/notification.wav
17:28:12.467 [FXGL Background Thread 3 ] DEBUG Engine               - stageStyle: DECORATED
17:28:12.467 [FXGL Background Thread 3 ] DEBUG Engine               - supportedLanguages: [ENGLISH, FRENCH, GERMAN, HUNGARIAN, RUSSIAN]
17:28:12.467 [FXGL Background Thread 3 ] DEBUG Engine               - ticksPerSecond: -1
17:28:12.467 [FXGL Background Thread 3 ] DEBUG Engine               - title: Platformer Game
17:28:12.467 [FXGL Background Thread 3 ] DEBUG Engine               - urlGithub: https://github.com/AlmasB/FXGL
17:28:12.467 [FXGL Background Thread 3 ] DEBUG Engine               - urlLeaderboard: http://fxgl-top.herokuapp.com/
17:28:12.467 [FXGL Background Thread 3 ] DEBUG Engine               - urlPOM: https://raw.githubusercontent.com/AlmasB/FXGL/release/README.md
17:28:12.467 [FXGL Background Thread 3 ] DEBUG Engine               - userAppClass: class org.example.PlatformerGame
17:28:12.467 [FXGL Background Thread 3 ] DEBUG Engine               - version: 0.0
17:28:12.467 [FXGL Background Thread 3 ] DEBUG Engine               - versionCheckDays: 7
17:28:12.467 [FXGL Background Thread 3 ] DEBUG Engine               - width: 960
17:28:12.467 [FXGL Background Thread 3 ] DEBUG Engine               - Logging services
17:28:12.467 [FXGL Background Thread 3 ] DEBUG Engine               - class com.almasb.fxgl.app.services.FXGLAssetLoaderService
17:28:12.467 [FXGL Background Thread 3 ] DEBUG Engine               - class com.almasb.fxgl.app.FXGLApplication$GameApplicationService
17:28:12.467 [FXGL Background Thread 3 ] DEBUG Engine               - class com.almasb.fxgl.app.services.FXGLDialogService
17:28:12.467 [FXGL Background Thread 3 ] DEBUG Engine               - class com.almasb.fxgl.app.services.IOTaskExecutorService
17:28:12.468 [FXGL Background Thread 3 ] DEBUG Engine               - class com.almasb.fxgl.io.FileSystemService
17:28:12.468 [FXGL Background Thread 3 ] DEBUG Engine               - class com.almasb.fxgl.localization.LocalizationService
17:28:12.468 [FXGL Background Thread 3 ] DEBUG Engine               - class com.almasb.fxgl.app.services.SystemBundleService
17:28:12.468 [FXGL Background Thread 3 ] DEBUG Engine               - class com.almasb.fxgl.profile.SaveLoadService
17:28:12.468 [FXGL Background Thread 3 ] DEBUG Engine               - class com.almasb.fxgl.ui.FXGLUIFactoryServiceProvider
17:28:12.468 [FXGL Background Thread 3 ] DEBUG Engine               - class com.almasb.fxgl.ui.FXGLDialogFactoryServiceProvider
17:28:12.468 [FXGL Background Thread 3 ] DEBUG Engine               - class com.almasb.fxgl.audio.AudioPlayer
17:28:12.468 [FXGL Background Thread 3 ] DEBUG Engine               - class com.almasb.fxgl.notification.impl.NotificationServiceProvider
17:28:12.468 [FXGL Background Thread 3 ] DEBUG Engine               - class com.almasb.fxgl.achievement.AchievementService
17:28:12.468 [FXGL Background Thread 3 ] DEBUG Engine               - class com.almasb.fxgl.cutscene.CutsceneService
17:28:12.468 [FXGL Background Thread 3 ] DEBUG Engine               - class com.almasb.fxgl.minigames.MiniGameService
17:28:12.468 [FXGL Background Thread 3 ] DEBUG Engine               - class com.almasb.fxgl.net.NetService
17:28:12.468 [FXGL Background Thread 3 ] DEBUG Engine               - class com.almasb.fxgl.app.services.UpdaterService
17:28:12.468 [FXGL Background Thread 3 ] DEBUG Engine               - class com.almasb.fxgl.dev.DevService
17:29:08.712 [JavaFX Application Thread] DEBUG FXGLApplication      - Exiting FXGL
17:29:08.712 [JavaFX Application Thread] DEBUG LoopRunner           - Stopping loop
17:29:08.712 [JavaFX Application Thread] DEBUG SystemBundleService  - Saving FXGL system data
17:29:08.715 [JavaFX Application Thread] DEBUG FileSystemAccess     - Writing to: C:\PlatformerGame\system\fxgl.bundle
17:29:08.717 [JavaFX Application Thread] DEBUG Async                - Shutting down background threads
17:29:08.717 [JavaFX Application Thread] DEBUG PrimaryStageWindow   - Closing main window
17:29:08.725 [JavaFX Application Thread] DEBUG Logger               - Closing Logger
