16:50:19.173 [main                     ] DEBUG Logger               - Configured Logger
16:50:19.186 [main                     ] DEBUG GameApplication      - Logging settings
Title: Platformer Game
Version: 0.0
Width: 960
Height: 640
Fullscreen: false
Intro: false
Profiling: false
Single step:false
App Mode: DEVELOPER
Menu Key: ESCAPE
Stage Style: DECORATED
Scene Factory: class com.almasb.fxgl.app.scene.SceneFactory

16:50:19.472 [JavaFX Application Thread] DEBUG FXGLApplication      - Initializing FXGL
16:50:19.474 [JavaFX Application Thread] INFO  Engine               - FXGL-17.1 (24.03.2022 17.34) on MAC (J:19.0.1 FX:18)
16:50:19.475 [JavaFX Application Thread] DEBUG Engine               - JRE Vendor Name: Oracle Corporation
16:50:19.475 [JavaFX Application Thread] DEBUG Engine               - Running on OS: Mac OS X version 13.3.1
16:50:19.475 [JavaFX Application Thread] DEBUG Engine               - Architecture: aarch64
16:50:19.475 [JavaFX Application Thread] INFO  Engine               - Source code and latest versions at: https://github.com/AlmasB/FXGL
16:50:19.475 [JavaFX Application Thread] INFO  Engine               -       Ask questions and discuss at: https://github.com/AlmasB/FXGL/discussions
16:50:19.475 [JavaFX Application Thread] INFO  Engine               -              Join the FXGL chat at: https://gitter.im/AlmasB/FXGL
16:50:19.525 [JavaFX Application Thread] DEBUG PrimaryStageWindow   - Creating a JavaFX scene
16:50:19.542 [JavaFX Application Thread] DEBUG PrimaryStageWindow   - Target settings size: 960.0 x 640.0
16:50:19.542 [JavaFX Application Thread] DEBUG PrimaryStageWindow   - Scaled scene size:    960.0 x 640.0
16:50:19.542 [JavaFX Application Thread] DEBUG PrimaryStageWindow   - Scaled ratio: (1.0, 1.0)
16:50:19.543 [JavaFX Application Thread] DEBUG PrimaryStageWindow   - Set initial scene to FXGLStartupScene
16:50:19.545 [JavaFX Application Thread] DEBUG PrimaryStageWindow   - Opening main window
16:50:19.587 [JavaFX Application Thread] DEBUG PrimaryStageWindow   - Window border size: (0.0, 28.0)
16:50:19.587 [JavaFX Application Thread] DEBUG PrimaryStageWindow   - Scaled size: 960.0 x 640.0
16:50:19.587 [JavaFX Application Thread] DEBUG PrimaryStageWindow   - Scaled ratio: (1.0, 1.0)
16:50:19.587 [JavaFX Application Thread] DEBUG PrimaryStageWindow   - Scene size: 960.0 x 640.0
16:50:19.587 [JavaFX Application Thread] DEBUG PrimaryStageWindow   - Stage size: 960.0 x 668.0
16:50:19.590 [FXGL Background Thread 1 ] DEBUG Engine               - Initializing environment variables
16:50:19.612 [FXGL Background Thread 1 ] DEBUG FXGLAssetLoaderServi - User app class for loading assets: class org.example.PlatformerGame
16:50:19.612 [FXGL Background Thread 1 ] DEBUG GameApplicationServi - Applying CSS: fxgl_dark.css
16:50:19.613 [FXGL Background Thread 1 ] DEBUG FXGLAssetLoaderServi - Loading from file system: jar:file:/Users/karinasang/.m2/repository/com/github/almasb/fxgl/17.1/fxgl-17.1.jar!/fxglassets/ui/css/fxgl_dark.css
16:50:19.632 [FXGL Background Thread 1 ] DEBUG GameApplicationServi - Initializing application scenes
16:50:19.720 [FXGL Background Thread 1 ] DEBUG GameWorld            - Game world initialized
16:50:19.748 [FXGL Background Thread 1 ] DEBUG PhysicsWorld         - Physics world initialized: appHeight=640, physics.ppm=50.0
16:50:19.748 [FXGL Background Thread 1 ] DEBUG PhysicsWorld         - Using strategy: BRUTE_FORCE
16:50:19.750 [FXGL Background Thread 1 ] DEBUG GameScene            - Game scene initialized: 960x640
16:50:19.756 [FXGL Background Thread 1 ] DEBUG FXGL.DefaultMenu     - createMenuBodyGameMenu()
16:50:19.764 [FXGL Background Thread 1 ] DEBUG FXGL.DefaultMenu     - createOptionsMenu()
16:50:19.768 [FXGL Background Thread 1 ] DEBUG FXGLAssetLoaderServi - Loading from file system: jar:file:/Users/karinasang/.m2/repository/com/github/almasb/fxgl/17.1/fxgl-17.1.jar!/fxglassets/textures/particles/smoke.png
16:50:19.816 [FXGL Background Thread 1 ] DEBUG FXGLAssetLoaderServi - Loading from file system: jar:file:/Users/karinasang/.m2/repository/com/github/almasb/fxgl/17.1/fxgl-17.1.jar!/fxglassets/textures/particles/trace_horizontal.png
16:50:19.830 [FXGL Background Thread 1 ] DEBUG GameApplicationServi - Application scenes initialized
16:50:19.834 [FXGL Background Thread 1 ] DEBUG SystemBundleService  - Loading FXGL system data
16:50:19.836 [FXGL Background Thread 1 ] DEBUG FileSystemAccess     - Reading from: /Users/karinasang/Sherry/PlatformerGame/system/fxgl.bundle
16:50:19.840 [FXGL Background Thread 1 ] DEBUG SystemBundleService  - Bundle FXGL: {}
16:50:19.840 [FXGL Background Thread 1 ] DEBUG UpdaterService       - Checking for updates
16:50:19.841 [FXGL Background Thread 4 ] DEBUG FXGLApplication      - Loading fonts
16:50:19.841 [FXGL Background Thread 1 ] DEBUG FXGLApplication      - Loading default localization
16:50:19.842 [FXGL Background Thread 1 ] DEBUG FXGLAssetLoaderServi - Loading from file system: jar:file:/Users/karinasang/.m2/repository/com/github/almasb/fxgl/17.1/fxgl-17.1.jar!/fxglassets/languages/english.lang
16:50:19.842 [FXGL Background Thread 4 ] DEBUG FXGLAssetLoaderServi - Loading from file system: jar:file:/Users/karinasang/.m2/repository/com/github/almasb/fxgl/17.1/fxgl-17.1.jar!/fxglassets/ui/fonts/VarelaRound-Regular.ttf
16:50:19.848 [FXGL Background Thread 4 ] DEBUG FXGLAssetLoaderServi - Loading from file system: jar:file:/Users/karinasang/.m2/repository/com/github/almasb/fxgl/17.1/fxgl-17.1.jar!/fxglassets/ui/fonts/Abel-Regular.ttf
16:50:19.849 [FXGL Background Thread 4 ] DEBUG FXGLAssetLoaderServi - Loading from file system: jar:file:/Users/karinasang/.m2/repository/com/github/almasb/fxgl/17.1/fxgl-17.1.jar!/fxglassets/ui/fonts/TerminalLandMono-Regular.otf
16:50:19.850 [FXGL Background Thread 1 ] INFO  FXGLApplication      - FXGL initialization took: 0.260 sec
16:50:19.851 [JavaFX Application Thread] DEBUG FXGLAssetLoaderServi - Loading from file system: jar:file:/Users/karinasang/.m2/repository/com/github/almasb/fxgl/17.1/fxgl-17.1.jar!/fxglassets/textures/fxgl_icon.png
16:50:19.851 [FXGL Background Thread 4 ] DEBUG FXGLAssetLoaderServi - Loading from file system: jar:file:/Users/karinasang/.m2/repository/com/github/almasb/fxgl/17.1/fxgl-17.1.jar!/fxglassets/ui/fonts/Courier-Prime.ttf
16:50:19.863 [JavaFX Application Thread] DEBUG FXGLAssetLoaderServi - Loading from file system: jar:file:/Users/karinasang/.m2/repository/com/github/almasb/fxgl/17.1/fxgl-17.1.jar!/fxglassets/textures/fxgl_default_cursor.png
16:50:19.868 [JavaFX Application Thread] DEBUG Input                - Registered new binding: Screenshot - CTRL+8
16:50:19.869 [JavaFX Application Thread] DEBUG Input                - Registered new binding: System info dump - CTRL+9
16:50:19.869 [JavaFX Application Thread] DEBUG Input                - Registered new binding: Restart - CTRL+R
16:50:19.869 [JavaFX Application Thread] DEBUG Input                - Registered new binding: Toggle Debug Camera - CTRL+7
16:50:19.870 [JavaFX Application Thread] DEBUG LoopRunner           - Starting loop
16:50:19.870 [JavaFX Application Thread] DEBUG LoopRunner           - Initializing JavaFX AnimationTimerLoop
16:50:19.870 [JavaFX Application Thread] DEBUG GameApplicationServi - Starting new game
16:50:19.870 [JavaFX Application Thread] DEBUG Input                - Clearing active input actions
16:50:19.874 [JavaFX Application Thread] DEBUG GameApplicationServi - Removing overlay from FXGLStartupScene and adding to FXGLLoadingScene
16:50:19.875 [JavaFX Application Thread] DEBUG PrimaryStageWindow   - FXGLStartupScene -> FXGLLoadingScene
16:50:19.875 [JavaFX Application Thread] DEBUG GameApplicationServi - Clearing previous game
16:50:19.875 [JavaFX Application Thread] DEBUG GameScene            - Clearing game scene
16:50:19.875 [JavaFX Application Thread] DEBUG GameWorld            - Clearing game world
16:50:19.875 [JavaFX Application Thread] DEBUG PhysicsWorld         - Clearing physics world
16:50:19.876 [FXGL Background Thread 4 ] DEBUG FXGLApplication      - Initializing game
16:50:19.895 [JavaFX Application Thread] DEBUG FXGLApplication      - Registering font factories with UI factory
16:50:19.895 [FXGL Background Thread 4 ] WARN  TMXLevelLoader       - TiledMap generated from 1.9.2. Supported version: 1.4.2. Some features may not be parsed fully.
16:50:19.900 [FXGL Background Thread 4 ] DEBUG TMXLevelLoader       - Parsed TiledMap: file:/Users/karinasang/Sherry/PlatformerGame/target/classes/assets/levels/level1_map.tmx
16:50:19.900 [FXGL Background Thread 4 ] DEBUG TMXLevelLoader       - Creating tile layer entities
16:50:19.901 [FXGL Background Thread 4 ] DEBUG TilesetLoader        - Loading view for layer background
16:50:19.902 [FXGL Background Thread 4 ] DEBUG TilesetLoader        - Created buffer with size 960.0x640.0
16:50:19.929 [FXGL Background Thread 4 ] DEBUG TilesetLoader        - Loading view for layer decor
16:50:19.929 [FXGL Background Thread 4 ] DEBUG TilesetLoader        - Created buffer with size 960.0x640.0
16:50:19.929 [FXGL Background Thread 4 ] DEBUG TMXLevelLoader       - Creating object layer entities
16:50:19.937 [FXGL Background Thread 4 ] DEBUG GameWorld            - Clearing removable entities
16:50:19.937 [FXGL Background Thread 4 ] DEBUG GameWorld            - Setting level: com.almasb.fxgl.entity.level.Level@44cb9594
16:50:19.939 [FXGL Background Thread 4 ] DEBUG FXGLAssetLoaderServi - Loading from file system: file:/Users/karinasang/Sherry/PlatformerGame/target/classes/assets/textures/background/forest.png
16:50:19.948 [FXGL Background Thread 4 ] DEBUG FXGLAssetLoaderServi - Loading from file system: file:/Users/karinasang/Sherry/PlatformerGame/target/classes/assets/textures/player.png
16:50:19.951 [FXGL Background Thread 4 ] INFO  FXGLApplication      - Game initialization took: 0.075 sec
16:50:19.959 [JavaFX Application Thread] DEBUG Input                - Clearing active input actions
16:50:19.962 [JavaFX Application Thread] DEBUG GameApplicationServi - Removing overlay from FXGLLoadingScene and adding to GameScene
16:50:19.962 [JavaFX Application Thread] DEBUG PrimaryStageWindow   - FXGLLoadingScene -> GameScene
16:50:20.065 [FXGL Background Thread 2 ] INFO  UpdaterService       - Your current version:  17.1
16:50:20.065 [FXGL Background Thread 2 ] INFO  UpdaterService       - Latest stable version: 17.3
16:50:22.846 [FXGL Background Thread 3 ] DEBUG Engine               - Logging environment variables
16:50:22.847 [FXGL Background Thread 3 ] DEBUG Engine               - achievements: []
16:50:22.848 [FXGL Background Thread 3 ] DEBUG Engine               - actualHeight: 640.0
16:50:22.848 [FXGL Background Thread 3 ] DEBUG Engine               - actualHeightProperty: ReadOnlyDoubleProperty [value: 640.0]
16:50:22.848 [FXGL Background Thread 3 ] DEBUG Engine               - actualWidth: 960.0
16:50:22.848 [FXGL Background Thread 3 ] DEBUG Engine               - actualWidthProperty: ReadOnlyDoubleProperty [value: 960.0]
16:50:22.848 [FXGL Background Thread 3 ] DEBUG Engine               - appIcon: fxgl_icon.png
16:50:22.848 [FXGL Background Thread 3 ] DEBUG Engine               - applicationMode: DEVELOPER
16:50:22.848 [FXGL Background Thread 3 ] DEBUG Engine               - cSSList: [fxgl_dark.css]
16:50:22.848 [FXGL Background Thread 3 ] DEBUG Engine               - collisionDetectionStrategy: BRUTE_FORCE
16:50:22.849 [FXGL Background Thread 3 ] DEBUG Engine               - configClass: Optional.empty
16:50:22.849 [FXGL Background Thread 3 ] DEBUG Engine               - credits: []
16:50:22.849 [FXGL Background Thread 3 ] DEBUG Engine               - defaultCursor: CursorInfo(imageName=fxgl_default_cursor.png, hotspotX=7.0, hotspotY=6.0)
16:50:22.850 [FXGL Background Thread 3 ] DEBUG Engine               - devBBoxColorProperty: ObjectProperty [value: 0xff0000ff]
16:50:22.850 [FXGL Background Thread 3 ] DEBUG Engine               - devEnableDebugCameraProperty: BooleanProperty [value: false]
16:50:22.850 [FXGL Background Thread 3 ] DEBUG Engine               - devSensorColorProperty: ObjectProperty [value: 0xffff00ff]
16:50:22.850 [FXGL Background Thread 3 ] DEBUG Engine               - devShowBBoxProperty: BooleanProperty [value: false]
16:50:22.850 [FXGL Background Thread 3 ] DEBUG Engine               - devShowPositionProperty: BooleanProperty [value: false]
16:50:22.850 [FXGL Background Thread 3 ] DEBUG Engine               - enabledMenuItems: []
16:50:22.851 [FXGL Background Thread 3 ] DEBUG Engine               - engineServices: [class com.almasb.fxgl.app.services.FXGLAssetLoaderService, class com.almasb.fxgl.app.FXGLApplication$GameApplicationService, class com.almasb.fxgl.app.services.FXGLDialogService, class com.almasb.fxgl.app.services.IOTaskExecutorService, class com.almasb.fxgl.io.FileSystemService, class com.almasb.fxgl.localization.LocalizationService, class com.almasb.fxgl.app.services.SystemBundleService, class com.almasb.fxgl.profile.SaveLoadService, class com.almasb.fxgl.ui.FXGLUIFactoryServiceProvider, class com.almasb.fxgl.ui.FXGLDialogFactoryServiceProvider, class com.almasb.fxgl.audio.AudioPlayer, class com.almasb.fxgl.notification.impl.NotificationServiceProvider, class com.almasb.fxgl.achievement.AchievementService, class com.almasb.fxgl.cutscene.CutsceneService, class com.almasb.fxgl.minigames.MiniGameService, class com.almasb.fxgl.net.NetService, class com.almasb.fxgl.app.services.UpdaterService, class com.almasb.fxgl.dev.DevService]
16:50:22.851 [FXGL Background Thread 3 ] DEBUG Engine               - fontGame: Abel-Regular.ttf
16:50:22.851 [FXGL Background Thread 3 ] DEBUG Engine               - fontMono: TerminalLandMono-Regular.otf
16:50:22.851 [FXGL Background Thread 3 ] DEBUG Engine               - fontText: Courier-Prime.ttf
16:50:22.851 [FXGL Background Thread 3 ] DEBUG Engine               - fontUI: VarelaRound-Regular.ttf
16:50:22.851 [FXGL Background Thread 3 ] DEBUG Engine               - fullScreen: BooleanProperty [value: false]
16:50:22.851 [FXGL Background Thread 3 ] DEBUG Engine               - gameDifficulty: MEDIUM
16:50:22.851 [FXGL Background Thread 3 ] DEBUG Engine               - gameDifficultyProperty: ObjectProperty [value: MEDIUM]
16:50:22.851 [FXGL Background Thread 3 ] DEBUG Engine               - globalMusicVolume: 0.5
16:50:22.852 [FXGL Background Thread 3 ] DEBUG Engine               - globalMusicVolumeProperty: DoubleProperty [value: 0.5]
16:50:22.852 [FXGL Background Thread 3 ] DEBUG Engine               - globalSoundVolume: 0.5
16:50:22.852 [FXGL Background Thread 3 ] DEBUG Engine               - globalSoundVolumeProperty: DoubleProperty [value: 0.5]
16:50:22.852 [FXGL Background Thread 3 ] DEBUG Engine               - height: 640
16:50:22.852 [FXGL Background Thread 3 ] DEBUG Engine               - is3D: false
16:50:22.852 [FXGL Background Thread 3 ] DEBUG Engine               - isAndroid: false
16:50:22.852 [FXGL Background Thread 3 ] DEBUG Engine               - isBrowser: false
16:50:22.852 [FXGL Background Thread 3 ] DEBUG Engine               - isClickFeedbackEnabled: false
16:50:22.852 [FXGL Background Thread 3 ] DEBUG Engine               - isCloseConfirmation: false
16:50:22.852 [FXGL Background Thread 3 ] DEBUG Engine               - isDesktop: true
16:50:22.852 [FXGL Background Thread 3 ] DEBUG Engine               - isDeveloperMenuEnabled: false
16:50:22.852 [FXGL Background Thread 3 ] DEBUG Engine               - isEmbedded: false
16:50:22.852 [FXGL Background Thread 3 ] DEBUG Engine               - isEntityPreloadEnabled: true
16:50:22.853 [FXGL Background Thread 3 ] DEBUG Engine               - isExperimentalTiledLargeMap: false
16:50:22.853 [FXGL Background Thread 3 ] DEBUG Engine               - isFileSystemWriteAllowed: true
16:50:22.853 [FXGL Background Thread 3 ] DEBUG Engine               - isFullScreenAllowed: false
16:50:22.853 [FXGL Background Thread 3 ] DEBUG Engine               - isFullScreenFromStart: false
16:50:22.853 [FXGL Background Thread 3 ] DEBUG Engine               - isGameMenuEnabled: true
16:50:22.853 [FXGL Background Thread 3 ] DEBUG Engine               - isIOS: false
16:50:22.853 [FXGL Background Thread 3 ] DEBUG Engine               - isIntroEnabled: false
16:50:22.853 [FXGL Background Thread 3 ] DEBUG Engine               - isLinux: false
16:50:22.853 [FXGL Background Thread 3 ] DEBUG Engine               - isMac: true
16:50:22.853 [FXGL Background Thread 3 ] DEBUG Engine               - isMainMenuEnabled: false
16:50:22.853 [FXGL Background Thread 3 ] DEBUG Engine               - isManualResizeEnabled: false
16:50:22.853 [FXGL Background Thread 3 ] DEBUG Engine               - isMobile: false
16:50:22.853 [FXGL Background Thread 3 ] DEBUG Engine               - isNative: false
16:50:22.853 [FXGL Background Thread 3 ] DEBUG Engine               - isPauseMusicWhenMinimized: true
16:50:22.853 [FXGL Background Thread 3 ] DEBUG Engine               - isPreserveResizeRatio: false
16:50:22.854 [FXGL Background Thread 3 ] DEBUG Engine               - isProfilingEnabled: false
16:50:22.854 [FXGL Background Thread 3 ] DEBUG Engine               - isScaleAffectedOnResize: true
16:50:22.854 [FXGL Background Thread 3 ] DEBUG Engine               - isSingleStep: false
16:50:22.854 [FXGL Background Thread 3 ] DEBUG Engine               - isUserProfileEnabled: false
16:50:22.854 [FXGL Background Thread 3 ] DEBUG Engine               - isWindows: false
16:50:22.854 [FXGL Background Thread 3 ] DEBUG Engine               - language: ObjectProperty [value: ENGLISH]
16:50:22.854 [FXGL Background Thread 3 ] DEBUG Engine               - menuKey: ESCAPE
16:50:22.854 [FXGL Background Thread 3 ] DEBUG Engine               - mouseSensitivity: 0.2
16:50:22.854 [FXGL Background Thread 3 ] DEBUG Engine               - notificationViewClass: class com.almasb.fxgl.notification.view.XboxNotificationView
16:50:22.855 [FXGL Background Thread 3 ] DEBUG Engine               - pixelsPerMeter: 50.0
16:50:22.855 [FXGL Background Thread 3 ] DEBUG Engine               - platform: MAC
16:50:22.855 [FXGL Background Thread 3 ] DEBUG Engine               - prefHeightProperty: ReadOnlyDoubleProperty [value: 640.0]
16:50:22.855 [FXGL Background Thread 3 ] DEBUG Engine               - prefWidthProperty: ReadOnlyDoubleProperty [value: 960.0]
16:50:22.855 [FXGL Background Thread 3 ] DEBUG Engine               - profileDir: profiles/
16:50:22.855 [FXGL Background Thread 3 ] DEBUG Engine               - profileName: StringProperty [value: DEFAULT]
16:50:22.855 [FXGL Background Thread 3 ] DEBUG Engine               - randomSeed: -1
16:50:22.855 [FXGL Background Thread 3 ] DEBUG Engine               - runtimeInfo: RuntimeInfo(platform=MAC, version=17.1, build=24.03.2022 17.34)
16:50:22.855 [FXGL Background Thread 3 ] DEBUG Engine               - saveFileExt: sav
16:50:22.855 [FXGL Background Thread 3 ] DEBUG Engine               - scaledHeightProp$fxgl: DoubleProperty [bound, value: 640.0]
16:50:22.856 [FXGL Background Thread 3 ] DEBUG Engine               - scaledWidthProp$fxgl: DoubleProperty [bound, value: 960.0]
16:50:22.856 [FXGL Background Thread 3 ] DEBUG Engine               - sceneFactory: com.almasb.fxgl.app.scene.SceneFactory@10248691
16:50:22.856 [FXGL Background Thread 3 ] DEBUG Engine               - secondsIn24h: 60
16:50:22.856 [FXGL Background Thread 3 ] DEBUG Engine               - soundMenuBack: menu/back.wav
16:50:22.856 [FXGL Background Thread 3 ] DEBUG Engine               - soundMenuPress: menu/press.wav
16:50:22.856 [FXGL Background Thread 3 ] DEBUG Engine               - soundMenuSelect: menu/select.wav
16:50:22.856 [FXGL Background Thread 3 ] DEBUG Engine               - soundNotification: core/notification.wav
16:50:22.856 [FXGL Background Thread 3 ] DEBUG Engine               - stageStyle: DECORATED
16:50:22.856 [FXGL Background Thread 3 ] DEBUG Engine               - supportedLanguages: [ENGLISH, FRENCH, GERMAN, HUNGARIAN, RUSSIAN]
16:50:22.856 [FXGL Background Thread 3 ] DEBUG Engine               - ticksPerSecond: -1
16:50:22.856 [FXGL Background Thread 3 ] DEBUG Engine               - title: Platformer Game
16:50:22.856 [FXGL Background Thread 3 ] DEBUG Engine               - urlGithub: https://github.com/AlmasB/FXGL
16:50:22.856 [FXGL Background Thread 3 ] DEBUG Engine               - urlLeaderboard: http://fxgl-top.herokuapp.com/
16:50:22.856 [FXGL Background Thread 3 ] DEBUG Engine               - urlPOM: https://raw.githubusercontent.com/AlmasB/FXGL/release/README.md
16:50:22.856 [FXGL Background Thread 3 ] DEBUG Engine               - userAppClass: class org.example.PlatformerGame
16:50:22.856 [FXGL Background Thread 3 ] DEBUG Engine               - version: 0.0
16:50:22.856 [FXGL Background Thread 3 ] DEBUG Engine               - versionCheckDays: 7
16:50:22.856 [FXGL Background Thread 3 ] DEBUG Engine               - width: 960
16:50:22.857 [FXGL Background Thread 3 ] DEBUG Engine               - Logging services
16:50:22.857 [FXGL Background Thread 3 ] DEBUG Engine               - class com.almasb.fxgl.app.services.FXGLAssetLoaderService
16:50:22.857 [FXGL Background Thread 3 ] DEBUG Engine               - class com.almasb.fxgl.app.FXGLApplication$GameApplicationService
16:50:22.857 [FXGL Background Thread 3 ] DEBUG Engine               - class com.almasb.fxgl.app.services.FXGLDialogService
16:50:22.857 [FXGL Background Thread 3 ] DEBUG Engine               - class com.almasb.fxgl.app.services.IOTaskExecutorService
16:50:22.857 [FXGL Background Thread 3 ] DEBUG Engine               - class com.almasb.fxgl.io.FileSystemService
16:50:22.857 [FXGL Background Thread 3 ] DEBUG Engine               - class com.almasb.fxgl.localization.LocalizationService
16:50:22.857 [FXGL Background Thread 3 ] DEBUG Engine               - class com.almasb.fxgl.app.services.SystemBundleService
16:50:22.857 [FXGL Background Thread 3 ] DEBUG Engine               - class com.almasb.fxgl.profile.SaveLoadService
16:50:22.857 [FXGL Background Thread 3 ] DEBUG Engine               - class com.almasb.fxgl.ui.FXGLUIFactoryServiceProvider
16:50:22.857 [FXGL Background Thread 3 ] DEBUG Engine               - class com.almasb.fxgl.ui.FXGLDialogFactoryServiceProvider
16:50:22.857 [FXGL Background Thread 3 ] DEBUG Engine               - class com.almasb.fxgl.audio.AudioPlayer
16:50:22.857 [FXGL Background Thread 3 ] DEBUG Engine               - class com.almasb.fxgl.notification.impl.NotificationServiceProvider
16:50:22.857 [FXGL Background Thread 3 ] DEBUG Engine               - class com.almasb.fxgl.achievement.AchievementService
16:50:22.857 [FXGL Background Thread 3 ] DEBUG Engine               - class com.almasb.fxgl.cutscene.CutsceneService
16:50:22.857 [FXGL Background Thread 3 ] DEBUG Engine               - class com.almasb.fxgl.minigames.MiniGameService
16:50:22.857 [FXGL Background Thread 3 ] DEBUG Engine               - class com.almasb.fxgl.net.NetService
16:50:22.857 [FXGL Background Thread 3 ] DEBUG Engine               - class com.almasb.fxgl.app.services.UpdaterService
16:50:22.857 [FXGL Background Thread 3 ] DEBUG Engine               - class com.almasb.fxgl.dev.DevService
16:50:50.307 [JavaFX Application Thread] DEBUG FXGLApplication      - Exiting FXGL
16:50:50.309 [JavaFX Application Thread] DEBUG LoopRunner           - Stopping loop
16:50:50.309 [JavaFX Application Thread] DEBUG SystemBundleService  - Saving FXGL system data
16:50:50.316 [JavaFX Application Thread] DEBUG FileSystemAccess     - Writing to: /Users/karinasang/Sherry/PlatformerGame/system/fxgl.bundle
16:50:50.319 [JavaFX Application Thread] DEBUG Async                - Shutting down background threads
16:50:50.320 [JavaFX Application Thread] DEBUG PrimaryStageWindow   - Closing main window
16:50:50.326 [JavaFX Application Thread] DEBUG Logger               - Closing Logger
