18:15:06.837 [main                     ] DEBUG Logger               - Configured Logger
18:15:06.864 [main                     ] DEBUG GameApplication      - Logging settings
Title: Platformer Game
Version: 0.0
Width: 960
Height: 640
Fullscreen: false
Intro: false
Profiling: false
Single step:false
App Mode: DEVELOPER
Menu Key: ESCAPE
Stage Style: DECORATED
Scene Factory: class com.almasb.fxgl.app.scene.SceneFactory

18:15:07.230 [JavaFX Application Thread] DEBUG FXGLApplication      - Initializing FXGL
18:15:07.235 [JavaFX Application Thread] INFO  Engine               - FXGL-17.1 (24.03.2022 17.34) on WINDOWS (J:19.0.2 FX:18)
18:15:07.235 [JavaFX Application Thread] DEBUG Engine               - JRE Vendor Name: Oracle Corporation
18:15:07.235 [JavaFX Application Thread] DEBUG Engine               - Running on OS: Windows 10 version 10.0
18:15:07.235 [JavaFX Application Thread] DEBUG Engine               - Architecture: amd64
18:15:07.235 [JavaFX Application Thread] INFO  Engine               - Source code and latest versions at: https://github.com/AlmasB/FXGL
18:15:07.236 [JavaFX Application Thread] INFO  Engine               -       Ask questions and discuss at: https://github.com/AlmasB/FXGL/discussions
18:15:07.236 [JavaFX Application Thread] INFO  Engine               -              Join the FXGL chat at: https://gitter.im/AlmasB/FXGL
18:15:07.357 [JavaFX Application Thread] DEBUG PrimaryStageWindow   - Creating a JavaFX scene
18:15:07.413 [JavaFX Application Thread] DEBUG PrimaryStageWindow   - Target settings size: 960.0 x 640.0
18:15:07.413 [JavaFX Application Thread] DEBUG PrimaryStageWindow   - Scaled scene size:    960.0 x 640.0
18:15:07.413 [JavaFX Application Thread] DEBUG PrimaryStageWindow   - Scaled ratio: (1.0, 1.0)
18:15:07.414 [JavaFX Application Thread] DEBUG PrimaryStageWindow   - Set initial scene to FXGLStartupScene
18:15:07.420 [JavaFX Application Thread] DEBUG PrimaryStageWindow   - Opening main window
18:15:07.506 [JavaFX Application Thread] DEBUG PrimaryStageWindow   - Window border size: (14.66668701171875, 37.33331298828125)
18:15:07.506 [JavaFX Application Thread] DEBUG PrimaryStageWindow   - Scaled size: 960.0 x 640.0
18:15:07.507 [JavaFX Application Thread] DEBUG PrimaryStageWindow   - Scaled ratio: (1.0, 1.0)
18:15:07.507 [JavaFX Application Thread] DEBUG PrimaryStageWindow   - Scene size: 960.0 x 640.0
18:15:07.507 [JavaFX Application Thread] DEBUG PrimaryStageWindow   - Stage size: 974.6666870117188 x 677.3333129882812
18:15:07.515 [FXGL Background Thread 1 ] DEBUG Engine               - Initializing environment variables
18:15:07.569 [FXGL Background Thread 1 ] DEBUG FXGLAssetLoaderServi - User app class for loading assets: class org.example.PlatformerGame
18:15:07.570 [FXGL Background Thread 1 ] DEBUG GameApplicationServi - Applying CSS: fxgl_dark.css
18:15:07.571 [FXGL Background Thread 1 ] DEBUG FXGLAssetLoaderServi - Loading from file system: jar:file:/C:/Users/Administrator/.m2/repository/com/github/almasb/fxgl/17.1/fxgl-17.1.jar!/fxglassets/ui/css/fxgl_dark.css
18:15:07.622 [FXGL Background Thread 1 ] DEBUG GameApplicationServi - Initializing application scenes
18:15:07.669 [FXGL Background Thread 1 ] DEBUG GameWorld            - Game world initialized
18:15:07.742 [FXGL Background Thread 1 ] DEBUG PhysicsWorld         - Physics world initialized: appHeight=640, physics.ppm=50.0
18:15:07.742 [FXGL Background Thread 1 ] DEBUG PhysicsWorld         - Using strategy: BRUTE_FORCE
18:15:07.747 [FXGL Background Thread 1 ] DEBUG GameScene            - Game scene initialized: 960x640
18:15:07.765 [FXGL Background Thread 1 ] DEBUG FXGL.DefaultMenu     - createMenuBodyGameMenu()
18:15:07.784 [FXGL Background Thread 1 ] DEBUG FXGL.DefaultMenu     - createOptionsMenu()
18:15:07.800 [FXGL Background Thread 1 ] DEBUG FXGLAssetLoaderServi - Loading from file system: jar:file:/C:/Users/Administrator/.m2/repository/com/github/almasb/fxgl/17.1/fxgl-17.1.jar!/fxglassets/textures/particles/smoke.png
18:15:07.903 [FXGL Background Thread 1 ] DEBUG FXGLAssetLoaderServi - Loading from file system: jar:file:/C:/Users/Administrator/.m2/repository/com/github/almasb/fxgl/17.1/fxgl-17.1.jar!/fxglassets/textures/particles/trace_horizontal.png
18:15:07.936 [FXGL Background Thread 1 ] DEBUG GameApplicationServi - Application scenes initialized
18:15:07.949 [FXGL Background Thread 1 ] DEBUG SystemBundleService  - Loading FXGL system data
18:15:07.953 [FXGL Background Thread 1 ] DEBUG FileSystemAccess     - Reading from: C:\PlatformerGame\system\fxgl.bundle
18:15:07.964 [FXGL Background Thread 1 ] DEBUG SystemBundleService  - Bundle FXGL: {}
18:15:07.964 [FXGL Background Thread 1 ] DEBUG UpdaterService       - Checking for updates
18:15:07.969 [FXGL Background Thread 1 ] DEBUG FXGLApplication      - Loading default localization
18:15:07.969 [FXGL Background Thread 1 ] DEBUG FXGLAssetLoaderServi - Loading from file system: jar:file:/C:/Users/Administrator/.m2/repository/com/github/almasb/fxgl/17.1/fxgl-17.1.jar!/fxglassets/languages/english.lang
18:15:07.972 [FXGL Background Thread 4 ] DEBUG FXGLApplication      - Loading fonts
18:15:07.972 [FXGL Background Thread 4 ] DEBUG FXGLAssetLoaderServi - Loading from file system: jar:file:/C:/Users/Administrator/.m2/repository/com/github/almasb/fxgl/17.1/fxgl-17.1.jar!/fxglassets/ui/fonts/VarelaRound-Regular.ttf
18:15:07.986 [FXGL Background Thread 1 ] INFO  FXGLApplication      - FXGL initialization took: 0.470 sec
18:15:07.987 [JavaFX Application Thread] DEBUG FXGLAssetLoaderServi - Loading from file system: jar:file:/C:/Users/Administrator/.m2/repository/com/github/almasb/fxgl/17.1/fxgl-17.1.jar!/fxglassets/textures/fxgl_icon.png
18:15:08.007 [JavaFX Application Thread] DEBUG FXGLAssetLoaderServi - Loading from file system: jar:file:/C:/Users/Administrator/.m2/repository/com/github/almasb/fxgl/17.1/fxgl-17.1.jar!/fxglassets/textures/fxgl_default_cursor.png
18:15:08.018 [JavaFX Application Thread] DEBUG Input                - Registered new binding: Screenshot - CTRL+8
18:15:08.019 [JavaFX Application Thread] DEBUG Input                - Registered new binding: System info dump - CTRL+9
18:15:08.019 [JavaFX Application Thread] DEBUG Input                - Registered new binding: Restart - CTRL+R
18:15:08.020 [JavaFX Application Thread] DEBUG Input                - Registered new binding: Toggle Debug Camera - CTRL+7
18:15:08.022 [JavaFX Application Thread] DEBUG LoopRunner           - Starting loop
18:15:08.023 [JavaFX Application Thread] DEBUG LoopRunner           - Initializing JavaFX AnimationTimerLoop
18:15:08.023 [JavaFX Application Thread] DEBUG GameApplicationServi - Starting new game
18:15:08.024 [JavaFX Application Thread] DEBUG Input                - Clearing active input actions
18:15:08.034 [JavaFX Application Thread] DEBUG GameApplicationServi - Removing overlay from FXGLStartupScene and adding to FXGLLoadingScene
18:15:08.034 [JavaFX Application Thread] DEBUG PrimaryStageWindow   - FXGLStartupScene -> FXGLLoadingScene
18:15:08.034 [JavaFX Application Thread] DEBUG GameApplicationServi - Clearing previous game
18:15:08.034 [JavaFX Application Thread] DEBUG GameScene            - Clearing game scene
18:15:08.034 [JavaFX Application Thread] DEBUG GameWorld            - Clearing game world
18:15:08.034 [JavaFX Application Thread] DEBUG PhysicsWorld         - Clearing physics world
18:15:08.036 [FXGL Background Thread 1 ] DEBUG FXGLApplication      - Initializing game
18:15:08.067 [FXGL Background Thread 1 ] WARN  TMXLevelLoader       - TiledMap generated from 1.10.1. Supported version: 1.4.2. Some features may not be parsed fully.
18:15:08.091 [FXGL Background Thread 1 ] DEBUG TMXLevelLoader       - Parsed TiledMap: file:/C:/PlatformerGame/target/classes/assets/levels/yes.tmx
18:15:08.093 [FXGL Background Thread 1 ] DEBUG TMXLevelLoader       - Creating tile layer entities
18:15:08.095 [FXGL Background Thread 1 ] DEBUG TilesetLoader        - Loading view for layer Tile Layer 1
18:15:08.097 [FXGL Background Thread 1 ] DEBUG TilesetLoader        - Created buffer with size 960.0x640.0
18:15:08.132 [FXGL Background Thread 1 ] DEBUG TilesetLoader        - Loading view for layer Tile Layer 2
18:15:08.134 [FXGL Background Thread 1 ] DEBUG TilesetLoader        - Created buffer with size 960.0x640.0
18:15:08.134 [FXGL Background Thread 1 ] DEBUG TMXLevelLoader       - Creating object layer entities
18:15:08.147 [FXGL Background Thread 1 ] DEBUG GameWorld            - Clearing removable entities
18:15:08.149 [FXGL Background Thread 1 ] DEBUG GameWorld            - Setting level: com.almasb.fxgl.entity.level.Level@6af94efd
18:15:08.153 [FXGL Background Thread 1 ] INFO  FXGLApplication      - Game initialization took: 0.117 sec
18:15:08.160 [JavaFX Application Thread] DEBUG Input                - Clearing active input actions
18:15:08.170 [JavaFX Application Thread] DEBUG GameApplicationServi - Removing overlay from FXGLLoadingScene and adding to GameScene
18:15:08.170 [JavaFX Application Thread] DEBUG PrimaryStageWindow   - FXGLLoadingScene -> GameScene
18:15:08.212 [FXGL Background Thread 4 ] DEBUG FXGLAssetLoaderServi - Loading from file system: jar:file:/C:/Users/Administrator/.m2/repository/com/github/almasb/fxgl/17.1/fxgl-17.1.jar!/fxglassets/ui/fonts/Abel-Regular.ttf
18:15:08.232 [FXGL Background Thread 4 ] DEBUG FXGLAssetLoaderServi - Loading from file system: jar:file:/C:/Users/Administrator/.m2/repository/com/github/almasb/fxgl/17.1/fxgl-17.1.jar!/fxglassets/ui/fonts/TerminalLandMono-Regular.otf
18:15:08.256 [FXGL Background Thread 4 ] DEBUG FXGLAssetLoaderServi - Loading from file system: jar:file:/C:/Users/Administrator/.m2/repository/com/github/almasb/fxgl/17.1/fxgl-17.1.jar!/fxglassets/ui/fonts/Courier-Prime.ttf
18:15:08.271 [JavaFX Application Thread] DEBUG FXGLApplication      - Registering font factories with UI factory
18:15:08.404 [FXGL Background Thread 2 ] INFO  UpdaterService       - Your current version:  17.1
18:15:08.405 [FXGL Background Thread 2 ] INFO  UpdaterService       - Latest stable version: 17.3
18:15:10.967 [FXGL Background Thread 3 ] DEBUG Engine               - Logging environment variables
18:15:10.967 [FXGL Background Thread 3 ] DEBUG Engine               - achievements: []
18:15:10.968 [FXGL Background Thread 3 ] DEBUG Engine               - actualHeight: 640.0
18:15:10.968 [FXGL Background Thread 3 ] DEBUG Engine               - actualHeightProperty: ReadOnlyDoubleProperty [value: 640.0]
18:15:10.968 [FXGL Background Thread 3 ] DEBUG Engine               - actualWidth: 960.0
18:15:10.968 [FXGL Background Thread 3 ] DEBUG Engine               - actualWidthProperty: ReadOnlyDoubleProperty [value: 960.0]
18:15:10.968 [FXGL Background Thread 3 ] DEBUG Engine               - appIcon: fxgl_icon.png
18:15:10.968 [FXGL Background Thread 3 ] DEBUG Engine               - applicationMode: DEVELOPER
18:15:10.968 [FXGL Background Thread 3 ] DEBUG Engine               - cSSList: [fxgl_dark.css]
18:15:10.968 [FXGL Background Thread 3 ] DEBUG Engine               - collisionDetectionStrategy: BRUTE_FORCE
18:15:10.968 [FXGL Background Thread 3 ] DEBUG Engine               - configClass: Optional.empty
18:15:10.968 [FXGL Background Thread 3 ] DEBUG Engine               - credits: []
18:15:10.968 [FXGL Background Thread 3 ] DEBUG Engine               - defaultCursor: CursorInfo(imageName=fxgl_default_cursor.png, hotspotX=7.0, hotspotY=6.0)
18:15:10.968 [FXGL Background Thread 3 ] DEBUG Engine               - devBBoxColorProperty: ObjectProperty [value: 0xff0000ff]
18:15:10.968 [FXGL Background Thread 3 ] DEBUG Engine               - devEnableDebugCameraProperty: BooleanProperty [value: false]
18:15:10.968 [FXGL Background Thread 3 ] DEBUG Engine               - devSensorColorProperty: ObjectProperty [value: 0xffff00ff]
18:15:10.968 [FXGL Background Thread 3 ] DEBUG Engine               - devShowBBoxProperty: BooleanProperty [value: false]
18:15:10.968 [FXGL Background Thread 3 ] DEBUG Engine               - devShowPositionProperty: BooleanProperty [value: false]
18:15:10.968 [FXGL Background Thread 3 ] DEBUG Engine               - enabledMenuItems: []
18:15:10.968 [FXGL Background Thread 3 ] DEBUG Engine               - engineServices: [class com.almasb.fxgl.app.services.FXGLAssetLoaderService, class com.almasb.fxgl.app.FXGLApplication$GameApplicationService, class com.almasb.fxgl.app.services.FXGLDialogService, class com.almasb.fxgl.app.services.IOTaskExecutorService, class com.almasb.fxgl.io.FileSystemService, class com.almasb.fxgl.localization.LocalizationService, class com.almasb.fxgl.app.services.SystemBundleService, class com.almasb.fxgl.profile.SaveLoadService, class com.almasb.fxgl.ui.FXGLUIFactoryServiceProvider, class com.almasb.fxgl.ui.FXGLDialogFactoryServiceProvider, class com.almasb.fxgl.audio.AudioPlayer, class com.almasb.fxgl.notification.impl.NotificationServiceProvider, class com.almasb.fxgl.achievement.AchievementService, class com.almasb.fxgl.cutscene.CutsceneService, class com.almasb.fxgl.minigames.MiniGameService, class com.almasb.fxgl.net.NetService, class com.almasb.fxgl.app.services.UpdaterService, class com.almasb.fxgl.dev.DevService]
18:15:10.968 [FXGL Background Thread 3 ] DEBUG Engine               - fontGame: Abel-Regular.ttf
18:15:10.968 [FXGL Background Thread 3 ] DEBUG Engine               - fontMono: TerminalLandMono-Regular.otf
18:15:10.968 [FXGL Background Thread 3 ] DEBUG Engine               - fontText: Courier-Prime.ttf
18:15:10.968 [FXGL Background Thread 3 ] DEBUG Engine               - fontUI: VarelaRound-Regular.ttf
18:15:10.968 [FXGL Background Thread 3 ] DEBUG Engine               - fullScreen: BooleanProperty [value: false]
18:15:10.968 [FXGL Background Thread 3 ] DEBUG Engine               - gameDifficulty: MEDIUM
18:15:10.968 [FXGL Background Thread 3 ] DEBUG Engine               - gameDifficultyProperty: ObjectProperty [value: MEDIUM]
18:15:10.968 [FXGL Background Thread 3 ] DEBUG Engine               - globalMusicVolume: 0.5
18:15:10.968 [FXGL Background Thread 3 ] DEBUG Engine               - globalMusicVolumeProperty: DoubleProperty [value: 0.5]
18:15:10.968 [FXGL Background Thread 3 ] DEBUG Engine               - globalSoundVolume: 0.5
18:15:10.968 [FXGL Background Thread 3 ] DEBUG Engine               - globalSoundVolumeProperty: DoubleProperty [value: 0.5]
18:15:10.968 [FXGL Background Thread 3 ] DEBUG Engine               - height: 640
18:15:10.968 [FXGL Background Thread 3 ] DEBUG Engine               - is3D: false
18:15:10.968 [FXGL Background Thread 3 ] DEBUG Engine               - isAndroid: false
18:15:10.969 [FXGL Background Thread 3 ] DEBUG Engine               - isBrowser: false
18:15:10.969 [FXGL Background Thread 3 ] DEBUG Engine               - isClickFeedbackEnabled: false
18:15:10.969 [FXGL Background Thread 3 ] DEBUG Engine               - isCloseConfirmation: false
18:15:10.969 [FXGL Background Thread 3 ] DEBUG Engine               - isDesktop: true
18:15:10.969 [FXGL Background Thread 3 ] DEBUG Engine               - isDeveloperMenuEnabled: false
18:15:10.969 [FXGL Background Thread 3 ] DEBUG Engine               - isEmbedded: false
18:15:10.969 [FXGL Background Thread 3 ] DEBUG Engine               - isEntityPreloadEnabled: true
18:15:10.969 [FXGL Background Thread 3 ] DEBUG Engine               - isExperimentalTiledLargeMap: false
18:15:10.969 [FXGL Background Thread 3 ] DEBUG Engine               - isFileSystemWriteAllowed: true
18:15:10.969 [FXGL Background Thread 3 ] DEBUG Engine               - isFullScreenAllowed: false
18:15:10.969 [FXGL Background Thread 3 ] DEBUG Engine               - isFullScreenFromStart: false
18:15:10.969 [FXGL Background Thread 3 ] DEBUG Engine               - isGameMenuEnabled: true
18:15:10.969 [FXGL Background Thread 3 ] DEBUG Engine               - isIOS: false
18:15:10.969 [FXGL Background Thread 3 ] DEBUG Engine               - isIntroEnabled: false
18:15:10.969 [FXGL Background Thread 3 ] DEBUG Engine               - isLinux: false
18:15:10.969 [FXGL Background Thread 3 ] DEBUG Engine               - isMac: false
18:15:10.969 [FXGL Background Thread 3 ] DEBUG Engine               - isMainMenuEnabled: false
18:15:10.969 [FXGL Background Thread 3 ] DEBUG Engine               - isManualResizeEnabled: false
18:15:10.969 [FXGL Background Thread 3 ] DEBUG Engine               - isMobile: false
18:15:10.969 [FXGL Background Thread 3 ] DEBUG Engine               - isNative: false
18:15:10.969 [FXGL Background Thread 3 ] DEBUG Engine               - isPauseMusicWhenMinimized: true
18:15:10.969 [FXGL Background Thread 3 ] DEBUG Engine               - isPreserveResizeRatio: false
18:15:10.969 [FXGL Background Thread 3 ] DEBUG Engine               - isProfilingEnabled: false
18:15:10.969 [FXGL Background Thread 3 ] DEBUG Engine               - isScaleAffectedOnResize: true
18:15:10.969 [FXGL Background Thread 3 ] DEBUG Engine               - isSingleStep: false
18:15:10.969 [FXGL Background Thread 3 ] DEBUG Engine               - isUserProfileEnabled: false
18:15:10.970 [FXGL Background Thread 3 ] DEBUG Engine               - isWindows: true
18:15:10.970 [FXGL Background Thread 3 ] DEBUG Engine               - language: ObjectProperty [value: ENGLISH]
18:15:10.970 [FXGL Background Thread 3 ] DEBUG Engine               - menuKey: ESCAPE
18:15:10.970 [FXGL Background Thread 3 ] DEBUG Engine               - mouseSensitivity: 0.2
18:15:10.970 [FXGL Background Thread 3 ] DEBUG Engine               - notificationViewClass: class com.almasb.fxgl.notification.view.XboxNotificationView
18:15:10.970 [FXGL Background Thread 3 ] DEBUG Engine               - pixelsPerMeter: 50.0
18:15:10.970 [FXGL Background Thread 3 ] DEBUG Engine               - platform: WINDOWS
18:15:10.970 [FXGL Background Thread 3 ] DEBUG Engine               - prefHeightProperty: ReadOnlyDoubleProperty [value: 640.0]
18:15:10.970 [FXGL Background Thread 3 ] DEBUG Engine               - prefWidthProperty: ReadOnlyDoubleProperty [value: 960.0]
18:15:10.970 [FXGL Background Thread 3 ] DEBUG Engine               - profileDir: profiles/
18:15:10.970 [FXGL Background Thread 3 ] DEBUG Engine               - profileName: StringProperty [value: DEFAULT]
18:15:10.970 [FXGL Background Thread 3 ] DEBUG Engine               - randomSeed: -1
18:15:10.970 [FXGL Background Thread 3 ] DEBUG Engine               - runtimeInfo: RuntimeInfo(platform=WINDOWS, version=17.1, build=24.03.2022 17.34)
18:15:10.970 [FXGL Background Thread 3 ] DEBUG Engine               - saveFileExt: sav
18:15:10.970 [FXGL Background Thread 3 ] DEBUG Engine               - scaledHeightProp$fxgl: DoubleProperty [bound, value: 640.0]
18:15:10.970 [FXGL Background Thread 3 ] DEBUG Engine               - scaledWidthProp$fxgl: DoubleProperty [bound, value: 960.0]
18:15:10.970 [FXGL Background Thread 3 ] DEBUG Engine               - sceneFactory: com.almasb.fxgl.app.scene.SceneFactory@1a1c8b7e
18:15:10.970 [FXGL Background Thread 3 ] DEBUG Engine               - secondsIn24h: 60
18:15:10.970 [FXGL Background Thread 3 ] DEBUG Engine               - soundMenuBack: menu/back.wav
18:15:10.970 [FXGL Background Thread 3 ] DEBUG Engine               - soundMenuPress: menu/press.wav
18:15:10.970 [FXGL Background Thread 3 ] DEBUG Engine               - soundMenuSelect: menu/select.wav
18:15:10.970 [FXGL Background Thread 3 ] DEBUG Engine               - soundNotification: core/notification.wav
18:15:10.971 [FXGL Background Thread 3 ] DEBUG Engine               - stageStyle: DECORATED
18:15:10.971 [FXGL Background Thread 3 ] DEBUG Engine               - supportedLanguages: [ENGLISH, FRENCH, GERMAN, HUNGARIAN, RUSSIAN]
18:15:10.971 [FXGL Background Thread 3 ] DEBUG Engine               - ticksPerSecond: -1
18:15:10.971 [FXGL Background Thread 3 ] DEBUG Engine               - title: Platformer Game
18:15:10.971 [FXGL Background Thread 3 ] DEBUG Engine               - urlGithub: https://github.com/AlmasB/FXGL
18:15:10.971 [FXGL Background Thread 3 ] DEBUG Engine               - urlLeaderboard: http://fxgl-top.herokuapp.com/
18:15:10.971 [FXGL Background Thread 3 ] DEBUG Engine               - urlPOM: https://raw.githubusercontent.com/AlmasB/FXGL/release/README.md
18:15:10.971 [FXGL Background Thread 3 ] DEBUG Engine               - userAppClass: class org.example.PlatformerGame
18:15:10.971 [FXGL Background Thread 3 ] DEBUG Engine               - version: 0.0
18:15:10.971 [FXGL Background Thread 3 ] DEBUG Engine               - versionCheckDays: 7
18:15:10.971 [FXGL Background Thread 3 ] DEBUG Engine               - width: 960
18:15:10.971 [FXGL Background Thread 3 ] DEBUG Engine               - Logging services
18:15:10.971 [FXGL Background Thread 3 ] DEBUG Engine               - class com.almasb.fxgl.app.services.FXGLAssetLoaderService
18:15:10.971 [FXGL Background Thread 3 ] DEBUG Engine               - class com.almasb.fxgl.app.FXGLApplication$GameApplicationService
18:15:10.971 [FXGL Background Thread 3 ] DEBUG Engine               - class com.almasb.fxgl.app.services.FXGLDialogService
18:15:10.971 [FXGL Background Thread 3 ] DEBUG Engine               - class com.almasb.fxgl.app.services.IOTaskExecutorService
18:15:10.971 [FXGL Background Thread 3 ] DEBUG Engine               - class com.almasb.fxgl.io.FileSystemService
18:15:10.971 [FXGL Background Thread 3 ] DEBUG Engine               - class com.almasb.fxgl.localization.LocalizationService
18:15:10.971 [FXGL Background Thread 3 ] DEBUG Engine               - class com.almasb.fxgl.app.services.SystemBundleService
18:15:10.971 [FXGL Background Thread 3 ] DEBUG Engine               - class com.almasb.fxgl.profile.SaveLoadService
18:15:10.971 [FXGL Background Thread 3 ] DEBUG Engine               - class com.almasb.fxgl.ui.FXGLUIFactoryServiceProvider
18:15:10.971 [FXGL Background Thread 3 ] DEBUG Engine               - class com.almasb.fxgl.ui.FXGLDialogFactoryServiceProvider
18:15:10.971 [FXGL Background Thread 3 ] DEBUG Engine               - class com.almasb.fxgl.audio.AudioPlayer
18:15:10.971 [FXGL Background Thread 3 ] DEBUG Engine               - class com.almasb.fxgl.notification.impl.NotificationServiceProvider
18:15:10.971 [FXGL Background Thread 3 ] DEBUG Engine               - class com.almasb.fxgl.achievement.AchievementService
18:15:10.971 [FXGL Background Thread 3 ] DEBUG Engine               - class com.almasb.fxgl.cutscene.CutsceneService
18:15:10.971 [FXGL Background Thread 3 ] DEBUG Engine               - class com.almasb.fxgl.minigames.MiniGameService
18:15:10.971 [FXGL Background Thread 3 ] DEBUG Engine               - class com.almasb.fxgl.net.NetService
18:15:10.971 [FXGL Background Thread 3 ] DEBUG Engine               - class com.almasb.fxgl.app.services.UpdaterService
18:15:10.971 [FXGL Background Thread 3 ] DEBUG Engine               - class com.almasb.fxgl.dev.DevService
18:15:15.565 [JavaFX Application Thread] DEBUG FXGLApplication      - Exiting FXGL
18:15:15.565 [JavaFX Application Thread] DEBUG LoopRunner           - Stopping loop
18:15:15.565 [JavaFX Application Thread] DEBUG SystemBundleService  - Saving FXGL system data
18:15:15.568 [JavaFX Application Thread] DEBUG FileSystemAccess     - Writing to: C:\PlatformerGame\system\fxgl.bundle
18:15:15.570 [JavaFX Application Thread] DEBUG Async                - Shutting down background threads
18:15:15.570 [JavaFX Application Thread] DEBUG PrimaryStageWindow   - Closing main window
18:15:15.581 [JavaFX Application Thread] DEBUG Logger               - Closing Logger
