17:49:53.646 [main                     ] DEBUG Logger               - Configured Logger
17:49:53.669 [main                     ] DEBUG GameApplication      - Logging settings
Title: Platformer Game
Version: 0.0
Width: 960
Height: 640
Fullscreen: false
Intro: false
Profiling: false
Single step:false
App Mode: DEVELOPER
Menu Key: ESCAPE
Stage Style: DECORATED
Scene Factory: class com.almasb.fxgl.app.scene.SceneFactory

17:49:54.064 [JavaFX Application Thread] DEBUG FXGLApplication      - Initializing FXGL
17:49:54.071 [JavaFX Application Thread] INFO  Engine               - FXGL-17.1 (24.03.2022 17.34) on WINDOWS (J:19.0.2 FX:18)
17:49:54.071 [JavaFX Application Thread] DEBUG Engine               - JRE Vendor Name: Oracle Corporation
17:49:54.071 [JavaFX Application Thread] DEBUG Engine               - Running on OS: Windows 10 version 10.0
17:49:54.071 [JavaFX Application Thread] DEBUG Engine               - Architecture: amd64
17:49:54.072 [JavaFX Application Thread] INFO  Engine               - Source code and latest versions at: https://github.com/AlmasB/FXGL
17:49:54.072 [JavaFX Application Thread] INFO  Engine               -       Ask questions and discuss at: https://github.com/AlmasB/FXGL/discussions
17:49:54.072 [JavaFX Application Thread] INFO  Engine               -              Join the FXGL chat at: https://gitter.im/AlmasB/FXGL
17:49:54.172 [JavaFX Application Thread] DEBUG PrimaryStageWindow   - Creating a JavaFX scene
17:49:54.218 [JavaFX Application Thread] DEBUG PrimaryStageWindow   - Target settings size: 960.0 x 640.0
17:49:54.218 [JavaFX Application Thread] DEBUG PrimaryStageWindow   - Scaled scene size:    960.0 x 640.0
17:49:54.219 [JavaFX Application Thread] DEBUG PrimaryStageWindow   - Scaled ratio: (1.0, 1.0)
17:49:54.219 [JavaFX Application Thread] DEBUG PrimaryStageWindow   - Set initial scene to FXGLStartupScene
17:49:54.226 [JavaFX Application Thread] DEBUG PrimaryStageWindow   - Opening main window
17:49:54.296 [JavaFX Application Thread] DEBUG PrimaryStageWindow   - Window border size: (14.66668701171875, 37.33331298828125)
17:49:54.296 [JavaFX Application Thread] DEBUG PrimaryStageWindow   - Scaled size: 960.0 x 640.0
17:49:54.297 [JavaFX Application Thread] DEBUG PrimaryStageWindow   - Scaled ratio: (1.0, 1.0)
17:49:54.297 [JavaFX Application Thread] DEBUG PrimaryStageWindow   - Scene size: 960.0 x 640.0
17:49:54.297 [JavaFX Application Thread] DEBUG PrimaryStageWindow   - Stage size: 974.6666870117188 x 677.3333129882812
17:49:54.304 [FXGL Background Thread 1 ] DEBUG Engine               - Initializing environment variables
17:49:54.350 [FXGL Background Thread 1 ] DEBUG FXGLAssetLoaderServi - User app class for loading assets: class org.example.PlatformerGame
17:49:54.350 [FXGL Background Thread 1 ] DEBUG GameApplicationServi - Applying CSS: fxgl_dark.css
17:49:54.351 [FXGL Background Thread 1 ] DEBUG FXGLAssetLoaderServi - Loading from file system: jar:file:/C:/Users/Administrator/.m2/repository/com/github/almasb/fxgl/17.1/fxgl-17.1.jar!/fxglassets/ui/css/fxgl_dark.css
17:49:54.386 [FXGL Background Thread 1 ] DEBUG GameApplicationServi - Initializing application scenes
17:49:54.423 [FXGL Background Thread 1 ] DEBUG GameWorld            - Game world initialized
17:49:54.484 [FXGL Background Thread 1 ] DEBUG PhysicsWorld         - Physics world initialized: appHeight=640, physics.ppm=50.0
17:49:54.484 [FXGL Background Thread 1 ] DEBUG PhysicsWorld         - Using strategy: BRUTE_FORCE
17:49:54.489 [FXGL Background Thread 1 ] DEBUG GameScene            - Game scene initialized: 960x640
17:49:54.500 [FXGL Background Thread 1 ] DEBUG FXGL.DefaultMenu     - createMenuBodyGameMenu()
17:49:54.515 [FXGL Background Thread 1 ] DEBUG FXGL.DefaultMenu     - createOptionsMenu()
17:49:54.523 [FXGL Background Thread 1 ] DEBUG FXGLAssetLoaderServi - Loading from file system: jar:file:/C:/Users/Administrator/.m2/repository/com/github/almasb/fxgl/17.1/fxgl-17.1.jar!/fxglassets/textures/particles/smoke.png
17:49:54.615 [FXGL Background Thread 1 ] DEBUG FXGLAssetLoaderServi - Loading from file system: jar:file:/C:/Users/Administrator/.m2/repository/com/github/almasb/fxgl/17.1/fxgl-17.1.jar!/fxglassets/textures/particles/trace_horizontal.png
17:49:54.638 [FXGL Background Thread 1 ] DEBUG GameApplicationServi - Application scenes initialized
17:49:54.648 [FXGL Background Thread 1 ] DEBUG SystemBundleService  - Loading FXGL system data
17:49:54.652 [FXGL Background Thread 1 ] DEBUG FileSystemAccess     - Reading from: C:\PlatformerGame\system\fxgl.bundle
17:49:54.659 [FXGL Background Thread 1 ] DEBUG SystemBundleService  - Bundle FXGL: {}
17:49:54.660 [FXGL Background Thread 1 ] DEBUG UpdaterService       - Checking for updates
17:49:54.663 [FXGL Background Thread 4 ] DEBUG FXGLApplication      - Loading fonts
17:49:54.664 [FXGL Background Thread 4 ] DEBUG FXGLAssetLoaderServi - Loading from file system: jar:file:/C:/Users/Administrator/.m2/repository/com/github/almasb/fxgl/17.1/fxgl-17.1.jar!/fxglassets/ui/fonts/VarelaRound-Regular.ttf
17:49:54.664 [FXGL Background Thread 1 ] DEBUG FXGLApplication      - Loading default localization
17:49:54.664 [FXGL Background Thread 1 ] DEBUG FXGLAssetLoaderServi - Loading from file system: jar:file:/C:/Users/Administrator/.m2/repository/com/github/almasb/fxgl/17.1/fxgl-17.1.jar!/fxglassets/languages/english.lang
17:49:54.683 [FXGL Background Thread 1 ] INFO  FXGLApplication      - FXGL initialization took: 0.380 sec
17:49:54.692 [JavaFX Application Thread] DEBUG Input                - Registered new binding: left - A
17:49:54.693 [JavaFX Application Thread] DEBUG Input                - Registered new binding: right - D
17:49:54.693 [JavaFX Application Thread] DEBUG Input                - Registered new binding: jump - Space
17:49:54.693 [JavaFX Application Thread] DEBUG FXGLAssetLoaderServi - Loading from file system: jar:file:/C:/Users/Administrator/.m2/repository/com/github/almasb/fxgl/17.1/fxgl-17.1.jar!/fxglassets/textures/fxgl_icon.png
17:49:54.710 [FXGL Background Thread 4 ] DEBUG FXGLAssetLoaderServi - Loading from file system: jar:file:/C:/Users/Administrator/.m2/repository/com/github/almasb/fxgl/17.1/fxgl-17.1.jar!/fxglassets/ui/fonts/Abel-Regular.ttf
17:49:54.713 [JavaFX Application Thread] DEBUG FXGLAssetLoaderServi - Loading from file system: jar:file:/C:/Users/Administrator/.m2/repository/com/github/almasb/fxgl/17.1/fxgl-17.1.jar!/fxglassets/textures/fxgl_default_cursor.png
17:49:54.715 [JavaFX Application Thread] DEBUG Input                - Registered new binding: Screenshot - CTRL+8
17:49:54.716 [JavaFX Application Thread] DEBUG Input                - Registered new binding: System info dump - CTRL+9
17:49:54.717 [JavaFX Application Thread] DEBUG Input                - Registered new binding: Restart - CTRL+R
17:49:54.717 [JavaFX Application Thread] DEBUG Input                - Registered new binding: Toggle Debug Camera - CTRL+7
17:49:54.719 [JavaFX Application Thread] DEBUG LoopRunner           - Starting loop
17:49:54.719 [JavaFX Application Thread] DEBUG LoopRunner           - Initializing JavaFX AnimationTimerLoop
17:49:54.720 [FXGL Background Thread 4 ] DEBUG FXGLAssetLoaderServi - Loading from file system: jar:file:/C:/Users/Administrator/.m2/repository/com/github/almasb/fxgl/17.1/fxgl-17.1.jar!/fxglassets/ui/fonts/TerminalLandMono-Regular.otf
17:49:54.721 [JavaFX Application Thread] DEBUG GameApplicationServi - Starting new game
17:49:54.721 [JavaFX Application Thread] DEBUG Input                - Clearing active input actions
17:49:54.730 [FXGL Background Thread 4 ] DEBUG FXGLAssetLoaderServi - Loading from file system: jar:file:/C:/Users/Administrator/.m2/repository/com/github/almasb/fxgl/17.1/fxgl-17.1.jar!/fxglassets/ui/fonts/Courier-Prime.ttf
17:49:54.732 [JavaFX Application Thread] DEBUG GameApplicationServi - Removing overlay from FXGLStartupScene and adding to FXGLLoadingScene
17:49:54.733 [JavaFX Application Thread] DEBUG PrimaryStageWindow   - FXGLStartupScene -> FXGLLoadingScene
17:49:54.733 [JavaFX Application Thread] DEBUG GameApplicationServi - Clearing previous game
17:49:54.733 [JavaFX Application Thread] DEBUG GameScene            - Clearing game scene
17:49:54.733 [JavaFX Application Thread] DEBUG GameWorld            - Clearing game world
17:49:54.733 [JavaFX Application Thread] DEBUG PhysicsWorld         - Clearing physics world
17:49:54.735 [FXGL Background Thread 1 ] DEBUG FXGLApplication      - Initializing game
17:49:54.771 [JavaFX Application Thread] DEBUG FXGLApplication      - Registering font factories with UI factory
17:49:54.776 [FXGL Background Thread 1 ] WARN  TMXLevelLoader       - TiledMap generated from 1.10.1. Supported version: 1.4.2. Some features may not be parsed fully.
17:49:54.785 [FXGL Background Thread 1 ] DEBUG TMXLevelLoader       - Parsed TiledMap: file:/C:/PlatformerGame/target/classes/assets/levels/yes.tmx
17:49:54.789 [FXGL Background Thread 1 ] DEBUG TMXLevelLoader       - Creating tile layer entities
17:49:54.791 [FXGL Background Thread 1 ] DEBUG TilesetLoader        - Loading view for layer Tile Layer 1
17:49:54.793 [FXGL Background Thread 1 ] DEBUG TilesetLoader        - Created buffer with size 960.0x640.0
17:49:54.822 [FXGL Background Thread 1 ] DEBUG TilesetLoader        - Loading view for layer Tile Layer 2
17:49:54.822 [FXGL Background Thread 1 ] DEBUG TilesetLoader        - Created buffer with size 960.0x640.0
17:49:54.823 [FXGL Background Thread 1 ] DEBUG TMXLevelLoader       - Creating object layer entities
17:49:54.840 [FXGL Background Thread 1 ] DEBUG GameWorld            - Clearing removable entities
17:49:54.841 [FXGL Background Thread 1 ] DEBUG GameWorld            - Setting level: com.almasb.fxgl.entity.level.Level@182576ec
17:49:54.847 [FXGL Background Thread 1 ] DEBUG FXGLAssetLoaderServi - Loading from file system: file:/C:/PlatformerGame/target/classes/assets/textures/background/forest.png
17:49:54.866 [FXGL Background Thread 1 ] DEBUG FXGLAssetLoaderServi - Loading from file system: file:/C:/PlatformerGame/target/classes/assets/textures/player.png
17:49:54.876 [FXGL Background Thread 1 ] INFO  FXGLApplication      - Game initialization took: 0.142 sec
17:49:54.877 [JavaFX Application Thread] DEBUG Input                - Clearing active input actions
17:49:54.885 [JavaFX Application Thread] DEBUG GameApplicationServi - Removing overlay from FXGLLoadingScene and adding to GameScene
17:49:54.885 [JavaFX Application Thread] DEBUG PrimaryStageWindow   - FXGLLoadingScene -> GameScene
17:49:55.067 [FXGL Background Thread 2 ] INFO  UpdaterService       - Your current version:  17.1
17:49:55.068 [FXGL Background Thread 2 ] INFO  UpdaterService       - Latest stable version: 17.3
17:49:57.664 [FXGL Background Thread 3 ] DEBUG Engine               - Logging environment variables
17:49:57.664 [FXGL Background Thread 3 ] DEBUG Engine               - achievements: []
17:49:57.664 [FXGL Background Thread 3 ] DEBUG Engine               - actualHeight: 640.0
17:49:57.665 [FXGL Background Thread 3 ] DEBUG Engine               - actualHeightProperty: ReadOnlyDoubleProperty [value: 640.0]
17:49:57.665 [FXGL Background Thread 3 ] DEBUG Engine               - actualWidth: 960.0
17:49:57.665 [FXGL Background Thread 3 ] DEBUG Engine               - actualWidthProperty: ReadOnlyDoubleProperty [value: 960.0]
17:49:57.665 [FXGL Background Thread 3 ] DEBUG Engine               - appIcon: fxgl_icon.png
17:49:57.665 [FXGL Background Thread 3 ] DEBUG Engine               - applicationMode: DEVELOPER
17:49:57.665 [FXGL Background Thread 3 ] DEBUG Engine               - cSSList: [fxgl_dark.css]
17:49:57.665 [FXGL Background Thread 3 ] DEBUG Engine               - collisionDetectionStrategy: BRUTE_FORCE
17:49:57.665 [FXGL Background Thread 3 ] DEBUG Engine               - configClass: Optional.empty
17:49:57.665 [FXGL Background Thread 3 ] DEBUG Engine               - credits: []
17:49:57.667 [FXGL Background Thread 3 ] DEBUG Engine               - defaultCursor: CursorInfo(imageName=fxgl_default_cursor.png, hotspotX=7.0, hotspotY=6.0)
17:49:57.667 [FXGL Background Thread 3 ] DEBUG Engine               - devBBoxColorProperty: ObjectProperty [value: 0xff0000ff]
17:49:57.667 [FXGL Background Thread 3 ] DEBUG Engine               - devEnableDebugCameraProperty: BooleanProperty [value: false]
17:49:57.667 [FXGL Background Thread 3 ] DEBUG Engine               - devSensorColorProperty: ObjectProperty [value: 0xffff00ff]
17:49:57.667 [FXGL Background Thread 3 ] DEBUG Engine               - devShowBBoxProperty: BooleanProperty [value: false]
17:49:57.667 [FXGL Background Thread 3 ] DEBUG Engine               - devShowPositionProperty: BooleanProperty [value: false]
17:49:57.667 [FXGL Background Thread 3 ] DEBUG Engine               - enabledMenuItems: []
17:49:57.667 [FXGL Background Thread 3 ] DEBUG Engine               - engineServices: [class com.almasb.fxgl.app.services.FXGLAssetLoaderService, class com.almasb.fxgl.app.FXGLApplication$GameApplicationService, class com.almasb.fxgl.app.services.FXGLDialogService, class com.almasb.fxgl.app.services.IOTaskExecutorService, class com.almasb.fxgl.io.FileSystemService, class com.almasb.fxgl.localization.LocalizationService, class com.almasb.fxgl.app.services.SystemBundleService, class com.almasb.fxgl.profile.SaveLoadService, class com.almasb.fxgl.ui.FXGLUIFactoryServiceProvider, class com.almasb.fxgl.ui.FXGLDialogFactoryServiceProvider, class com.almasb.fxgl.audio.AudioPlayer, class com.almasb.fxgl.notification.impl.NotificationServiceProvider, class com.almasb.fxgl.achievement.AchievementService, class com.almasb.fxgl.cutscene.CutsceneService, class com.almasb.fxgl.minigames.MiniGameService, class com.almasb.fxgl.net.NetService, class com.almasb.fxgl.app.services.UpdaterService, class com.almasb.fxgl.dev.DevService]
17:49:57.667 [FXGL Background Thread 3 ] DEBUG Engine               - fontGame: Abel-Regular.ttf
17:49:57.667 [FXGL Background Thread 3 ] DEBUG Engine               - fontMono: TerminalLandMono-Regular.otf
17:49:57.667 [FXGL Background Thread 3 ] DEBUG Engine               - fontText: Courier-Prime.ttf
17:49:57.667 [FXGL Background Thread 3 ] DEBUG Engine               - fontUI: VarelaRound-Regular.ttf
17:49:57.667 [FXGL Background Thread 3 ] DEBUG Engine               - fullScreen: BooleanProperty [value: false]
17:49:57.667 [FXGL Background Thread 3 ] DEBUG Engine               - gameDifficulty: MEDIUM
17:49:57.667 [FXGL Background Thread 3 ] DEBUG Engine               - gameDifficultyProperty: ObjectProperty [value: MEDIUM]
17:49:57.667 [FXGL Background Thread 3 ] DEBUG Engine               - globalMusicVolume: 0.5
17:49:57.667 [FXGL Background Thread 3 ] DEBUG Engine               - globalMusicVolumeProperty: DoubleProperty [value: 0.5]
17:49:57.667 [FXGL Background Thread 3 ] DEBUG Engine               - globalSoundVolume: 0.5
17:49:57.668 [FXGL Background Thread 3 ] DEBUG Engine               - globalSoundVolumeProperty: DoubleProperty [value: 0.5]
17:49:57.668 [FXGL Background Thread 3 ] DEBUG Engine               - height: 640
17:49:57.668 [FXGL Background Thread 3 ] DEBUG Engine               - is3D: false
17:49:57.668 [FXGL Background Thread 3 ] DEBUG Engine               - isAndroid: false
17:49:57.668 [FXGL Background Thread 3 ] DEBUG Engine               - isBrowser: false
17:49:57.668 [FXGL Background Thread 3 ] DEBUG Engine               - isClickFeedbackEnabled: false
17:49:57.668 [FXGL Background Thread 3 ] DEBUG Engine               - isCloseConfirmation: false
17:49:57.668 [FXGL Background Thread 3 ] DEBUG Engine               - isDesktop: true
17:49:57.668 [FXGL Background Thread 3 ] DEBUG Engine               - isDeveloperMenuEnabled: false
17:49:57.668 [FXGL Background Thread 3 ] DEBUG Engine               - isEmbedded: false
17:49:57.668 [FXGL Background Thread 3 ] DEBUG Engine               - isEntityPreloadEnabled: true
17:49:57.668 [FXGL Background Thread 3 ] DEBUG Engine               - isExperimentalTiledLargeMap: false
17:49:57.668 [FXGL Background Thread 3 ] DEBUG Engine               - isFileSystemWriteAllowed: true
17:49:57.668 [FXGL Background Thread 3 ] DEBUG Engine               - isFullScreenAllowed: false
17:49:57.668 [FXGL Background Thread 3 ] DEBUG Engine               - isFullScreenFromStart: false
17:49:57.668 [FXGL Background Thread 3 ] DEBUG Engine               - isGameMenuEnabled: true
17:49:57.668 [FXGL Background Thread 3 ] DEBUG Engine               - isIOS: false
17:49:57.668 [FXGL Background Thread 3 ] DEBUG Engine               - isIntroEnabled: false
17:49:57.668 [FXGL Background Thread 3 ] DEBUG Engine               - isLinux: false
17:49:57.668 [FXGL Background Thread 3 ] DEBUG Engine               - isMac: false
17:49:57.668 [FXGL Background Thread 3 ] DEBUG Engine               - isMainMenuEnabled: false
17:49:57.668 [FXGL Background Thread 3 ] DEBUG Engine               - isManualResizeEnabled: false
17:49:57.668 [FXGL Background Thread 3 ] DEBUG Engine               - isMobile: false
17:49:57.668 [FXGL Background Thread 3 ] DEBUG Engine               - isNative: false
17:49:57.668 [FXGL Background Thread 3 ] DEBUG Engine               - isPauseMusicWhenMinimized: true
17:49:57.668 [FXGL Background Thread 3 ] DEBUG Engine               - isPreserveResizeRatio: false
17:49:57.668 [FXGL Background Thread 3 ] DEBUG Engine               - isProfilingEnabled: false
17:49:57.669 [FXGL Background Thread 3 ] DEBUG Engine               - isScaleAffectedOnResize: true
17:49:57.669 [FXGL Background Thread 3 ] DEBUG Engine               - isSingleStep: false
17:49:57.669 [FXGL Background Thread 3 ] DEBUG Engine               - isUserProfileEnabled: false
17:49:57.669 [FXGL Background Thread 3 ] DEBUG Engine               - isWindows: true
17:49:57.669 [FXGL Background Thread 3 ] DEBUG Engine               - language: ObjectProperty [value: ENGLISH]
17:49:57.669 [FXGL Background Thread 3 ] DEBUG Engine               - menuKey: ESCAPE
17:49:57.669 [FXGL Background Thread 3 ] DEBUG Engine               - mouseSensitivity: 0.2
17:49:57.669 [FXGL Background Thread 3 ] DEBUG Engine               - notificationViewClass: class com.almasb.fxgl.notification.view.XboxNotificationView
17:49:57.669 [FXGL Background Thread 3 ] DEBUG Engine               - pixelsPerMeter: 50.0
17:49:57.669 [FXGL Background Thread 3 ] DEBUG Engine               - platform: WINDOWS
17:49:57.669 [FXGL Background Thread 3 ] DEBUG Engine               - prefHeightProperty: ReadOnlyDoubleProperty [value: 640.0]
17:49:57.669 [FXGL Background Thread 3 ] DEBUG Engine               - prefWidthProperty: ReadOnlyDoubleProperty [value: 960.0]
17:49:57.669 [FXGL Background Thread 3 ] DEBUG Engine               - profileDir: profiles/
17:49:57.669 [FXGL Background Thread 3 ] DEBUG Engine               - profileName: StringProperty [value: DEFAULT]
17:49:57.669 [FXGL Background Thread 3 ] DEBUG Engine               - randomSeed: -1
17:49:57.669 [FXGL Background Thread 3 ] DEBUG Engine               - runtimeInfo: RuntimeInfo(platform=WINDOWS, version=17.1, build=24.03.2022 17.34)
17:49:57.669 [FXGL Background Thread 3 ] DEBUG Engine               - saveFileExt: sav
17:49:57.669 [FXGL Background Thread 3 ] DEBUG Engine               - scaledHeightProp$fxgl: DoubleProperty [bound, value: 640.0]
17:49:57.669 [FXGL Background Thread 3 ] DEBUG Engine               - scaledWidthProp$fxgl: DoubleProperty [bound, value: 960.0]
17:49:57.669 [FXGL Background Thread 3 ] DEBUG Engine               - sceneFactory: com.almasb.fxgl.app.scene.SceneFactory@42338c94
17:49:57.669 [FXGL Background Thread 3 ] DEBUG Engine               - secondsIn24h: 60
17:49:57.670 [FXGL Background Thread 3 ] DEBUG Engine               - soundMenuBack: menu/back.wav
17:49:57.670 [FXGL Background Thread 3 ] DEBUG Engine               - soundMenuPress: menu/press.wav
17:49:57.670 [FXGL Background Thread 3 ] DEBUG Engine               - soundMenuSelect: menu/select.wav
17:49:57.670 [FXGL Background Thread 3 ] DEBUG Engine               - soundNotification: core/notification.wav
17:49:57.670 [FXGL Background Thread 3 ] DEBUG Engine               - stageStyle: DECORATED
17:49:57.670 [FXGL Background Thread 3 ] DEBUG Engine               - supportedLanguages: [ENGLISH, FRENCH, GERMAN, HUNGARIAN, RUSSIAN]
17:49:57.670 [FXGL Background Thread 3 ] DEBUG Engine               - ticksPerSecond: -1
17:49:57.670 [FXGL Background Thread 3 ] DEBUG Engine               - title: Platformer Game
17:49:57.670 [FXGL Background Thread 3 ] DEBUG Engine               - urlGithub: https://github.com/AlmasB/FXGL
17:49:57.670 [FXGL Background Thread 3 ] DEBUG Engine               - urlLeaderboard: http://fxgl-top.herokuapp.com/
17:49:57.670 [FXGL Background Thread 3 ] DEBUG Engine               - urlPOM: https://raw.githubusercontent.com/AlmasB/FXGL/release/README.md
17:49:57.670 [FXGL Background Thread 3 ] DEBUG Engine               - userAppClass: class org.example.PlatformerGame
17:49:57.670 [FXGL Background Thread 3 ] DEBUG Engine               - version: 0.0
17:49:57.670 [FXGL Background Thread 3 ] DEBUG Engine               - versionCheckDays: 7
17:49:57.670 [FXGL Background Thread 3 ] DEBUG Engine               - width: 960
17:49:57.670 [FXGL Background Thread 3 ] DEBUG Engine               - Logging services
17:49:57.670 [FXGL Background Thread 3 ] DEBUG Engine               - class com.almasb.fxgl.app.services.FXGLAssetLoaderService
17:49:57.670 [FXGL Background Thread 3 ] DEBUG Engine               - class com.almasb.fxgl.app.FXGLApplication$GameApplicationService
17:49:57.670 [FXGL Background Thread 3 ] DEBUG Engine               - class com.almasb.fxgl.app.services.FXGLDialogService
17:49:57.670 [FXGL Background Thread 3 ] DEBUG Engine               - class com.almasb.fxgl.app.services.IOTaskExecutorService
17:49:57.670 [FXGL Background Thread 3 ] DEBUG Engine               - class com.almasb.fxgl.io.FileSystemService
17:49:57.670 [FXGL Background Thread 3 ] DEBUG Engine               - class com.almasb.fxgl.localization.LocalizationService
17:49:57.670 [FXGL Background Thread 3 ] DEBUG Engine               - class com.almasb.fxgl.app.services.SystemBundleService
17:49:57.670 [FXGL Background Thread 3 ] DEBUG Engine               - class com.almasb.fxgl.profile.SaveLoadService
17:49:57.670 [FXGL Background Thread 3 ] DEBUG Engine               - class com.almasb.fxgl.ui.FXGLUIFactoryServiceProvider
17:49:57.670 [FXGL Background Thread 3 ] DEBUG Engine               - class com.almasb.fxgl.ui.FXGLDialogFactoryServiceProvider
17:49:57.670 [FXGL Background Thread 3 ] DEBUG Engine               - class com.almasb.fxgl.audio.AudioPlayer
17:49:57.670 [FXGL Background Thread 3 ] DEBUG Engine               - class com.almasb.fxgl.notification.impl.NotificationServiceProvider
17:49:57.670 [FXGL Background Thread 3 ] DEBUG Engine               - class com.almasb.fxgl.achievement.AchievementService
17:49:57.670 [FXGL Background Thread 3 ] DEBUG Engine               - class com.almasb.fxgl.cutscene.CutsceneService
17:49:57.671 [FXGL Background Thread 3 ] DEBUG Engine               - class com.almasb.fxgl.minigames.MiniGameService
17:49:57.671 [FXGL Background Thread 3 ] DEBUG Engine               - class com.almasb.fxgl.net.NetService
17:49:57.671 [FXGL Background Thread 3 ] DEBUG Engine               - class com.almasb.fxgl.app.services.UpdaterService
17:49:57.671 [FXGL Background Thread 3 ] DEBUG Engine               - class com.almasb.fxgl.dev.DevService
17:50:08.791 [JavaFX Application Thread] DEBUG FXGLApplication      - Exiting FXGL
17:50:08.792 [JavaFX Application Thread] DEBUG LoopRunner           - Stopping loop
17:50:08.792 [JavaFX Application Thread] DEBUG SystemBundleService  - Saving FXGL system data
17:50:08.795 [JavaFX Application Thread] DEBUG FileSystemAccess     - Writing to: C:\PlatformerGame\system\fxgl.bundle
17:50:08.797 [JavaFX Application Thread] DEBUG Async                - Shutting down background threads
17:50:08.797 [JavaFX Application Thread] DEBUG PrimaryStageWindow   - Closing main window
17:50:08.807 [JavaFX Application Thread] DEBUG Logger               - Closing Logger
