16:48:13.153 [main                     ] DEBUG Logger               - Configured Logger
16:48:13.166 [main                     ] DEBUG GameApplication      - Logging settings
Title: Platformer Game
Version: 0.0
Width: 960
Height: 640
Fullscreen: false
Intro: false
Profiling: false
Single step:false
App Mode: DEVELOPER
Menu Key: ESCAPE
Stage Style: DECORATED
Scene Factory: class com.almasb.fxgl.app.scene.SceneFactory

16:48:13.470 [JavaFX Application Thread] DEBUG FXGLApplication      - Initializing FXGL
16:48:13.472 [JavaFX Application Thread] INFO  Engine               - FXGL-17.1 (24.03.2022 17.34) on MAC (J:19.0.1 FX:18)
16:48:13.472 [JavaFX Application Thread] DEBUG Engine               - JRE Vendor Name: Oracle Corporation
16:48:13.472 [JavaFX Application Thread] DEBUG Engine               - Running on OS: Mac OS X version 13.3.1
16:48:13.472 [JavaFX Application Thread] DEBUG Engine               - Architecture: aarch64
16:48:13.472 [JavaFX Application Thread] INFO  Engine               - Source code and latest versions at: https://github.com/AlmasB/FXGL
16:48:13.472 [JavaFX Application Thread] INFO  Engine               -       Ask questions and discuss at: https://github.com/AlmasB/FXGL/discussions
16:48:13.473 [JavaFX Application Thread] INFO  Engine               -              Join the FXGL chat at: https://gitter.im/AlmasB/FXGL
16:48:13.521 [JavaFX Application Thread] DEBUG PrimaryStageWindow   - Creating a JavaFX scene
16:48:13.540 [JavaFX Application Thread] DEBUG PrimaryStageWindow   - Target settings size: 960.0 x 640.0
16:48:13.540 [JavaFX Application Thread] DEBUG PrimaryStageWindow   - Scaled scene size:    960.0 x 640.0
16:48:13.540 [JavaFX Application Thread] DEBUG PrimaryStageWindow   - Scaled ratio: (1.0, 1.0)
16:48:13.541 [JavaFX Application Thread] DEBUG PrimaryStageWindow   - Set initial scene to FXGLStartupScene
16:48:13.544 [JavaFX Application Thread] DEBUG PrimaryStageWindow   - Opening main window
16:48:13.585 [JavaFX Application Thread] DEBUG PrimaryStageWindow   - Window border size: (0.0, 28.0)
16:48:13.586 [JavaFX Application Thread] DEBUG PrimaryStageWindow   - Scaled size: 960.0 x 640.0
16:48:13.586 [JavaFX Application Thread] DEBUG PrimaryStageWindow   - Scaled ratio: (1.0, 1.0)
16:48:13.586 [JavaFX Application Thread] DEBUG PrimaryStageWindow   - Scene size: 960.0 x 640.0
16:48:13.586 [JavaFX Application Thread] DEBUG PrimaryStageWindow   - Stage size: 960.0 x 668.0
16:48:13.589 [FXGL Background Thread 1 ] DEBUG Engine               - Initializing environment variables
16:48:13.611 [FXGL Background Thread 1 ] DEBUG FXGLAssetLoaderServi - User app class for loading assets: class org.example.PlatformerGame
16:48:13.611 [FXGL Background Thread 1 ] DEBUG GameApplicationServi - Applying CSS: fxgl_dark.css
16:48:13.612 [FXGL Background Thread 1 ] DEBUG FXGLAssetLoaderServi - Loading from file system: jar:file:/Users/karinasang/.m2/repository/com/github/almasb/fxgl/17.1/fxgl-17.1.jar!/fxglassets/ui/css/fxgl_dark.css
16:48:13.630 [FXGL Background Thread 1 ] DEBUG GameApplicationServi - Initializing application scenes
16:48:13.728 [FXGL Background Thread 1 ] DEBUG GameWorld            - Game world initialized
16:48:13.752 [FXGL Background Thread 1 ] DEBUG PhysicsWorld         - Physics world initialized: appHeight=640, physics.ppm=50.0
16:48:13.752 [FXGL Background Thread 1 ] DEBUG PhysicsWorld         - Using strategy: BRUTE_FORCE
16:48:13.754 [FXGL Background Thread 1 ] DEBUG GameScene            - Game scene initialized: 960x640
16:48:13.759 [FXGL Background Thread 1 ] DEBUG FXGL.DefaultMenu     - createMenuBodyGameMenu()
16:48:13.766 [FXGL Background Thread 1 ] DEBUG FXGL.DefaultMenu     - createOptionsMenu()
16:48:13.770 [FXGL Background Thread 1 ] DEBUG FXGLAssetLoaderServi - Loading from file system: jar:file:/Users/karinasang/.m2/repository/com/github/almasb/fxgl/17.1/fxgl-17.1.jar!/fxglassets/textures/particles/smoke.png
16:48:13.817 [FXGL Background Thread 1 ] DEBUG FXGLAssetLoaderServi - Loading from file system: jar:file:/Users/karinasang/.m2/repository/com/github/almasb/fxgl/17.1/fxgl-17.1.jar!/fxglassets/textures/particles/trace_horizontal.png
16:48:13.831 [FXGL Background Thread 1 ] DEBUG GameApplicationServi - Application scenes initialized
16:48:13.836 [FXGL Background Thread 1 ] DEBUG SystemBundleService  - Loading FXGL system data
16:48:13.838 [FXGL Background Thread 1 ] DEBUG FileSystemAccess     - Reading from: /Users/karinasang/Sherry/PlatformerGame/system/fxgl.bundle
16:48:13.842 [FXGL Background Thread 1 ] DEBUG SystemBundleService  - Bundle FXGL: {}
16:48:13.842 [FXGL Background Thread 1 ] DEBUG UpdaterService       - Checking for updates
16:48:13.844 [FXGL Background Thread 4 ] DEBUG FXGLApplication      - Loading fonts
16:48:13.844 [FXGL Background Thread 1 ] DEBUG FXGLApplication      - Loading default localization
16:48:13.844 [FXGL Background Thread 4 ] DEBUG FXGLAssetLoaderServi - Loading from file system: jar:file:/Users/karinasang/.m2/repository/com/github/almasb/fxgl/17.1/fxgl-17.1.jar!/fxglassets/ui/fonts/VarelaRound-Regular.ttf
16:48:13.844 [FXGL Background Thread 1 ] DEBUG FXGLAssetLoaderServi - Loading from file system: jar:file:/Users/karinasang/.m2/repository/com/github/almasb/fxgl/17.1/fxgl-17.1.jar!/fxglassets/languages/english.lang
16:48:13.850 [FXGL Background Thread 4 ] DEBUG FXGLAssetLoaderServi - Loading from file system: jar:file:/Users/karinasang/.m2/repository/com/github/almasb/fxgl/17.1/fxgl-17.1.jar!/fxglassets/ui/fonts/Abel-Regular.ttf
16:48:13.852 [FXGL Background Thread 4 ] DEBUG FXGLAssetLoaderServi - Loading from file system: jar:file:/Users/karinasang/.m2/repository/com/github/almasb/fxgl/17.1/fxgl-17.1.jar!/fxglassets/ui/fonts/TerminalLandMono-Regular.otf
16:48:13.852 [FXGL Background Thread 1 ] INFO  FXGLApplication      - FXGL initialization took: 0.264 sec
16:48:13.853 [JavaFX Application Thread] DEBUG FXGLAssetLoaderServi - Loading from file system: jar:file:/Users/karinasang/.m2/repository/com/github/almasb/fxgl/17.1/fxgl-17.1.jar!/fxglassets/textures/fxgl_icon.png
16:48:13.853 [FXGL Background Thread 4 ] DEBUG FXGLAssetLoaderServi - Loading from file system: jar:file:/Users/karinasang/.m2/repository/com/github/almasb/fxgl/17.1/fxgl-17.1.jar!/fxglassets/ui/fonts/Courier-Prime.ttf
16:48:13.868 [JavaFX Application Thread] DEBUG FXGLAssetLoaderServi - Loading from file system: jar:file:/Users/karinasang/.m2/repository/com/github/almasb/fxgl/17.1/fxgl-17.1.jar!/fxglassets/textures/fxgl_default_cursor.png
16:48:13.873 [JavaFX Application Thread] DEBUG Input                - Registered new binding: Screenshot - CTRL+8
16:48:13.873 [JavaFX Application Thread] DEBUG Input                - Registered new binding: System info dump - CTRL+9
16:48:13.873 [JavaFX Application Thread] DEBUG Input                - Registered new binding: Restart - CTRL+R
16:48:13.874 [JavaFX Application Thread] DEBUG Input                - Registered new binding: Toggle Debug Camera - CTRL+7
16:48:13.874 [JavaFX Application Thread] DEBUG LoopRunner           - Starting loop
16:48:13.874 [JavaFX Application Thread] DEBUG LoopRunner           - Initializing JavaFX AnimationTimerLoop
16:48:13.875 [JavaFX Application Thread] DEBUG GameApplicationServi - Starting new game
16:48:13.875 [JavaFX Application Thread] DEBUG Input                - Clearing active input actions
16:48:13.879 [JavaFX Application Thread] DEBUG GameApplicationServi - Removing overlay from FXGLStartupScene and adding to FXGLLoadingScene
16:48:13.879 [JavaFX Application Thread] DEBUG PrimaryStageWindow   - FXGLStartupScene -> FXGLLoadingScene
16:48:13.880 [JavaFX Application Thread] DEBUG GameApplicationServi - Clearing previous game
16:48:13.880 [JavaFX Application Thread] DEBUG GameScene            - Clearing game scene
16:48:13.880 [JavaFX Application Thread] DEBUG GameWorld            - Clearing game world
16:48:13.880 [JavaFX Application Thread] DEBUG PhysicsWorld         - Clearing physics world
16:48:13.880 [FXGL Background Thread 4 ] DEBUG FXGLApplication      - Initializing game
16:48:13.899 [FXGL Background Thread 4 ] WARN  TMXLevelLoader       - TiledMap generated from 1.9.2. Supported version: 1.4.2. Some features may not be parsed fully.
16:48:13.906 [FXGL Background Thread 4 ] DEBUG TMXLevelLoader       - Parsed TiledMap: file:/Users/karinasang/Sherry/PlatformerGame/target/classes/assets/levels/level1_map.tmx
16:48:13.906 [JavaFX Application Thread] DEBUG FXGLApplication      - Registering font factories with UI factory
16:48:13.907 [FXGL Background Thread 4 ] DEBUG TMXLevelLoader       - Creating tile layer entities
16:48:13.909 [FXGL Background Thread 4 ] DEBUG TilesetLoader        - Loading view for layer background
16:48:13.910 [FXGL Background Thread 4 ] DEBUG TilesetLoader        - Created buffer with size 960.0x640.0
16:48:13.941 [FXGL Background Thread 4 ] DEBUG TilesetLoader        - Loading view for layer decor
16:48:13.942 [FXGL Background Thread 4 ] DEBUG TilesetLoader        - Created buffer with size 960.0x640.0
16:48:13.942 [FXGL Background Thread 4 ] DEBUG TMXLevelLoader       - Creating object layer entities
16:48:13.948 [FXGL Background Thread 4 ] DEBUG GameWorld            - Clearing removable entities
16:48:13.948 [FXGL Background Thread 4 ] DEBUG GameWorld            - Setting level: com.almasb.fxgl.entity.level.Level@1fbb558
16:48:13.949 [FXGL Background Thread 4 ] DEBUG FXGLAssetLoaderServi - Loading from file system: file:/Users/karinasang/Sherry/PlatformerGame/target/classes/assets/textures/background/forest.png
16:48:13.958 [FXGL Background Thread 4 ] DEBUG FXGLAssetLoaderServi - Loading from file system: file:/Users/karinasang/Sherry/PlatformerGame/target/classes/assets/textures/player.png
16:48:13.960 [FXGL Background Thread 4 ] INFO  FXGLApplication      - Game initialization took: 0.080 sec
16:48:13.967 [JavaFX Application Thread] DEBUG Input                - Clearing active input actions
16:48:13.970 [JavaFX Application Thread] DEBUG GameApplicationServi - Removing overlay from FXGLLoadingScene and adding to GameScene
16:48:13.970 [JavaFX Application Thread] DEBUG PrimaryStageWindow   - FXGLLoadingScene -> GameScene
16:48:14.097 [FXGL Background Thread 2 ] INFO  UpdaterService       - Your current version:  17.1
16:48:14.097 [FXGL Background Thread 2 ] INFO  UpdaterService       - Latest stable version: 17.3
16:48:16.557 [JavaFX Application Thread] DEBUG FXGLApplication      - Exiting FXGL
16:48:16.557 [JavaFX Application Thread] DEBUG LoopRunner           - Stopping loop
16:48:16.558 [JavaFX Application Thread] DEBUG SystemBundleService  - Saving FXGL system data
16:48:16.563 [JavaFX Application Thread] DEBUG FileSystemAccess     - Writing to: /Users/karinasang/Sherry/PlatformerGame/system/fxgl.bundle
16:48:16.566 [JavaFX Application Thread] DEBUG Async                - Shutting down background threads
16:48:16.567 [JavaFX Application Thread] DEBUG PrimaryStageWindow   - Closing main window
16:48:16.577 [JavaFX Application Thread] DEBUG Logger               - Closing Logger
