16:27:30.342 [main                     ] DEBUG Logger               - Configured Logger
16:27:30.354 [main                     ] DEBUG GameApplication      - Logging settings
Title: Platformer Game
Version: 0.0
Width: 960
Height: 640
Fullscreen: false
Intro: false
Profiling: false
Single step:false
App Mode: DEVELOPER
Menu Key: ESCAPE
Stage Style: DECORATED
Scene Factory: class com.almasb.fxgl.app.scene.SceneFactory

16:27:30.680 [JavaFX Application Thread] DEBUG FXGLApplication      - Initializing FXGL
16:27:30.682 [JavaFX Application Thread] INFO  Engine               - FXGL-17.1 (24.03.2022 17.34) on MAC (J:19.0.1 FX:18)
16:27:30.683 [JavaFX Application Thread] DEBUG Engine               - JRE Vendor Name: Oracle Corporation
16:27:30.683 [JavaFX Application Thread] DEBUG Engine               - Running on OS: Mac OS X version 13.3.1
16:27:30.683 [JavaFX Application Thread] DEBUG Engine               - Architecture: aarch64
16:27:30.683 [JavaFX Application Thread] INFO  Engine               - Source code and latest versions at: https://github.com/AlmasB/FXGL
16:27:30.683 [JavaFX Application Thread] INFO  Engine               -       Ask questions and discuss at: https://github.com/AlmasB/FXGL/discussions
16:27:30.683 [JavaFX Application Thread] INFO  Engine               -              Join the FXGL chat at: https://gitter.im/AlmasB/FXGL
16:27:30.740 [JavaFX Application Thread] DEBUG PrimaryStageWindow   - Creating a JavaFX scene
16:27:30.758 [JavaFX Application Thread] DEBUG PrimaryStageWindow   - Target settings size: 960.0 x 640.0
16:27:30.758 [JavaFX Application Thread] DEBUG PrimaryStageWindow   - Scaled scene size:    960.0 x 640.0
16:27:30.758 [JavaFX Application Thread] DEBUG PrimaryStageWindow   - Scaled ratio: (1.0, 1.0)
16:27:30.759 [JavaFX Application Thread] DEBUG PrimaryStageWindow   - Set initial scene to FXGLStartupScene
16:27:30.761 [JavaFX Application Thread] DEBUG PrimaryStageWindow   - Opening main window
16:27:30.837 [JavaFX Application Thread] DEBUG PrimaryStageWindow   - Window border size: (0.0, 28.0)
16:27:30.838 [JavaFX Application Thread] DEBUG PrimaryStageWindow   - Scaled size: 960.0 x 640.0
16:27:30.838 [JavaFX Application Thread] DEBUG PrimaryStageWindow   - Scaled ratio: (1.0, 1.0)
16:27:30.838 [JavaFX Application Thread] DEBUG PrimaryStageWindow   - Scene size: 960.0 x 640.0
16:27:30.838 [JavaFX Application Thread] DEBUG PrimaryStageWindow   - Stage size: 960.0 x 668.0
16:27:30.841 [FXGL Background Thread 1 ] DEBUG Engine               - Initializing environment variables
16:27:30.860 [FXGL Background Thread 1 ] DEBUG FXGLAssetLoaderServi - User app class for loading assets: class org.example.PlatformerGame
16:27:30.861 [FXGL Background Thread 1 ] DEBUG GameApplicationServi - Applying CSS: fxgl_dark.css
16:27:30.861 [FXGL Background Thread 1 ] DEBUG FXGLAssetLoaderServi - Loading from file system: jar:file:/Users/karinasang/.m2/repository/com/github/almasb/fxgl/17.1/fxgl-17.1.jar!/fxglassets/ui/css/fxgl_dark.css
16:27:30.882 [FXGL Background Thread 1 ] DEBUG GameApplicationServi - Initializing application scenes
16:27:30.977 [FXGL Background Thread 1 ] DEBUG GameWorld            - Game world initialized
16:27:31.000 [FXGL Background Thread 1 ] DEBUG PhysicsWorld         - Physics world initialized: appHeight=640, physics.ppm=50.0
16:27:31.000 [FXGL Background Thread 1 ] DEBUG PhysicsWorld         - Using strategy: BRUTE_FORCE
16:27:31.002 [FXGL Background Thread 1 ] DEBUG GameScene            - Game scene initialized: 960x640
16:27:31.007 [FXGL Background Thread 1 ] DEBUG FXGL.DefaultMenu     - createMenuBodyGameMenu()
16:27:31.015 [FXGL Background Thread 1 ] DEBUG FXGL.DefaultMenu     - createOptionsMenu()
16:27:31.020 [FXGL Background Thread 1 ] DEBUG FXGLAssetLoaderServi - Loading from file system: jar:file:/Users/karinasang/.m2/repository/com/github/almasb/fxgl/17.1/fxgl-17.1.jar!/fxglassets/textures/particles/smoke.png
16:27:31.070 [FXGL Background Thread 1 ] DEBUG FXGLAssetLoaderServi - Loading from file system: jar:file:/Users/karinasang/.m2/repository/com/github/almasb/fxgl/17.1/fxgl-17.1.jar!/fxglassets/textures/particles/trace_horizontal.png
16:27:31.083 [FXGL Background Thread 1 ] DEBUG GameApplicationServi - Application scenes initialized
16:27:31.088 [FXGL Background Thread 1 ] DEBUG SystemBundleService  - Loading FXGL system data
16:27:31.090 [FXGL Background Thread 1 ] DEBUG FileSystemAccess     - Reading from: /Users/karinasang/Sherry/PlatformerGame/system/fxgl.bundle
16:27:31.093 [FXGL Background Thread 1 ] DEBUG SystemBundleService  - Bundle FXGL: {}
16:27:31.094 [FXGL Background Thread 1 ] DEBUG UpdaterService       - Checking for updates
16:27:31.095 [FXGL Background Thread 4 ] DEBUG FXGLApplication      - Loading fonts
16:27:31.095 [FXGL Background Thread 4 ] DEBUG FXGLAssetLoaderServi - Loading from file system: jar:file:/Users/karinasang/.m2/repository/com/github/almasb/fxgl/17.1/fxgl-17.1.jar!/fxglassets/ui/fonts/VarelaRound-Regular.ttf
16:27:31.095 [FXGL Background Thread 1 ] DEBUG FXGLApplication      - Loading default localization
16:27:31.096 [FXGL Background Thread 1 ] DEBUG FXGLAssetLoaderServi - Loading from file system: jar:file:/Users/karinasang/.m2/repository/com/github/almasb/fxgl/17.1/fxgl-17.1.jar!/fxglassets/languages/english.lang
16:27:31.105 [FXGL Background Thread 4 ] DEBUG FXGLAssetLoaderServi - Loading from file system: jar:file:/Users/karinasang/.m2/repository/com/github/almasb/fxgl/17.1/fxgl-17.1.jar!/fxglassets/ui/fonts/Abel-Regular.ttf
16:27:31.107 [FXGL Background Thread 4 ] DEBUG FXGLAssetLoaderServi - Loading from file system: jar:file:/Users/karinasang/.m2/repository/com/github/almasb/fxgl/17.1/fxgl-17.1.jar!/fxglassets/ui/fonts/TerminalLandMono-Regular.otf
16:27:31.108 [FXGL Background Thread 1 ] INFO  FXGLApplication      - FXGL initialization took: 0.267 sec
16:27:31.108 [JavaFX Application Thread] DEBUG FXGLAssetLoaderServi - Loading from file system: jar:file:/Users/karinasang/.m2/repository/com/github/almasb/fxgl/17.1/fxgl-17.1.jar!/fxglassets/textures/fxgl_icon.png
16:27:31.110 [FXGL Background Thread 4 ] DEBUG FXGLAssetLoaderServi - Loading from file system: jar:file:/Users/karinasang/.m2/repository/com/github/almasb/fxgl/17.1/fxgl-17.1.jar!/fxglassets/ui/fonts/Courier-Prime.ttf
16:27:31.124 [JavaFX Application Thread] DEBUG FXGLAssetLoaderServi - Loading from file system: jar:file:/Users/karinasang/.m2/repository/com/github/almasb/fxgl/17.1/fxgl-17.1.jar!/fxglassets/textures/fxgl_default_cursor.png
16:27:31.129 [JavaFX Application Thread] DEBUG Input                - Registered new binding: Screenshot - CTRL+8
16:27:31.129 [JavaFX Application Thread] DEBUG Input                - Registered new binding: System info dump - CTRL+9
16:27:31.129 [JavaFX Application Thread] DEBUG Input                - Registered new binding: Restart - CTRL+R
16:27:31.130 [JavaFX Application Thread] DEBUG Input                - Registered new binding: Toggle Debug Camera - CTRL+7
16:27:31.131 [JavaFX Application Thread] DEBUG LoopRunner           - Starting loop
16:27:31.131 [JavaFX Application Thread] DEBUG LoopRunner           - Initializing JavaFX AnimationTimerLoop
16:27:31.131 [JavaFX Application Thread] DEBUG GameApplicationServi - Starting new game
16:27:31.131 [JavaFX Application Thread] DEBUG Input                - Clearing active input actions
16:27:31.136 [JavaFX Application Thread] DEBUG GameApplicationServi - Removing overlay from FXGLStartupScene and adding to FXGLLoadingScene
16:27:31.136 [JavaFX Application Thread] DEBUG PrimaryStageWindow   - FXGLStartupScene -> FXGLLoadingScene
16:27:31.136 [JavaFX Application Thread] DEBUG GameApplicationServi - Clearing previous game
16:27:31.136 [JavaFX Application Thread] DEBUG GameScene            - Clearing game scene
16:27:31.136 [JavaFX Application Thread] DEBUG GameWorld            - Clearing game world
16:27:31.136 [JavaFX Application Thread] DEBUG PhysicsWorld         - Clearing physics world
16:27:31.137 [FXGL Background Thread 4 ] DEBUG FXGLApplication      - Initializing game
16:27:31.155 [FXGL Background Thread 4 ] WARN  TMXLevelLoader       - TiledMap generated from 1.9.2. Supported version: 1.4.2. Some features may not be parsed fully.
16:27:31.161 [FXGL Background Thread 4 ] DEBUG TMXLevelLoader       - Parsed TiledMap: file:/Users/karinasang/Sherry/PlatformerGame/target/classes/assets/levels/level1_map.tmx
16:27:31.161 [FXGL Background Thread 4 ] DEBUG TMXLevelLoader       - Creating tile layer entities
16:27:31.162 [FXGL Background Thread 4 ] DEBUG TilesetLoader        - Loading view for layer background
16:27:31.169 [FXGL Background Thread 4 ] DEBUG TilesetLoader        - Created buffer with size 960.0x640.0
16:27:31.179 [JavaFX Application Thread] DEBUG FXGLApplication      - Registering font factories with UI factory
16:27:31.187 [FXGL Background Thread 4 ] DEBUG TilesetLoader        - Loading view for layer decor
16:27:31.188 [FXGL Background Thread 4 ] DEBUG TilesetLoader        - Created buffer with size 960.0x640.0
16:27:31.191 [FXGL Background Thread 4 ] DEBUG TMXLevelLoader       - Creating object layer entities
16:27:31.201 [FXGL Background Thread 4 ] DEBUG GameWorld            - Clearing removable entities
16:27:31.201 [FXGL Background Thread 4 ] DEBUG GameWorld            - Setting level: com.almasb.fxgl.entity.level.Level@759622c0
16:27:31.204 [FXGL Background Thread 4 ] INFO  FXGLApplication      - Game initialization took: 0.067 sec
16:27:31.204 [JavaFX Application Thread] DEBUG Input                - Clearing active input actions
16:27:31.207 [JavaFX Application Thread] DEBUG GameApplicationServi - Removing overlay from FXGLLoadingScene and adding to GameScene
16:27:31.207 [JavaFX Application Thread] DEBUG PrimaryStageWindow   - FXGLLoadingScene -> GameScene
16:27:31.458 [FXGL Background Thread 2 ] INFO  UpdaterService       - Your current version:  17.1
16:27:31.458 [FXGL Background Thread 2 ] INFO  UpdaterService       - Latest stable version: 17.3
16:27:33.026 [JavaFX Application Thread] DEBUG FXGLApplication      - Exiting FXGL
16:27:33.027 [JavaFX Application Thread] DEBUG LoopRunner           - Stopping loop
16:27:33.027 [JavaFX Application Thread] DEBUG SystemBundleService  - Saving FXGL system data
16:27:33.030 [JavaFX Application Thread] DEBUG FileSystemAccess     - Writing to: /Users/karinasang/Sherry/PlatformerGame/system/fxgl.bundle
16:27:33.034 [JavaFX Application Thread] DEBUG Async                - Shutting down background threads
16:27:33.034 [JavaFX Application Thread] DEBUG PrimaryStageWindow   - Closing main window
16:27:33.045 [JavaFX Application Thread] DEBUG Logger               - Closing Logger
