17:24:23.043 [main                     ] DEBUG Logger               - Configured Logger
17:24:23.082 [main                     ] DEBUG GameApplication      - Logging settings
Title: Platformer Game
Version: 0.0
Width: 960
Height: 640
Fullscreen: false
Intro: false
Profiling: false
Single step:false
App Mode: DEVELOPER
Menu Key: ESCAPE
Stage Style: DECORATED
Scene Factory: class com.almasb.fxgl.app.scene.SceneFactory

17:24:23.569 [JavaFX Application Thread] DEBUG FXGLApplication      - Initializing FXGL
17:24:23.578 [JavaFX Application Thread] INFO  Engine               - FXGL-17.1 (24.03.2022 17.34) on WINDOWS (J:19.0.2 FX:18)
17:24:23.579 [JavaFX Application Thread] DEBUG Engine               - JRE Vendor Name: Amazon.com Inc.
17:24:23.579 [JavaFX Application Thread] DEBUG Engine               - Running on OS: Windows 10 version 10.0
17:24:23.580 [JavaFX Application Thread] DEBUG Engine               - Architecture: amd64
17:24:23.580 [JavaFX Application Thread] INFO  Engine               - Source code and latest versions at: https://github.com/AlmasB/FXGL
17:24:23.580 [JavaFX Application Thread] INFO  Engine               -       Ask questions and discuss at: https://github.com/AlmasB/FXGL/discussions
17:24:23.580 [JavaFX Application Thread] INFO  Engine               -              Join the FXGL chat at: https://gitter.im/AlmasB/FXGL
17:24:23.779 [JavaFX Application Thread] DEBUG PrimaryStageWindow   - Creating a JavaFX scene
17:24:23.869 [JavaFX Application Thread] DEBUG PrimaryStageWindow   - Target settings size: 960.0 x 640.0
17:24:23.870 [JavaFX Application Thread] DEBUG PrimaryStageWindow   - Scaled scene size:    960.0 x 640.0
17:24:23.870 [JavaFX Application Thread] DEBUG PrimaryStageWindow   - Scaled ratio: (1.0, 1.0)
17:24:23.872 [JavaFX Application Thread] DEBUG PrimaryStageWindow   - Set initial scene to FXGLStartupScene
17:24:23.915 [JavaFX Application Thread] DEBUG PrimaryStageWindow   - Opening main window
17:24:24.018 [JavaFX Application Thread] DEBUG PrimaryStageWindow   - Window border size: (16.0, 39.0)
17:24:24.018 [JavaFX Application Thread] DEBUG PrimaryStageWindow   - Scaled size: 960.0 x 640.0
17:24:24.018 [JavaFX Application Thread] DEBUG PrimaryStageWindow   - Scaled ratio: (1.0, 1.0)
17:24:24.018 [JavaFX Application Thread] DEBUG PrimaryStageWindow   - Scene size: 960.0 x 640.0
17:24:24.019 [JavaFX Application Thread] DEBUG PrimaryStageWindow   - Stage size: 976.0 x 679.0
17:24:24.027 [FXGL Background Thread 1 ] DEBUG Engine               - Initializing environment variables
17:24:24.096 [FXGL Background Thread 1 ] DEBUG FXGLAssetLoaderServi - User app class for loading assets: class org.example.PlatformerGame
17:24:24.097 [FXGL Background Thread 1 ] DEBUG GameApplicationServi - Applying CSS: fxgl_dark.css
17:24:24.098 [FXGL Background Thread 1 ] DEBUG FXGLAssetLoaderServi - Loading from file system: jar:file:/C:/Users/Sarahcui/.m2/repository/com/github/almasb/fxgl/17.1/fxgl-17.1.jar!/fxglassets/ui/css/fxgl_dark.css
17:24:24.160 [FXGL Background Thread 1 ] DEBUG GameApplicationServi - Initializing application scenes
17:24:24.215 [FXGL Background Thread 1 ] DEBUG GameWorld            - Game world initialized
17:24:24.304 [FXGL Background Thread 1 ] DEBUG PhysicsWorld         - Physics world initialized: appHeight=640, physics.ppm=50.0
17:24:24.305 [FXGL Background Thread 1 ] DEBUG PhysicsWorld         - Using strategy: BRUTE_FORCE
17:24:24.310 [FXGL Background Thread 1 ] DEBUG GameScene            - Game scene initialized: 960x640
17:24:24.327 [FXGL Background Thread 1 ] DEBUG FXGL.DefaultMenu     - createMenuBodyGameMenu()
17:24:24.349 [FXGL Background Thread 1 ] DEBUG FXGL.DefaultMenu     - createOptionsMenu()
17:24:24.362 [FXGL Background Thread 1 ] DEBUG FXGLAssetLoaderServi - Loading from file system: jar:file:/C:/Users/Sarahcui/.m2/repository/com/github/almasb/fxgl/17.1/fxgl-17.1.jar!/fxglassets/textures/particles/smoke.png
17:24:24.484 [FXGL Background Thread 1 ] DEBUG FXGLAssetLoaderServi - Loading from file system: jar:file:/C:/Users/Sarahcui/.m2/repository/com/github/almasb/fxgl/17.1/fxgl-17.1.jar!/fxglassets/textures/particles/trace_horizontal.png
17:24:24.527 [FXGL Background Thread 1 ] DEBUG GameApplicationServi - Application scenes initialized
17:24:24.544 [FXGL Background Thread 1 ] DEBUG SystemBundleService  - Loading FXGL system data
17:24:24.549 [FXGL Background Thread 1 ] DEBUG FileSystemAccess     - Reading from: C:\Users\Sarahcui\IdeaProjects\Platformer\system\fxgl.bundle
17:24:24.559 [FXGL Background Thread 1 ] DEBUG SystemBundleService  - Bundle FXGL: {}
17:24:24.559 [FXGL Background Thread 1 ] DEBUG UpdaterService       - Checking for updates
17:24:24.563 [FXGL Background Thread 4 ] DEBUG FXGLApplication      - Loading fonts
17:24:24.564 [FXGL Background Thread 1 ] DEBUG FXGLApplication      - Loading default localization
17:24:24.564 [FXGL Background Thread 4 ] DEBUG FXGLAssetLoaderServi - Loading from file system: jar:file:/C:/Users/Sarahcui/.m2/repository/com/github/almasb/fxgl/17.1/fxgl-17.1.jar!/fxglassets/ui/fonts/VarelaRound-Regular.ttf
17:24:24.565 [FXGL Background Thread 1 ] DEBUG FXGLAssetLoaderServi - Loading from file system: jar:file:/C:/Users/Sarahcui/.m2/repository/com/github/almasb/fxgl/17.1/fxgl-17.1.jar!/fxglassets/languages/english.lang
17:24:24.596 [FXGL Background Thread 1 ] INFO  FXGLApplication      - FXGL initialization took: 0.569 sec
17:24:24.597 [JavaFX Application Thread] DEBUG FXGLAssetLoaderServi - Loading from file system: jar:file:/C:/Users/Sarahcui/.m2/repository/com/github/almasb/fxgl/17.1/fxgl-17.1.jar!/fxglassets/textures/fxgl_icon.png
17:24:24.629 [JavaFX Application Thread] DEBUG FXGLAssetLoaderServi - Loading from file system: jar:file:/C:/Users/Sarahcui/.m2/repository/com/github/almasb/fxgl/17.1/fxgl-17.1.jar!/fxglassets/textures/fxgl_default_cursor.png
17:24:24.644 [JavaFX Application Thread] DEBUG Input                - Registered new binding: Screenshot - CTRL+8
17:24:24.646 [JavaFX Application Thread] DEBUG Input                - Registered new binding: System info dump - CTRL+9
17:24:24.646 [JavaFX Application Thread] DEBUG Input                - Registered new binding: Restart - CTRL+R
17:24:24.647 [JavaFX Application Thread] DEBUG Input                - Registered new binding: Toggle Debug Camera - CTRL+7
17:24:24.651 [JavaFX Application Thread] DEBUG LoopRunner           - Starting loop
17:24:24.652 [JavaFX Application Thread] DEBUG LoopRunner           - Initializing JavaFX AnimationTimerLoop
17:24:24.654 [JavaFX Application Thread] DEBUG GameApplicationServi - Starting new game
17:24:24.655 [JavaFX Application Thread] DEBUG Input                - Clearing active input actions
17:24:24.672 [JavaFX Application Thread] DEBUG GameApplicationServi - Removing overlay from FXGLStartupScene and adding to FXGLLoadingScene
17:24:24.673 [JavaFX Application Thread] DEBUG PrimaryStageWindow   - FXGLStartupScene -> FXGLLoadingScene
17:24:24.673 [JavaFX Application Thread] DEBUG GameApplicationServi - Clearing previous game
17:24:24.673 [JavaFX Application Thread] DEBUG GameScene            - Clearing game scene
17:24:24.673 [JavaFX Application Thread] DEBUG GameWorld            - Clearing game world
17:24:24.673 [JavaFX Application Thread] DEBUG PhysicsWorld         - Clearing physics world
17:24:24.679 [FXGL Background Thread 1 ] DEBUG FXGLApplication      - Initializing game
17:24:24.704 [FXGL Background Thread 4 ] DEBUG FXGLAssetLoaderServi - Loading from file system: jar:file:/C:/Users/Sarahcui/.m2/repository/com/github/almasb/fxgl/17.1/fxgl-17.1.jar!/fxglassets/ui/fonts/Abel-Regular.ttf
17:24:24.708 [FXGL Background Thread 4 ] DEBUG FXGLAssetLoaderServi - Loading from file system: jar:file:/C:/Users/Sarahcui/.m2/repository/com/github/almasb/fxgl/17.1/fxgl-17.1.jar!/fxglassets/ui/fonts/TerminalLandMono-Regular.otf
17:24:24.722 [FXGL Background Thread 4 ] DEBUG FXGLAssetLoaderServi - Loading from file system: jar:file:/C:/Users/Sarahcui/.m2/repository/com/github/almasb/fxgl/17.1/fxgl-17.1.jar!/fxglassets/ui/fonts/Courier-Prime.ttf
17:24:24.729 [FXGL Background Thread 1 ] WARN  TMXLevelLoader       - TiledMap generated from 1.9.2. Supported version: 1.4.2. Some features may not be parsed fully.
17:24:24.737 [JavaFX Application Thread] DEBUG FXGLApplication      - Registering font factories with UI factory
17:24:24.752 [FXGL Background Thread 1 ] DEBUG TMXLevelLoader       - Parsed TiledMap: file:/C:/Users/Sarahcui/IdeaProjects/Platformer/target/classes/assets/levels/level1_map.tmx
17:24:24.754 [FXGL Background Thread 1 ] DEBUG TMXLevelLoader       - Creating tile layer entities
17:24:24.756 [FXGL Background Thread 1 ] DEBUG TilesetLoader        - Loading view for layer background
17:24:24.758 [FXGL Background Thread 1 ] DEBUG TilesetLoader        - Created buffer with size 960.0x640.0
17:24:24.830 [FXGL Background Thread 1 ] DEBUG TilesetLoader        - Loading view for layer decor
17:24:24.832 [FXGL Background Thread 1 ] DEBUG TilesetLoader        - Created buffer with size 960.0x640.0
17:24:24.832 [FXGL Background Thread 1 ] DEBUG TMXLevelLoader       - Creating object layer entities
17:24:24.837 [FXGL Background Thread 1 ] WARN  TMXLevelLoader       - Parse error
java.lang.IllegalStateException: No EntityFactory was added! Call gameWorld.addEntityFactory()
	at com.almasb.fxgl.entity.GameWorld.create(GameWorld.kt:410)
	at com.almasb.fxgl.entity.level.tiled.TMXLevelLoader.createObjectLayerEntities(TMXLevelLoader.kt:154)
	at com.almasb.fxgl.entity.level.tiled.TMXLevelLoader.load(TMXLevelLoader.kt:60)
	at com.almasb.fxgl.app.services.FXGLAssetLoaderService.loadLevel(FXGLAssetLoaderService.kt:446)
	at com.almasb.fxgl.dsl.FXGL$Companion.setLevelFromMap(FXGL.kt:634)
	at com.almasb.fxgl.dsl.FXGL.setLevelFromMap(FXGL.kt)
	at org.example.PlatformerGame.initGame(PlatformerGame.java:10)
	at com.almasb.fxgl.app.FXGLApplication$InitAppTask.initGame(FXGLApplication.kt:339)
	at com.almasb.fxgl.app.FXGLApplication$InitAppTask.call(FXGLApplication.kt:319)
	at com.almasb.fxgl.app.FXGLApplication$InitAppTask.call(FXGLApplication.kt:311)
	at javafx.concurrent.Task$TaskCallable.call(Task.java:1426)
	at java.base/java.util.concurrent.FutureTask.run(FutureTask.java:317)
	at java.base/java.util.concurrent.Executors$RunnableAdapter.call(Executors.java:577)
	at java.base/java.util.concurrent.FutureTask.run(FutureTask.java:317)
	at java.base/java.util.concurrent.ThreadPoolExecutor.runWorker(ThreadPoolExecutor.java:1144)
	at java.base/java.util.concurrent.ThreadPoolExecutor$Worker.run(ThreadPoolExecutor.java:642)
	at java.base/java.lang.Thread.run(Thread.java:1589)

17:24:24.891 [JavaFX Application Thread] DEBUG LoopRunner           - Stopping loop
17:24:24.892 [JavaFX Application Thread] FATAL FXGLApplication      - Uncaught Exception:
java.lang.RuntimeException: Initialization failed
	at com.almasb.fxgl.app.FXGLApplication$InitAppTask.failed(FXGLApplication.kt:343)
	at javafx.concurrent.Task.setState(Task.java:710)
	at javafx.concurrent.Task$TaskCallable.lambda$call$2(Task.java:1456)
	at com.sun.javafx.application.PlatformImpl.lambda$runLater$10(PlatformImpl.java:457)
	at java.base/java.security.AccessController.doPrivileged(AccessController.java:399)
	at com.sun.javafx.application.PlatformImpl.lambda$runLater$11(PlatformImpl.java:456)
	at com.sun.glass.ui.InvokeLaterDispatcher$Future.run(InvokeLaterDispatcher.java:96)
	at com.sun.glass.ui.win.WinApplication._runLoop(Native Method)
	at com.sun.glass.ui.win.WinApplication.lambda$runLoop$3(WinApplication.java:184)
	at java.base/java.lang.Thread.run(Thread.java:1589)
Caused by: com.almasb.fxgl.entity.level.LevelLoadingException: No EntityFactory was added! Call gameWorld.addEntityFactory()
	at com.almasb.fxgl.entity.level.tiled.TMXLevelLoader.load(TMXLevelLoader.kt:78)
	at com.almasb.fxgl.app.services.FXGLAssetLoaderService.loadLevel(FXGLAssetLoaderService.kt:446)
	at com.almasb.fxgl.dsl.FXGL$Companion.setLevelFromMap(FXGL.kt:634)
	at com.almasb.fxgl.dsl.FXGL.setLevelFromMap(FXGL.kt)
	at org.example.PlatformerGame.initGame(PlatformerGame.java:10)
	at com.almasb.fxgl.app.FXGLApplication$InitAppTask.initGame(FXGLApplication.kt:339)
	at com.almasb.fxgl.app.FXGLApplication$InitAppTask.call(FXGLApplication.kt:319)
	at com.almasb.fxgl.app.FXGLApplication$InitAppTask.call(FXGLApplication.kt:311)
	at javafx.concurrent.Task$TaskCallable.call(Task.java:1426)
	at java.base/java.util.concurrent.FutureTask.run(FutureTask.java:317)
	at java.base/java.util.concurrent.Executors$RunnableAdapter.call(Executors.java:577)
	at java.base/java.util.concurrent.FutureTask.run(FutureTask.java:317)
	at java.base/java.util.concurrent.ThreadPoolExecutor.runWorker(ThreadPoolExecutor.java:1144)
	at java.base/java.util.concurrent.ThreadPoolExecutor$Worker.run(ThreadPoolExecutor.java:642)
	... 1 more
Caused by: java.lang.IllegalStateException: No EntityFactory was added! Call gameWorld.addEntityFactory()
	at com.almasb.fxgl.entity.GameWorld.create(GameWorld.kt:410)
	at com.almasb.fxgl.entity.level.tiled.TMXLevelLoader.createObjectLayerEntities(TMXLevelLoader.kt:154)
	at com.almasb.fxgl.entity.level.tiled.TMXLevelLoader.load(TMXLevelLoader.kt:60)
	... 14 more

17:24:24.893 [JavaFX Application Thread] FATAL FXGLApplication      - Application will now exit
17:24:24.919 [JavaFX Application Thread] DEBUG PrimaryStageWindow   - Push state: ErrorSubScene
17:24:24.919 [JavaFX Application Thread] DEBUG Input                - Clearing active input actions
17:24:24.930 [JavaFX Application Thread] DEBUG GameApplicationServi - Removing overlay from FXGLLoadingScene and adding to ErrorSubScene
17:24:24.931 [JavaFX Application Thread] DEBUG PrimaryStageWindow   - FXGLLoadingScene -> ErrorSubScene
17:24:25.170 [FXGL Background Thread 2 ] INFO  UpdaterService       - Your current version:  17.1
17:24:25.170 [FXGL Background Thread 2 ] INFO  UpdaterService       - Latest stable version: 17.3
17:24:27.563 [FXGL Background Thread 3 ] DEBUG Engine               - Logging environment variables
17:24:27.563 [FXGL Background Thread 3 ] DEBUG Engine               - achievements: []
17:24:27.563 [FXGL Background Thread 3 ] DEBUG Engine               - actualHeight: 640.0
17:24:27.563 [FXGL Background Thread 3 ] DEBUG Engine               - actualHeightProperty: ReadOnlyDoubleProperty [value: 640.0]
17:24:27.563 [FXGL Background Thread 3 ] DEBUG Engine               - actualWidth: 960.0
17:24:27.563 [FXGL Background Thread 3 ] DEBUG Engine               - actualWidthProperty: ReadOnlyDoubleProperty [value: 960.0]
17:24:27.563 [FXGL Background Thread 3 ] DEBUG Engine               - appIcon: fxgl_icon.png
17:24:27.563 [FXGL Background Thread 3 ] DEBUG Engine               - applicationMode: DEVELOPER
17:24:27.563 [FXGL Background Thread 3 ] DEBUG Engine               - cSSList: [fxgl_dark.css]
17:24:27.564 [FXGL Background Thread 3 ] DEBUG Engine               - collisionDetectionStrategy: BRUTE_FORCE
17:24:27.564 [FXGL Background Thread 3 ] DEBUG Engine               - configClass: Optional.empty
17:24:27.564 [FXGL Background Thread 3 ] DEBUG Engine               - credits: []
17:24:27.564 [FXGL Background Thread 3 ] DEBUG Engine               - defaultCursor: CursorInfo(imageName=fxgl_default_cursor.png, hotspotX=7.0, hotspotY=6.0)
17:24:27.564 [FXGL Background Thread 3 ] DEBUG Engine               - devBBoxColorProperty: ObjectProperty [value: 0xff0000ff]
17:24:27.564 [FXGL Background Thread 3 ] DEBUG Engine               - devEnableDebugCameraProperty: BooleanProperty [value: false]
17:24:27.564 [FXGL Background Thread 3 ] DEBUG Engine               - devSensorColorProperty: ObjectProperty [value: 0xffff00ff]
17:24:27.564 [FXGL Background Thread 3 ] DEBUG Engine               - devShowBBoxProperty: BooleanProperty [value: false]
17:24:27.564 [FXGL Background Thread 3 ] DEBUG Engine               - devShowPositionProperty: BooleanProperty [value: false]
17:24:27.564 [FXGL Background Thread 3 ] DEBUG Engine               - enabledMenuItems: []
17:24:27.564 [FXGL Background Thread 3 ] DEBUG Engine               - engineServices: [class com.almasb.fxgl.app.services.FXGLAssetLoaderService, class com.almasb.fxgl.app.FXGLApplication$GameApplicationService, class com.almasb.fxgl.app.services.FXGLDialogService, class com.almasb.fxgl.app.services.IOTaskExecutorService, class com.almasb.fxgl.io.FileSystemService, class com.almasb.fxgl.localization.LocalizationService, class com.almasb.fxgl.app.services.SystemBundleService, class com.almasb.fxgl.profile.SaveLoadService, class com.almasb.fxgl.ui.FXGLUIFactoryServiceProvider, class com.almasb.fxgl.ui.FXGLDialogFactoryServiceProvider, class com.almasb.fxgl.audio.AudioPlayer, class com.almasb.fxgl.notification.impl.NotificationServiceProvider, class com.almasb.fxgl.achievement.AchievementService, class com.almasb.fxgl.cutscene.CutsceneService, class com.almasb.fxgl.minigames.MiniGameService, class com.almasb.fxgl.net.NetService, class com.almasb.fxgl.app.services.UpdaterService, class com.almasb.fxgl.dev.DevService]
17:24:27.564 [FXGL Background Thread 3 ] DEBUG Engine               - fontGame: Abel-Regular.ttf
17:24:27.564 [FXGL Background Thread 3 ] DEBUG Engine               - fontMono: TerminalLandMono-Regular.otf
17:24:27.565 [FXGL Background Thread 3 ] DEBUG Engine               - fontText: Courier-Prime.ttf
17:24:27.565 [FXGL Background Thread 3 ] DEBUG Engine               - fontUI: VarelaRound-Regular.ttf
17:24:27.565 [FXGL Background Thread 3 ] DEBUG Engine               - fullScreen: BooleanProperty [value: false]
17:24:27.565 [FXGL Background Thread 3 ] DEBUG Engine               - gameDifficulty: MEDIUM
17:24:27.565 [FXGL Background Thread 3 ] DEBUG Engine               - gameDifficultyProperty: ObjectProperty [value: MEDIUM]
17:24:27.565 [FXGL Background Thread 3 ] DEBUG Engine               - globalMusicVolume: 0.5
17:24:27.565 [FXGL Background Thread 3 ] DEBUG Engine               - globalMusicVolumeProperty: DoubleProperty [value: 0.5]
17:24:27.565 [FXGL Background Thread 3 ] DEBUG Engine               - globalSoundVolume: 0.5
17:24:27.565 [FXGL Background Thread 3 ] DEBUG Engine               - globalSoundVolumeProperty: DoubleProperty [value: 0.5]
17:24:27.565 [FXGL Background Thread 3 ] DEBUG Engine               - height: 640
17:24:27.565 [FXGL Background Thread 3 ] DEBUG Engine               - is3D: false
17:24:27.565 [FXGL Background Thread 3 ] DEBUG Engine               - isAndroid: false
17:24:27.565 [FXGL Background Thread 3 ] DEBUG Engine               - isBrowser: false
17:24:27.565 [FXGL Background Thread 3 ] DEBUG Engine               - isClickFeedbackEnabled: false
17:24:27.565 [FXGL Background Thread 3 ] DEBUG Engine               - isCloseConfirmation: false
17:24:27.565 [FXGL Background Thread 3 ] DEBUG Engine               - isDesktop: true
17:24:27.565 [FXGL Background Thread 3 ] DEBUG Engine               - isDeveloperMenuEnabled: false
17:24:27.565 [FXGL Background Thread 3 ] DEBUG Engine               - isEmbedded: false
17:24:27.565 [FXGL Background Thread 3 ] DEBUG Engine               - isEntityPreloadEnabled: true
17:24:27.565 [FXGL Background Thread 3 ] DEBUG Engine               - isExperimentalTiledLargeMap: false
17:24:27.565 [FXGL Background Thread 3 ] DEBUG Engine               - isFileSystemWriteAllowed: true
17:24:27.565 [FXGL Background Thread 3 ] DEBUG Engine               - isFullScreenAllowed: false
17:24:27.565 [FXGL Background Thread 3 ] DEBUG Engine               - isFullScreenFromStart: false
17:24:27.566 [FXGL Background Thread 3 ] DEBUG Engine               - isGameMenuEnabled: true
17:24:27.566 [FXGL Background Thread 3 ] DEBUG Engine               - isIOS: false
17:24:27.566 [FXGL Background Thread 3 ] DEBUG Engine               - isIntroEnabled: false
17:24:27.566 [FXGL Background Thread 3 ] DEBUG Engine               - isLinux: false
17:24:27.566 [FXGL Background Thread 3 ] DEBUG Engine               - isMac: false
17:24:27.566 [FXGL Background Thread 3 ] DEBUG Engine               - isMainMenuEnabled: false
17:24:27.566 [FXGL Background Thread 3 ] DEBUG Engine               - isManualResizeEnabled: false
17:24:27.566 [FXGL Background Thread 3 ] DEBUG Engine               - isMobile: false
17:24:27.566 [FXGL Background Thread 3 ] DEBUG Engine               - isNative: false
17:24:27.566 [FXGL Background Thread 3 ] DEBUG Engine               - isPauseMusicWhenMinimized: true
17:24:27.566 [FXGL Background Thread 3 ] DEBUG Engine               - isPreserveResizeRatio: false
17:24:27.566 [FXGL Background Thread 3 ] DEBUG Engine               - isProfilingEnabled: false
17:24:27.566 [FXGL Background Thread 3 ] DEBUG Engine               - isScaleAffectedOnResize: true
17:24:27.566 [FXGL Background Thread 3 ] DEBUG Engine               - isSingleStep: false
17:24:27.566 [FXGL Background Thread 3 ] DEBUG Engine               - isUserProfileEnabled: false
17:24:27.566 [FXGL Background Thread 3 ] DEBUG Engine               - isWindows: true
17:24:27.566 [FXGL Background Thread 3 ] DEBUG Engine               - language: ObjectProperty [value: ENGLISH]
17:24:27.566 [FXGL Background Thread 3 ] DEBUG Engine               - menuKey: ESCAPE
17:24:27.566 [FXGL Background Thread 3 ] DEBUG Engine               - mouseSensitivity: 0.2
17:24:27.566 [FXGL Background Thread 3 ] DEBUG Engine               - notificationViewClass: class com.almasb.fxgl.notification.view.XboxNotificationView
17:24:27.566 [FXGL Background Thread 3 ] DEBUG Engine               - pixelsPerMeter: 50.0
17:24:27.566 [FXGL Background Thread 3 ] DEBUG Engine               - platform: WINDOWS
17:24:27.566 [FXGL Background Thread 3 ] DEBUG Engine               - prefHeightProperty: ReadOnlyDoubleProperty [value: 640.0]
17:24:27.566 [FXGL Background Thread 3 ] DEBUG Engine               - prefWidthProperty: ReadOnlyDoubleProperty [value: 960.0]
17:24:27.566 [FXGL Background Thread 3 ] DEBUG Engine               - profileDir: profiles/
17:24:27.567 [FXGL Background Thread 3 ] DEBUG Engine               - profileName: StringProperty [value: DEFAULT]
17:24:27.567 [FXGL Background Thread 3 ] DEBUG Engine               - randomSeed: -1
17:24:27.567 [FXGL Background Thread 3 ] DEBUG Engine               - runtimeInfo: RuntimeInfo(platform=WINDOWS, version=17.1, build=24.03.2022 17.34)
17:24:27.567 [FXGL Background Thread 3 ] DEBUG Engine               - saveFileExt: sav
17:24:27.567 [FXGL Background Thread 3 ] DEBUG Engine               - scaledHeightProp$fxgl: DoubleProperty [bound, value: 640.0]
17:24:27.567 [FXGL Background Thread 3 ] DEBUG Engine               - scaledWidthProp$fxgl: DoubleProperty [bound, value: 960.0]
17:24:27.567 [FXGL Background Thread 3 ] DEBUG Engine               - sceneFactory: com.almasb.fxgl.app.scene.SceneFactory@2f26a617
17:24:27.567 [FXGL Background Thread 3 ] DEBUG Engine               - secondsIn24h: 60
17:24:27.567 [FXGL Background Thread 3 ] DEBUG Engine               - soundMenuBack: menu/back.wav
17:24:27.567 [FXGL Background Thread 3 ] DEBUG Engine               - soundMenuPress: menu/press.wav
17:24:27.567 [FXGL Background Thread 3 ] DEBUG Engine               - soundMenuSelect: menu/select.wav
17:24:27.567 [FXGL Background Thread 3 ] DEBUG Engine               - soundNotification: core/notification.wav
17:24:27.567 [FXGL Background Thread 3 ] DEBUG Engine               - stageStyle: DECORATED
17:24:27.567 [FXGL Background Thread 3 ] DEBUG Engine               - supportedLanguages: [ENGLISH, FRENCH, GERMAN, HUNGARIAN, RUSSIAN]
17:24:27.567 [FXGL Background Thread 3 ] DEBUG Engine               - ticksPerSecond: -1
17:24:27.567 [FXGL Background Thread 3 ] DEBUG Engine               - title: Platformer Game
17:24:27.567 [FXGL Background Thread 3 ] DEBUG Engine               - urlGithub: https://github.com/AlmasB/FXGL
17:24:27.567 [FXGL Background Thread 3 ] DEBUG Engine               - urlLeaderboard: http://fxgl-top.herokuapp.com/
17:24:27.567 [FXGL Background Thread 3 ] DEBUG Engine               - urlPOM: https://raw.githubusercontent.com/AlmasB/FXGL/release/README.md
17:24:27.567 [FXGL Background Thread 3 ] DEBUG Engine               - userAppClass: class org.example.PlatformerGame
17:24:27.568 [FXGL Background Thread 3 ] DEBUG Engine               - version: 0.0
17:24:27.568 [FXGL Background Thread 3 ] DEBUG Engine               - versionCheckDays: 7
17:24:27.568 [FXGL Background Thread 3 ] DEBUG Engine               - width: 960
17:24:27.568 [FXGL Background Thread 3 ] DEBUG Engine               - Logging services
17:24:27.568 [FXGL Background Thread 3 ] DEBUG Engine               - class com.almasb.fxgl.app.services.FXGLAssetLoaderService
17:24:27.568 [FXGL Background Thread 3 ] DEBUG Engine               - class com.almasb.fxgl.app.FXGLApplication$GameApplicationService
17:24:27.568 [FXGL Background Thread 3 ] DEBUG Engine               - class com.almasb.fxgl.app.services.FXGLDialogService
17:24:27.568 [FXGL Background Thread 3 ] DEBUG Engine               - class com.almasb.fxgl.app.services.IOTaskExecutorService
17:24:27.568 [FXGL Background Thread 3 ] DEBUG Engine               - class com.almasb.fxgl.io.FileSystemService
17:24:27.568 [FXGL Background Thread 3 ] DEBUG Engine               - class com.almasb.fxgl.localization.LocalizationService
17:24:27.568 [FXGL Background Thread 3 ] DEBUG Engine               - class com.almasb.fxgl.app.services.SystemBundleService
17:24:27.568 [FXGL Background Thread 3 ] DEBUG Engine               - class com.almasb.fxgl.profile.SaveLoadService
17:24:27.568 [FXGL Background Thread 3 ] DEBUG Engine               - class com.almasb.fxgl.ui.FXGLUIFactoryServiceProvider
17:24:27.568 [FXGL Background Thread 3 ] DEBUG Engine               - class com.almasb.fxgl.ui.FXGLDialogFactoryServiceProvider
17:24:27.568 [FXGL Background Thread 3 ] DEBUG Engine               - class com.almasb.fxgl.audio.AudioPlayer
17:24:27.568 [FXGL Background Thread 3 ] DEBUG Engine               - class com.almasb.fxgl.notification.impl.NotificationServiceProvider
17:24:27.568 [FXGL Background Thread 3 ] DEBUG Engine               - class com.almasb.fxgl.achievement.AchievementService
17:24:27.568 [FXGL Background Thread 3 ] DEBUG Engine               - class com.almasb.fxgl.cutscene.CutsceneService
17:24:27.568 [FXGL Background Thread 3 ] DEBUG Engine               - class com.almasb.fxgl.minigames.MiniGameService
17:24:27.568 [FXGL Background Thread 3 ] DEBUG Engine               - class com.almasb.fxgl.net.NetService
17:24:27.568 [FXGL Background Thread 3 ] DEBUG Engine               - class com.almasb.fxgl.app.services.UpdaterService
17:24:27.568 [FXGL Background Thread 3 ] DEBUG Engine               - class com.almasb.fxgl.dev.DevService
17:25:51.252 [JavaFX Application Thread] DEBUG FXGLApplication      - Exiting FXGL
17:25:51.252 [JavaFX Application Thread] DEBUG Async                - Shutting down background threads
17:25:51.253 [JavaFX Application Thread] DEBUG PrimaryStageWindow   - Closing main window
17:25:51.258 [JavaFX Application Thread] DEBUG Logger               - Closing Logger
