18:14:36.926 [main                     ] DEBUG Logger               - Configured Logger
18:14:36.951 [main                     ] DEBUG GameApplication      - Logging settings
Title: Platformer Game
Version: 0.0
Width: 960
Height: 640
Fullscreen: false
Intro: false
Profiling: false
Single step:false
App Mode: DEVELOPER
Menu Key: ESCAPE
Stage Style: DECORATED
Scene Factory: class com.almasb.fxgl.app.scene.SceneFactory

18:14:37.316 [JavaFX Application Thread] DEBUG FXGLApplication      - Initializing FXGL
18:14:37.321 [JavaFX Application Thread] INFO  Engine               - FXGL-17.1 (24.03.2022 17.34) on WINDOWS (J:19.0.2 FX:18)
18:14:37.321 [JavaFX Application Thread] DEBUG Engine               - JRE Vendor Name: Oracle Corporation
18:14:37.322 [JavaFX Application Thread] DEBUG Engine               - Running on OS: Windows 10 version 10.0
18:14:37.322 [JavaFX Application Thread] DEBUG Engine               - Architecture: amd64
18:14:37.322 [JavaFX Application Thread] INFO  Engine               - Source code and latest versions at: https://github.com/AlmasB/FXGL
18:14:37.322 [JavaFX Application Thread] INFO  Engine               -       Ask questions and discuss at: https://github.com/AlmasB/FXGL/discussions
18:14:37.322 [JavaFX Application Thread] INFO  Engine               -              Join the FXGL chat at: https://gitter.im/AlmasB/FXGL
18:14:37.438 [JavaFX Application Thread] DEBUG PrimaryStageWindow   - Creating a JavaFX scene
18:14:37.482 [JavaFX Application Thread] DEBUG PrimaryStageWindow   - Target settings size: 960.0 x 640.0
18:14:37.482 [JavaFX Application Thread] DEBUG PrimaryStageWindow   - Scaled scene size:    960.0 x 640.0
18:14:37.482 [JavaFX Application Thread] DEBUG PrimaryStageWindow   - Scaled ratio: (1.0, 1.0)
18:14:37.483 [JavaFX Application Thread] DEBUG PrimaryStageWindow   - Set initial scene to FXGLStartupScene
18:14:37.492 [JavaFX Application Thread] DEBUG PrimaryStageWindow   - Opening main window
18:14:37.575 [JavaFX Application Thread] DEBUG PrimaryStageWindow   - Window border size: (14.66668701171875, 37.33331298828125)
18:14:37.575 [JavaFX Application Thread] DEBUG PrimaryStageWindow   - Scaled size: 960.0 x 640.0
18:14:37.575 [JavaFX Application Thread] DEBUG PrimaryStageWindow   - Scaled ratio: (1.0, 1.0)
18:14:37.575 [JavaFX Application Thread] DEBUG PrimaryStageWindow   - Scene size: 960.0 x 640.0
18:14:37.576 [JavaFX Application Thread] DEBUG PrimaryStageWindow   - Stage size: 974.6666870117188 x 677.3333129882812
18:14:37.586 [FXGL Background Thread 1 ] DEBUG Engine               - Initializing environment variables
18:14:37.649 [FXGL Background Thread 1 ] DEBUG FXGLAssetLoaderServi - User app class for loading assets: class org.example.PlatformerGame
18:14:37.650 [FXGL Background Thread 1 ] DEBUG GameApplicationServi - Applying CSS: fxgl_dark.css
18:14:37.651 [FXGL Background Thread 1 ] DEBUG FXGLAssetLoaderServi - Loading from file system: jar:file:/C:/Users/Administrator/.m2/repository/com/github/almasb/fxgl/17.1/fxgl-17.1.jar!/fxglassets/ui/css/fxgl_dark.css
18:14:37.704 [FXGL Background Thread 1 ] DEBUG GameApplicationServi - Initializing application scenes
18:14:37.753 [FXGL Background Thread 1 ] DEBUG GameWorld            - Game world initialized
18:14:37.820 [FXGL Background Thread 1 ] DEBUG PhysicsWorld         - Physics world initialized: appHeight=640, physics.ppm=50.0
18:14:37.820 [FXGL Background Thread 1 ] DEBUG PhysicsWorld         - Using strategy: BRUTE_FORCE
18:14:37.825 [FXGL Background Thread 1 ] DEBUG GameScene            - Game scene initialized: 960x640
18:14:37.841 [FXGL Background Thread 1 ] DEBUG FXGL.DefaultMenu     - createMenuBodyGameMenu()
18:14:37.858 [FXGL Background Thread 1 ] DEBUG FXGL.DefaultMenu     - createOptionsMenu()
18:14:37.875 [FXGL Background Thread 1 ] DEBUG FXGLAssetLoaderServi - Loading from file system: jar:file:/C:/Users/Administrator/.m2/repository/com/github/almasb/fxgl/17.1/fxgl-17.1.jar!/fxglassets/textures/particles/smoke.png
18:14:37.976 [FXGL Background Thread 1 ] DEBUG FXGLAssetLoaderServi - Loading from file system: jar:file:/C:/Users/Administrator/.m2/repository/com/github/almasb/fxgl/17.1/fxgl-17.1.jar!/fxglassets/textures/particles/trace_horizontal.png
18:14:38.011 [FXGL Background Thread 1 ] DEBUG GameApplicationServi - Application scenes initialized
18:14:38.024 [FXGL Background Thread 1 ] DEBUG SystemBundleService  - Loading FXGL system data
18:14:38.029 [FXGL Background Thread 1 ] DEBUG FileSystemAccess     - Reading from: C:\PlatformerGame\system\fxgl.bundle
18:14:38.038 [FXGL Background Thread 1 ] DEBUG SystemBundleService  - Bundle FXGL: {}
18:14:38.038 [FXGL Background Thread 1 ] DEBUG UpdaterService       - Checking for updates
18:14:38.042 [FXGL Background Thread 4 ] DEBUG FXGLApplication      - Loading fonts
18:14:38.043 [FXGL Background Thread 4 ] DEBUG FXGLAssetLoaderServi - Loading from file system: jar:file:/C:/Users/Administrator/.m2/repository/com/github/almasb/fxgl/17.1/fxgl-17.1.jar!/fxglassets/ui/fonts/VarelaRound-Regular.ttf
18:14:38.043 [FXGL Background Thread 1 ] DEBUG FXGLApplication      - Loading default localization
18:14:38.044 [FXGL Background Thread 1 ] DEBUG FXGLAssetLoaderServi - Loading from file system: jar:file:/C:/Users/Administrator/.m2/repository/com/github/almasb/fxgl/17.1/fxgl-17.1.jar!/fxglassets/languages/english.lang
18:14:38.065 [FXGL Background Thread 1 ] INFO  FXGLApplication      - FXGL initialization took: 0.479 sec
18:14:38.066 [JavaFX Application Thread] DEBUG FXGLAssetLoaderServi - Loading from file system: jar:file:/C:/Users/Administrator/.m2/repository/com/github/almasb/fxgl/17.1/fxgl-17.1.jar!/fxglassets/textures/fxgl_icon.png
18:14:38.087 [JavaFX Application Thread] DEBUG FXGLAssetLoaderServi - Loading from file system: jar:file:/C:/Users/Administrator/.m2/repository/com/github/almasb/fxgl/17.1/fxgl-17.1.jar!/fxglassets/textures/fxgl_default_cursor.png
18:14:38.100 [JavaFX Application Thread] DEBUG Input                - Registered new binding: Screenshot - CTRL+8
18:14:38.101 [JavaFX Application Thread] DEBUG Input                - Registered new binding: System info dump - CTRL+9
18:14:38.101 [JavaFX Application Thread] DEBUG Input                - Registered new binding: Restart - CTRL+R
18:14:38.102 [JavaFX Application Thread] DEBUG Input                - Registered new binding: Toggle Debug Camera - CTRL+7
18:14:38.104 [JavaFX Application Thread] DEBUG LoopRunner           - Starting loop
18:14:38.104 [JavaFX Application Thread] DEBUG LoopRunner           - Initializing JavaFX AnimationTimerLoop
18:14:38.105 [JavaFX Application Thread] DEBUG GameApplicationServi - Starting new game
18:14:38.106 [JavaFX Application Thread] DEBUG Input                - Clearing active input actions
18:14:38.114 [FXGL Background Thread 4 ] DEBUG FXGLAssetLoaderServi - Loading from file system: jar:file:/C:/Users/Administrator/.m2/repository/com/github/almasb/fxgl/17.1/fxgl-17.1.jar!/fxglassets/ui/fonts/Abel-Regular.ttf
18:14:38.116 [JavaFX Application Thread] DEBUG GameApplicationServi - Removing overlay from FXGLStartupScene and adding to FXGLLoadingScene
18:14:38.116 [JavaFX Application Thread] DEBUG PrimaryStageWindow   - FXGLStartupScene -> FXGLLoadingScene
18:14:38.116 [JavaFX Application Thread] DEBUG GameApplicationServi - Clearing previous game
18:14:38.116 [JavaFX Application Thread] DEBUG GameScene            - Clearing game scene
18:14:38.117 [JavaFX Application Thread] DEBUG GameWorld            - Clearing game world
18:14:38.117 [JavaFX Application Thread] DEBUG PhysicsWorld         - Clearing physics world
18:14:38.118 [FXGL Background Thread 1 ] DEBUG FXGLApplication      - Initializing game
18:14:38.127 [FXGL Background Thread 4 ] DEBUG FXGLAssetLoaderServi - Loading from file system: jar:file:/C:/Users/Administrator/.m2/repository/com/github/almasb/fxgl/17.1/fxgl-17.1.jar!/fxglassets/ui/fonts/TerminalLandMono-Regular.otf
18:14:38.127 [FXGL Background Thread 1 ] WARN  FXGLAssetLoaderServi - Asset "/assets/levels/untitled.tmx" was not found!
18:14:38.140 [FXGL Background Thread 4 ] DEBUG FXGLAssetLoaderServi - Loading from file system: jar:file:/C:/Users/Administrator/.m2/repository/com/github/almasb/fxgl/17.1/fxgl-17.1.jar!/fxglassets/ui/fonts/Courier-Prime.ttf
18:14:38.171 [JavaFX Application Thread] DEBUG LoopRunner           - Stopping loop
18:14:38.173 [JavaFX Application Thread] FATAL FXGLApplication      - Uncaught Exception:
java.lang.RuntimeException: Initialization failed
	at com.almasb.fxgl.app.FXGLApplication$InitAppTask.failed(FXGLApplication.kt:343)
	at javafx.concurrent.Task.setState(Task.java:710)
	at javafx.concurrent.Task$TaskCallable.lambda$call$2(Task.java:1456)
	at com.sun.javafx.application.PlatformImpl.lambda$runLater$10(PlatformImpl.java:457)
	at java.base/java.security.AccessController.doPrivileged(AccessController.java:399)
	at com.sun.javafx.application.PlatformImpl.lambda$runLater$11(PlatformImpl.java:456)
	at com.sun.glass.ui.InvokeLaterDispatcher$Future.run(InvokeLaterDispatcher.java:96)
	at com.sun.glass.ui.win.WinApplication._runLoop(Native Method)
	at com.sun.glass.ui.win.WinApplication.lambda$runLoop$3(WinApplication.java:184)
	at java.base/java.lang.Thread.run(Thread.java:1589)
Caused by: java.lang.IllegalArgumentException: Loading level failed. Asset not found: untitled.tmx
	at com.almasb.fxgl.app.services.FXGLAssetLoaderService.loadLevel(FXGLAssetLoaderService.kt:443)
	at com.almasb.fxgl.dsl.FXGL$Companion.setLevelFromMap(FXGL.kt:634)
	at com.almasb.fxgl.dsl.FXGL.setLevelFromMap(FXGL.kt)
	at org.example.PlatformerGame.initGame(PlatformerGame.java:11)
	at com.almasb.fxgl.app.FXGLApplication$InitAppTask.initGame(FXGLApplication.kt:339)
	at com.almasb.fxgl.app.FXGLApplication$InitAppTask.call(FXGLApplication.kt:319)
	at com.almasb.fxgl.app.FXGLApplication$InitAppTask.call(FXGLApplication.kt:311)
	at javafx.concurrent.Task$TaskCallable.call(Task.java:1426)
	at java.base/java.util.concurrent.FutureTask.run(FutureTask.java:317)
	at java.base/java.util.concurrent.Executors$RunnableAdapter.call(Executors.java:577)
	at java.base/java.util.concurrent.FutureTask.run(FutureTask.java:317)
	at java.base/java.util.concurrent.ThreadPoolExecutor.runWorker(ThreadPoolExecutor.java:1144)
	at java.base/java.util.concurrent.ThreadPoolExecutor$Worker.run(ThreadPoolExecutor.java:642)
	... 1 more

18:14:38.173 [JavaFX Application Thread] FATAL FXGLApplication      - Application will now exit
18:14:38.212 [JavaFX Application Thread] DEBUG PrimaryStageWindow   - Push state: ErrorSubScene
18:14:38.212 [JavaFX Application Thread] DEBUG Input                - Clearing active input actions
18:14:38.219 [JavaFX Application Thread] DEBUG GameApplicationServi - Removing overlay from FXGLLoadingScene and adding to ErrorSubScene
18:14:38.220 [JavaFX Application Thread] DEBUG PrimaryStageWindow   - FXGLLoadingScene -> ErrorSubScene
18:14:38.220 [JavaFX Application Thread] DEBUG FXGLApplication      - Registering font factories with UI factory
18:14:38.493 [FXGL Background Thread 2 ] INFO  UpdaterService       - Your current version:  17.1
18:14:38.493 [FXGL Background Thread 2 ] INFO  UpdaterService       - Latest stable version: 17.3
18:14:39.125 [JavaFX Application Thread] DEBUG FXGLApplication      - Exiting FXGL
18:14:39.125 [JavaFX Application Thread] DEBUG Async                - Shutting down background threads
18:14:39.125 [JavaFX Application Thread] DEBUG PrimaryStageWindow   - Closing main window
18:14:39.134 [JavaFX Application Thread] DEBUG Logger               - Closing Logger
