20:29:29.908 [main                     ] DEBUG Logger               - Configured Logger
20:29:29.959 [main                     ] DEBUG GameApplication      - Logging settings
Title: Platformer Game
Version: 0.0
Width: 960
Height: 640
Fullscreen: false
Intro: false
Profiling: false
Single step:false
App Mode: DEVELOPER
Menu Key: ESCAPE
Stage Style: DECORATED
Scene Factory: class com.almasb.fxgl.app.scene.SceneFactory

20:29:30.602 [JavaFX Application Thread] DEBUG FXGLApplication      - Initializing FXGL
20:29:30.610 [JavaFX Application Thread] INFO  Engine               - FXGL-17.1 (24.03.2022 17.34) on WINDOWS (J:19.0.2 FX:18)
20:29:30.610 [JavaFX Application Thread] DEBUG Engine               - JRE Vendor Name: Oracle Corporation
20:29:30.610 [JavaFX Application Thread] DEBUG Engine               - Running on OS: Windows 11 version 10.0
20:29:30.611 [JavaFX Application Thread] DEBUG Engine               - Architecture: amd64
20:29:30.611 [JavaFX Application Thread] INFO  Engine               - Source code and latest versions at: https://github.com/AlmasB/FXGL
20:29:30.611 [JavaFX Application Thread] INFO  Engine               -       Ask questions and discuss at: https://github.com/AlmasB/FXGL/discussions
20:29:30.611 [JavaFX Application Thread] INFO  Engine               -              Join the FXGL chat at: https://gitter.im/AlmasB/FXGL
20:29:30.793 [JavaFX Application Thread] DEBUG PrimaryStageWindow   - Creating a JavaFX scene
20:29:30.881 [JavaFX Application Thread] DEBUG PrimaryStageWindow   - Target settings size: 960.0 x 640.0
20:29:30.882 [JavaFX Application Thread] DEBUG PrimaryStageWindow   - Scaled scene size:    960.0 x 640.0
20:29:30.882 [JavaFX Application Thread] DEBUG PrimaryStageWindow   - Scaled ratio: (1.0, 1.0)
20:29:30.885 [JavaFX Application Thread] DEBUG PrimaryStageWindow   - Set initial scene to FXGLStartupScene
20:29:30.901 [JavaFX Application Thread] DEBUG PrimaryStageWindow   - Opening main window
20:29:31.059 [JavaFX Application Thread] DEBUG PrimaryStageWindow   - Window border size: (14.66668701171875, 37.33331298828125)
20:29:31.059 [JavaFX Application Thread] DEBUG PrimaryStageWindow   - Scaled size: 960.0 x 640.0
20:29:31.060 [JavaFX Application Thread] DEBUG PrimaryStageWindow   - Scaled ratio: (1.0, 1.0)
20:29:31.060 [JavaFX Application Thread] DEBUG PrimaryStageWindow   - Scene size: 960.0 x 640.0
20:29:31.061 [JavaFX Application Thread] DEBUG PrimaryStageWindow   - Stage size: 974.6666870117188 x 677.3333129882812
20:29:31.079 [FXGL Background Thread 1 ] DEBUG Engine               - Initializing environment variables
20:29:31.196 [FXGL Background Thread 1 ] DEBUG FXGLAssetLoaderServi - User app class for loading assets: class org.example.PlatformerGame
20:29:31.196 [FXGL Background Thread 1 ] DEBUG GameApplicationServi - Applying CSS: fxgl_dark.css
20:29:31.198 [FXGL Background Thread 1 ] DEBUG FXGLAssetLoaderServi - Loading from file system: jar:file:/C:/Users/drkre/.m2/repository/com/github/almasb/fxgl/17.1/fxgl-17.1.jar!/fxglassets/ui/css/fxgl_dark.css
20:29:31.310 [FXGL Background Thread 1 ] DEBUG GameApplicationServi - Initializing application scenes
20:29:31.435 [FXGL Background Thread 1 ] DEBUG GameWorld            - Game world initialized
20:29:31.602 [FXGL Background Thread 1 ] DEBUG PhysicsWorld         - Physics world initialized: appHeight=640, physics.ppm=50.0
20:29:31.602 [FXGL Background Thread 1 ] DEBUG PhysicsWorld         - Using strategy: BRUTE_FORCE
20:29:31.615 [FXGL Background Thread 1 ] DEBUG GameScene            - Game scene initialized: 960x640
20:29:31.671 [FXGL Background Thread 1 ] DEBUG FXGL.DefaultMenu     - createMenuBodyGameMenu()
20:29:31.735 [FXGL Background Thread 1 ] DEBUG FXGL.DefaultMenu     - createOptionsMenu()
20:29:31.776 [FXGL Background Thread 1 ] DEBUG FXGLAssetLoaderServi - Loading from file system: jar:file:/C:/Users/drkre/.m2/repository/com/github/almasb/fxgl/17.1/fxgl-17.1.jar!/fxglassets/textures/particles/smoke.png
20:29:32.004 [FXGL Background Thread 1 ] DEBUG FXGLAssetLoaderServi - Loading from file system: jar:file:/C:/Users/drkre/.m2/repository/com/github/almasb/fxgl/17.1/fxgl-17.1.jar!/fxglassets/textures/particles/trace_horizontal.png
20:29:32.105 [FXGL Background Thread 1 ] DEBUG GameApplicationServi - Application scenes initialized
20:29:32.130 [FXGL Background Thread 1 ] DEBUG SystemBundleService  - Loading FXGL system data
20:29:32.136 [FXGL Background Thread 1 ] DEBUG FileSystemAccess     - Reading from: C:\Users\drkre\IdeaProjects\PlatformerGame1\system\fxgl.bundle
20:29:32.150 [FXGL Background Thread 1 ] DEBUG SystemBundleService  - Bundle FXGL: {}
20:29:32.151 [FXGL Background Thread 1 ] DEBUG UpdaterService       - Checking for updates
20:29:32.157 [FXGL Background Thread 4 ] DEBUG FXGLApplication      - Loading fonts
20:29:32.158 [FXGL Background Thread 4 ] DEBUG FXGLAssetLoaderServi - Loading from file system: jar:file:/C:/Users/drkre/.m2/repository/com/github/almasb/fxgl/17.1/fxgl-17.1.jar!/fxglassets/ui/fonts/VarelaRound-Regular.ttf
20:29:32.158 [FXGL Background Thread 1 ] DEBUG FXGLApplication      - Loading default localization
20:29:32.159 [FXGL Background Thread 1 ] DEBUG FXGLAssetLoaderServi - Loading from file system: jar:file:/C:/Users/drkre/.m2/repository/com/github/almasb/fxgl/17.1/fxgl-17.1.jar!/fxglassets/languages/english.lang
20:29:32.200 [FXGL Background Thread 1 ] INFO  FXGLApplication      - FXGL initialization took: 1.122 sec
20:29:32.203 [JavaFX Application Thread] DEBUG FXGLAssetLoaderServi - Loading from file system: jar:file:/C:/Users/drkre/.m2/repository/com/github/almasb/fxgl/17.1/fxgl-17.1.jar!/fxglassets/textures/fxgl_icon.png
20:29:32.247 [JavaFX Application Thread] DEBUG FXGLAssetLoaderServi - Loading from file system: jar:file:/C:/Users/drkre/.m2/repository/com/github/almasb/fxgl/17.1/fxgl-17.1.jar!/fxglassets/textures/fxgl_default_cursor.png
20:29:32.270 [FXGL Background Thread 4 ] DEBUG FXGLAssetLoaderServi - Loading from file system: jar:file:/C:/Users/drkre/.m2/repository/com/github/almasb/fxgl/17.1/fxgl-17.1.jar!/fxglassets/ui/fonts/Abel-Regular.ttf
20:29:32.275 [JavaFX Application Thread] DEBUG Input                - Registered new binding: Screenshot - CTRL+8
20:29:32.276 [JavaFX Application Thread] DEBUG Input                - Registered new binding: System info dump - CTRL+9
20:29:32.277 [JavaFX Application Thread] DEBUG Input                - Registered new binding: Restart - CTRL+R
20:29:32.280 [JavaFX Application Thread] DEBUG Input                - Registered new binding: Toggle Debug Camera - CTRL+7
20:29:32.290 [JavaFX Application Thread] DEBUG LoopRunner           - Starting loop
20:29:32.290 [JavaFX Application Thread] DEBUG LoopRunner           - Initializing JavaFX AnimationTimerLoop
20:29:32.295 [JavaFX Application Thread] DEBUG GameApplicationServi - Starting new game
20:29:32.296 [FXGL Background Thread 4 ] DEBUG FXGLAssetLoaderServi - Loading from file system: jar:file:/C:/Users/drkre/.m2/repository/com/github/almasb/fxgl/17.1/fxgl-17.1.jar!/fxglassets/ui/fonts/TerminalLandMono-Regular.otf
20:29:32.297 [JavaFX Application Thread] DEBUG Input                - Clearing active input actions
20:29:32.321 [FXGL Background Thread 4 ] DEBUG FXGLAssetLoaderServi - Loading from file system: jar:file:/C:/Users/drkre/.m2/repository/com/github/almasb/fxgl/17.1/fxgl-17.1.jar!/fxglassets/ui/fonts/Courier-Prime.ttf
20:29:32.332 [JavaFX Application Thread] DEBUG GameApplicationServi - Removing overlay from FXGLStartupScene and adding to FXGLLoadingScene
20:29:32.334 [JavaFX Application Thread] DEBUG PrimaryStageWindow   - FXGLStartupScene -> FXGLLoadingScene
20:29:32.334 [JavaFX Application Thread] DEBUG GameApplicationServi - Clearing previous game
20:29:32.334 [JavaFX Application Thread] DEBUG GameScene            - Clearing game scene
20:29:32.334 [JavaFX Application Thread] DEBUG GameWorld            - Clearing game world
20:29:32.334 [JavaFX Application Thread] DEBUG PhysicsWorld         - Clearing physics world
20:29:32.340 [FXGL Background Thread 1 ] DEBUG FXGLApplication      - Initializing game
20:29:32.491 [JavaFX Application Thread] DEBUG FXGLApplication      - Registering font factories with UI factory
20:29:32.493 [FXGL Background Thread 1 ] WARN  TMXLevelLoader       - TiledMap generated from 1.9.2. Supported version: 1.4.2. Some features may not be parsed fully.
20:29:32.524 [FXGL Background Thread 1 ] DEBUG TMXLevelLoader       - Parsed TiledMap: file:/C:/Users/drkre/IdeaProjects/PlatformerGame1/target/classes/assets/levels/level1_map.tmx
20:29:32.527 [FXGL Background Thread 1 ] DEBUG TMXLevelLoader       - Creating tile layer entities
20:29:32.533 [FXGL Background Thread 1 ] DEBUG TilesetLoader        - Loading view for layer background
20:29:32.536 [FXGL Background Thread 1 ] DEBUG TilesetLoader        - Created buffer with size 960.0x640.0
20:29:32.582 [FXGL Background Thread 1 ] DEBUG TilesetLoader        - Loading view for layer decor
20:29:32.585 [FXGL Background Thread 1 ] DEBUG TilesetLoader        - Created buffer with size 960.0x640.0
20:29:32.587 [FXGL Background Thread 1 ] DEBUG TMXLevelLoader       - Creating object layer entities
20:29:32.614 [FXGL Background Thread 1 ] WARN  TMXLevelLoader       - Parse error
java.lang.IllegalArgumentException: No EntityFactory has a method annotated @Spawns(coin)
	at com.almasb.fxgl.entity.GameWorld.create(GameWorld.kt:413)
	at com.almasb.fxgl.entity.level.tiled.TMXLevelLoader.createObjectLayerEntities(TMXLevelLoader.kt:154)
	at com.almasb.fxgl.entity.level.tiled.TMXLevelLoader.load(TMXLevelLoader.kt:60)
	at com.almasb.fxgl.app.services.FXGLAssetLoaderService.loadLevel(FXGLAssetLoaderService.kt:446)
	at com.almasb.fxgl.dsl.FXGL$Companion.setLevelFromMap(FXGL.kt:634)
	at com.almasb.fxgl.dsl.FXGL.setLevelFromMap(FXGL.kt)
	at org.example.PlatformerGame.initGame(PlatformerGame.java:18)
	at com.almasb.fxgl.app.FXGLApplication$InitAppTask.initGame(FXGLApplication.kt:339)
	at com.almasb.fxgl.app.FXGLApplication$InitAppTask.call(FXGLApplication.kt:319)
	at com.almasb.fxgl.app.FXGLApplication$InitAppTask.call(FXGLApplication.kt:311)
	at javafx.concurrent.Task$TaskCallable.call(Task.java:1426)
	at java.base/java.util.concurrent.FutureTask.run(FutureTask.java:317)
	at java.base/java.util.concurrent.Executors$RunnableAdapter.call(Executors.java:577)
	at java.base/java.util.concurrent.FutureTask.run(FutureTask.java:317)
	at java.base/java.util.concurrent.ThreadPoolExecutor.runWorker(ThreadPoolExecutor.java:1144)
	at java.base/java.util.concurrent.ThreadPoolExecutor$Worker.run(ThreadPoolExecutor.java:642)
	at java.base/java.lang.Thread.run(Thread.java:1589)

20:29:32.626 [JavaFX Application Thread] DEBUG LoopRunner           - Stopping loop
20:29:32.627 [JavaFX Application Thread] FATAL FXGLApplication      - Uncaught Exception:
java.lang.RuntimeException: Initialization failed
	at com.almasb.fxgl.app.FXGLApplication$InitAppTask.failed(FXGLApplication.kt:343)
	at javafx.concurrent.Task.setState(Task.java:710)
	at javafx.concurrent.Task$TaskCallable.lambda$call$2(Task.java:1456)
	at com.sun.javafx.application.PlatformImpl.lambda$runLater$10(PlatformImpl.java:457)
	at java.base/java.security.AccessController.doPrivileged(AccessController.java:399)
	at com.sun.javafx.application.PlatformImpl.lambda$runLater$11(PlatformImpl.java:456)
	at com.sun.glass.ui.InvokeLaterDispatcher$Future.run(InvokeLaterDispatcher.java:96)
	at com.sun.glass.ui.win.WinApplication._runLoop(Native Method)
	at com.sun.glass.ui.win.WinApplication.lambda$runLoop$3(WinApplication.java:184)
	at java.base/java.lang.Thread.run(Thread.java:1589)
Caused by: com.almasb.fxgl.entity.level.LevelLoadingException: No EntityFactory has a method annotated @Spawns(coin)
	at com.almasb.fxgl.entity.level.tiled.TMXLevelLoader.load(TMXLevelLoader.kt:78)
	at com.almasb.fxgl.app.services.FXGLAssetLoaderService.loadLevel(FXGLAssetLoaderService.kt:446)
	at com.almasb.fxgl.dsl.FXGL$Companion.setLevelFromMap(FXGL.kt:634)
	at com.almasb.fxgl.dsl.FXGL.setLevelFromMap(FXGL.kt)
	at org.example.PlatformerGame.initGame(PlatformerGame.java:18)
	at com.almasb.fxgl.app.FXGLApplication$InitAppTask.initGame(FXGLApplication.kt:339)
	at com.almasb.fxgl.app.FXGLApplication$InitAppTask.call(FXGLApplication.kt:319)
	at com.almasb.fxgl.app.FXGLApplication$InitAppTask.call(FXGLApplication.kt:311)
	at javafx.concurrent.Task$TaskCallable.call(Task.java:1426)
	at java.base/java.util.concurrent.FutureTask.run(FutureTask.java:317)
	at java.base/java.util.concurrent.Executors$RunnableAdapter.call(Executors.java:577)
	at java.base/java.util.concurrent.FutureTask.run(FutureTask.java:317)
	at java.base/java.util.concurrent.ThreadPoolExecutor.runWorker(ThreadPoolExecutor.java:1144)
	at java.base/java.util.concurrent.ThreadPoolExecutor$Worker.run(ThreadPoolExecutor.java:642)
	... 1 more
Caused by: java.lang.IllegalArgumentException: No EntityFactory has a method annotated @Spawns(coin)
	at com.almasb.fxgl.entity.GameWorld.create(GameWorld.kt:413)
	at com.almasb.fxgl.entity.level.tiled.TMXLevelLoader.createObjectLayerEntities(TMXLevelLoader.kt:154)
	at com.almasb.fxgl.entity.level.tiled.TMXLevelLoader.load(TMXLevelLoader.kt:60)
	... 14 more

20:29:32.628 [JavaFX Application Thread] FATAL FXGLApplication      - Application will now exit
20:29:32.673 [JavaFX Application Thread] DEBUG PrimaryStageWindow   - Push state: ErrorSubScene
20:29:32.673 [JavaFX Application Thread] DEBUG Input                - Clearing active input actions
20:29:32.685 [JavaFX Application Thread] DEBUG GameApplicationServi - Removing overlay from FXGLLoadingScene and adding to ErrorSubScene
20:29:32.687 [JavaFX Application Thread] DEBUG PrimaryStageWindow   - FXGLLoadingScene -> ErrorSubScene
20:29:33.109 [FXGL Background Thread 2 ] INFO  UpdaterService       - Your current version:  17.1
20:29:33.110 [FXGL Background Thread 2 ] INFO  UpdaterService       - Latest stable version: 17.3
20:29:35.155 [FXGL Background Thread 3 ] DEBUG Engine               - Logging environment variables
20:29:35.155 [FXGL Background Thread 3 ] DEBUG Engine               - achievements: []
20:29:35.155 [FXGL Background Thread 3 ] DEBUG Engine               - actualHeight: 640.0
20:29:35.155 [FXGL Background Thread 3 ] DEBUG Engine               - actualHeightProperty: ReadOnlyDoubleProperty [value: 640.0]
20:29:35.155 [FXGL Background Thread 3 ] DEBUG Engine               - actualWidth: 960.0
20:29:35.155 [FXGL Background Thread 3 ] DEBUG Engine               - actualWidthProperty: ReadOnlyDoubleProperty [value: 960.0]
20:29:35.155 [FXGL Background Thread 3 ] DEBUG Engine               - appIcon: fxgl_icon.png
20:29:35.156 [FXGL Background Thread 3 ] DEBUG Engine               - applicationMode: DEVELOPER
20:29:35.156 [FXGL Background Thread 3 ] DEBUG Engine               - cSSList: [fxgl_dark.css]
20:29:35.156 [FXGL Background Thread 3 ] DEBUG Engine               - collisionDetectionStrategy: BRUTE_FORCE
20:29:35.156 [FXGL Background Thread 3 ] DEBUG Engine               - configClass: Optional.empty
20:29:35.156 [FXGL Background Thread 3 ] DEBUG Engine               - credits: []
20:29:35.156 [FXGL Background Thread 3 ] DEBUG Engine               - defaultCursor: CursorInfo(imageName=fxgl_default_cursor.png, hotspotX=7.0, hotspotY=6.0)
20:29:35.156 [FXGL Background Thread 3 ] DEBUG Engine               - devBBoxColorProperty: ObjectProperty [value: 0xff0000ff]
20:29:35.156 [FXGL Background Thread 3 ] DEBUG Engine               - devEnableDebugCameraProperty: BooleanProperty [value: false]
20:29:35.156 [FXGL Background Thread 3 ] DEBUG Engine               - devSensorColorProperty: ObjectProperty [value: 0xffff00ff]
20:29:35.156 [FXGL Background Thread 3 ] DEBUG Engine               - devShowBBoxProperty: BooleanProperty [value: false]
20:29:35.156 [FXGL Background Thread 3 ] DEBUG Engine               - devShowPositionProperty: BooleanProperty [value: false]
20:29:35.156 [FXGL Background Thread 3 ] DEBUG Engine               - enabledMenuItems: []
20:29:35.156 [FXGL Background Thread 3 ] DEBUG Engine               - engineServices: [class com.almasb.fxgl.app.services.FXGLAssetLoaderService, class com.almasb.fxgl.app.FXGLApplication$GameApplicationService, class com.almasb.fxgl.app.services.FXGLDialogService, class com.almasb.fxgl.app.services.IOTaskExecutorService, class com.almasb.fxgl.io.FileSystemService, class com.almasb.fxgl.localization.LocalizationService, class com.almasb.fxgl.app.services.SystemBundleService, class com.almasb.fxgl.profile.SaveLoadService, class com.almasb.fxgl.ui.FXGLUIFactoryServiceProvider, class com.almasb.fxgl.ui.FXGLDialogFactoryServiceProvider, class com.almasb.fxgl.audio.AudioPlayer, class com.almasb.fxgl.notification.impl.NotificationServiceProvider, class com.almasb.fxgl.achievement.AchievementService, class com.almasb.fxgl.cutscene.CutsceneService, class com.almasb.fxgl.minigames.MiniGameService, class com.almasb.fxgl.net.NetService, class com.almasb.fxgl.app.services.UpdaterService, class com.almasb.fxgl.dev.DevService]
20:29:35.156 [FXGL Background Thread 3 ] DEBUG Engine               - fontGame: Abel-Regular.ttf
20:29:35.156 [FXGL Background Thread 3 ] DEBUG Engine               - fontMono: TerminalLandMono-Regular.otf
20:29:35.156 [FXGL Background Thread 3 ] DEBUG Engine               - fontText: Courier-Prime.ttf
20:29:35.156 [FXGL Background Thread 3 ] DEBUG Engine               - fontUI: VarelaRound-Regular.ttf
20:29:35.156 [FXGL Background Thread 3 ] DEBUG Engine               - fullScreen: BooleanProperty [value: false]
20:29:35.156 [FXGL Background Thread 3 ] DEBUG Engine               - gameDifficulty: MEDIUM
20:29:35.156 [FXGL Background Thread 3 ] DEBUG Engine               - gameDifficultyProperty: ObjectProperty [value: MEDIUM]
20:29:35.156 [FXGL Background Thread 3 ] DEBUG Engine               - globalMusicVolume: 0.5
20:29:35.158 [FXGL Background Thread 3 ] DEBUG Engine               - globalMusicVolumeProperty: DoubleProperty [value: 0.5]
20:29:35.158 [FXGL Background Thread 3 ] DEBUG Engine               - globalSoundVolume: 0.5
20:29:35.158 [FXGL Background Thread 3 ] DEBUG Engine               - globalSoundVolumeProperty: DoubleProperty [value: 0.5]
20:29:35.158 [FXGL Background Thread 3 ] DEBUG Engine               - height: 640
20:29:35.158 [FXGL Background Thread 3 ] DEBUG Engine               - is3D: false
20:29:35.158 [FXGL Background Thread 3 ] DEBUG Engine               - isAndroid: false
20:29:35.158 [FXGL Background Thread 3 ] DEBUG Engine               - isBrowser: false
20:29:35.158 [FXGL Background Thread 3 ] DEBUG Engine               - isClickFeedbackEnabled: false
20:29:35.158 [FXGL Background Thread 3 ] DEBUG Engine               - isCloseConfirmation: false
20:29:35.158 [FXGL Background Thread 3 ] DEBUG Engine               - isDesktop: true
20:29:35.158 [FXGL Background Thread 3 ] DEBUG Engine               - isDeveloperMenuEnabled: false
20:29:35.158 [FXGL Background Thread 3 ] DEBUG Engine               - isEmbedded: false
20:29:35.158 [FXGL Background Thread 3 ] DEBUG Engine               - isEntityPreloadEnabled: true
20:29:35.158 [FXGL Background Thread 3 ] DEBUG Engine               - isExperimentalTiledLargeMap: false
20:29:35.158 [FXGL Background Thread 3 ] DEBUG Engine               - isFileSystemWriteAllowed: true
20:29:35.158 [FXGL Background Thread 3 ] DEBUG Engine               - isFullScreenAllowed: false
20:29:35.158 [FXGL Background Thread 3 ] DEBUG Engine               - isFullScreenFromStart: false
20:29:35.158 [FXGL Background Thread 3 ] DEBUG Engine               - isGameMenuEnabled: true
20:29:35.158 [FXGL Background Thread 3 ] DEBUG Engine               - isIOS: false
20:29:35.158 [FXGL Background Thread 3 ] DEBUG Engine               - isIntroEnabled: false
20:29:35.158 [FXGL Background Thread 3 ] DEBUG Engine               - isLinux: false
20:29:35.158 [FXGL Background Thread 3 ] DEBUG Engine               - isMac: false
20:29:35.158 [FXGL Background Thread 3 ] DEBUG Engine               - isMainMenuEnabled: false
20:29:35.158 [FXGL Background Thread 3 ] DEBUG Engine               - isManualResizeEnabled: false
20:29:35.158 [FXGL Background Thread 3 ] DEBUG Engine               - isMobile: false
20:29:35.158 [FXGL Background Thread 3 ] DEBUG Engine               - isNative: false
20:29:35.158 [FXGL Background Thread 3 ] DEBUG Engine               - isPauseMusicWhenMinimized: true
20:29:35.159 [FXGL Background Thread 3 ] DEBUG Engine               - isPreserveResizeRatio: false
20:29:35.159 [FXGL Background Thread 3 ] DEBUG Engine               - isProfilingEnabled: false
20:29:35.159 [FXGL Background Thread 3 ] DEBUG Engine               - isScaleAffectedOnResize: true
20:29:35.159 [FXGL Background Thread 3 ] DEBUG Engine               - isSingleStep: false
20:29:35.159 [FXGL Background Thread 3 ] DEBUG Engine               - isUserProfileEnabled: false
20:29:35.159 [FXGL Background Thread 3 ] DEBUG Engine               - isWindows: true
20:29:35.159 [FXGL Background Thread 3 ] DEBUG Engine               - language: ObjectProperty [value: ENGLISH]
20:29:35.159 [FXGL Background Thread 3 ] DEBUG Engine               - menuKey: ESCAPE
20:29:35.159 [FXGL Background Thread 3 ] DEBUG Engine               - mouseSensitivity: 0.2
20:29:35.159 [FXGL Background Thread 3 ] DEBUG Engine               - notificationViewClass: class com.almasb.fxgl.notification.view.XboxNotificationView
20:29:35.159 [FXGL Background Thread 3 ] DEBUG Engine               - pixelsPerMeter: 50.0
20:29:35.159 [FXGL Background Thread 3 ] DEBUG Engine               - platform: WINDOWS
20:29:35.159 [FXGL Background Thread 3 ] DEBUG Engine               - prefHeightProperty: ReadOnlyDoubleProperty [value: 640.0]
20:29:35.159 [FXGL Background Thread 3 ] DEBUG Engine               - prefWidthProperty: ReadOnlyDoubleProperty [value: 960.0]
20:29:35.159 [FXGL Background Thread 3 ] DEBUG Engine               - profileDir: profiles/
20:29:35.159 [FXGL Background Thread 3 ] DEBUG Engine               - profileName: StringProperty [value: DEFAULT]
20:29:35.159 [FXGL Background Thread 3 ] DEBUG Engine               - randomSeed: -1
20:29:35.159 [FXGL Background Thread 3 ] DEBUG Engine               - runtimeInfo: RuntimeInfo(platform=WINDOWS, version=17.1, build=24.03.2022 17.34)
20:29:35.159 [FXGL Background Thread 3 ] DEBUG Engine               - saveFileExt: sav
20:29:35.160 [FXGL Background Thread 3 ] DEBUG Engine               - scaledHeightProp$fxgl: DoubleProperty [bound, value: 640.0]
20:29:35.160 [FXGL Background Thread 3 ] DEBUG Engine               - scaledWidthProp$fxgl: DoubleProperty [bound, value: 960.0]
20:29:35.160 [FXGL Background Thread 3 ] DEBUG Engine               - sceneFactory: com.almasb.fxgl.app.scene.SceneFactory@20bb0ac1
20:29:35.160 [FXGL Background Thread 3 ] DEBUG Engine               - secondsIn24h: 60
20:29:35.160 [FXGL Background Thread 3 ] DEBUG Engine               - soundMenuBack: menu/back.wav
20:29:35.160 [FXGL Background Thread 3 ] DEBUG Engine               - soundMenuPress: menu/press.wav
20:29:35.160 [FXGL Background Thread 3 ] DEBUG Engine               - soundMenuSelect: menu/select.wav
20:29:35.160 [FXGL Background Thread 3 ] DEBUG Engine               - soundNotification: core/notification.wav
20:29:35.160 [FXGL Background Thread 3 ] DEBUG Engine               - stageStyle: DECORATED
20:29:35.160 [FXGL Background Thread 3 ] DEBUG Engine               - supportedLanguages: [ENGLISH, FRENCH, GERMAN, HUNGARIAN, RUSSIAN]
20:29:35.160 [FXGL Background Thread 3 ] DEBUG Engine               - ticksPerSecond: -1
20:29:35.160 [FXGL Background Thread 3 ] DEBUG Engine               - title: Platformer Game
20:29:35.160 [FXGL Background Thread 3 ] DEBUG Engine               - urlGithub: https://github.com/AlmasB/FXGL
20:29:35.160 [FXGL Background Thread 3 ] DEBUG Engine               - urlLeaderboard: http://fxgl-top.herokuapp.com/
20:29:35.160 [FXGL Background Thread 3 ] DEBUG Engine               - urlPOM: https://raw.githubusercontent.com/AlmasB/FXGL/release/README.md
20:29:35.160 [FXGL Background Thread 3 ] DEBUG Engine               - userAppClass: class org.example.PlatformerGame
20:29:35.160 [FXGL Background Thread 3 ] DEBUG Engine               - version: 0.0
20:29:35.160 [FXGL Background Thread 3 ] DEBUG Engine               - versionCheckDays: 7
20:29:35.160 [FXGL Background Thread 3 ] DEBUG Engine               - width: 960
20:29:35.160 [FXGL Background Thread 3 ] DEBUG Engine               - Logging services
20:29:35.160 [FXGL Background Thread 3 ] DEBUG Engine               - class com.almasb.fxgl.app.services.FXGLAssetLoaderService
20:29:35.160 [FXGL Background Thread 3 ] DEBUG Engine               - class com.almasb.fxgl.app.FXGLApplication$GameApplicationService
20:29:35.160 [FXGL Background Thread 3 ] DEBUG Engine               - class com.almasb.fxgl.app.services.FXGLDialogService
20:29:35.160 [FXGL Background Thread 3 ] DEBUG Engine               - class com.almasb.fxgl.app.services.IOTaskExecutorService
20:29:35.160 [FXGL Background Thread 3 ] DEBUG Engine               - class com.almasb.fxgl.io.FileSystemService
20:29:35.160 [FXGL Background Thread 3 ] DEBUG Engine               - class com.almasb.fxgl.localization.LocalizationService
20:29:35.160 [FXGL Background Thread 3 ] DEBUG Engine               - class com.almasb.fxgl.app.services.SystemBundleService
20:29:35.160 [FXGL Background Thread 3 ] DEBUG Engine               - class com.almasb.fxgl.profile.SaveLoadService
20:29:35.160 [FXGL Background Thread 3 ] DEBUG Engine               - class com.almasb.fxgl.ui.FXGLUIFactoryServiceProvider
20:29:35.160 [FXGL Background Thread 3 ] DEBUG Engine               - class com.almasb.fxgl.ui.FXGLDialogFactoryServiceProvider
20:29:35.160 [FXGL Background Thread 3 ] DEBUG Engine               - class com.almasb.fxgl.audio.AudioPlayer
20:29:35.160 [FXGL Background Thread 3 ] DEBUG Engine               - class com.almasb.fxgl.notification.impl.NotificationServiceProvider
20:29:35.160 [FXGL Background Thread 3 ] DEBUG Engine               - class com.almasb.fxgl.achievement.AchievementService
20:29:35.160 [FXGL Background Thread 3 ] DEBUG Engine               - class com.almasb.fxgl.cutscene.CutsceneService
20:29:35.160 [FXGL Background Thread 3 ] DEBUG Engine               - class com.almasb.fxgl.minigames.MiniGameService
20:29:35.160 [FXGL Background Thread 3 ] DEBUG Engine               - class com.almasb.fxgl.net.NetService
20:29:35.160 [FXGL Background Thread 3 ] DEBUG Engine               - class com.almasb.fxgl.app.services.UpdaterService
20:29:35.160 [FXGL Background Thread 3 ] DEBUG Engine               - class com.almasb.fxgl.dev.DevService
20:29:38.759 [JavaFX Application Thread] DEBUG FXGLApplication      - Exiting FXGL
20:29:38.759 [JavaFX Application Thread] DEBUG Async                - Shutting down background threads
20:29:38.759 [JavaFX Application Thread] DEBUG PrimaryStageWindow   - Closing main window
20:29:38.790 [JavaFX Application Thread] DEBUG Logger               - Closing Logger
